#! /usr/bin/vvp
:ivl_version "10.1 (stable)";
:ivl_delay_selection "TYPICAL";
:vpi_time_precision - 9;
:vpi_module "system";
:vpi_module "vhdl_sys";
:vpi_module "v2005_math";
:vpi_module "va_math";
S_0x55f519b825b0 .scope module, "fase1_dp_TB" "fase1_dp_TB" 2 3;
 .timescale -9 -9;
v0x55f519be5980_0 .var "clk", 0 0;
S_0x55f519b82730 .scope module, "duv" "fase1_dp" 2 7, 3 3 0, S_0x55f519b825b0;
 .timescale -9 -9;
    .port_info 0 /INPUT 1 "clk"
L_0x55f519bf5b20 .functor AND 1, v0x55f519bdb6a0_0, v0x55f519bdc360_0, C4<1>, C4<1>;
v0x55f519be4470_0 .net "c_AluOp", 2 0, v0x55f519bdb520_0;  1 drivers
v0x55f519be4580_0 .net "c_AluOut", 2 0, v0x55f519bd9f40_0;  1 drivers
v0x55f519be4690_0 .net "c_AluSrc", 0 0, v0x55f519bdb600_0;  1 drivers
v0x55f519be4780_0 .net "c_And", 0 0, L_0x55f519bf5b20;  1 drivers
v0x55f519be4820_0 .net "c_Branch", 0 0, v0x55f519bdb6a0_0;  1 drivers
v0x55f519be4910_0 .net "c_CA", 4 0, v0x55f519be27c0_0;  1 drivers
v0x55f519be4a00_0 .net "c_CB", 31 0, v0x55f519be2e80_0;  1 drivers
v0x55f519be4af0_0 .net "c_CC", 31 0, v0x55f519be3520_0;  1 drivers
v0x55f519be4b90_0 .net "c_CD", 31 0, v0x55f519be3c40_0;  1 drivers
v0x55f519be4cc0_0 .net "c_InstOut", 31 0, v0x55f519be4240_0;  1 drivers
v0x55f519be4d80_0 .net "c_Instruc", 31 0, v0x55f519be1440_0;  1 drivers
v0x55f519be4e40_0 .net "c_MemRead", 0 0, v0x55f519bdb740_0;  1 drivers
v0x55f519be4ee0_0 .net "c_MemReg", 0 0, v0x55f519bdb800_0;  1 drivers
v0x55f519be4fd0_0 .net "c_MemWrite", 0 0, v0x55f519bdb910_0;  1 drivers
v0x55f519be50c0_0 .net "c_ReadData", 31 0, v0x55f519be20e0_0;  1 drivers
v0x55f519be51b0_0 .net "c_ReadData1", 31 0, v0x55f519bdaad0_0;  1 drivers
v0x55f519be52c0_0 .net "c_ReadData2", 31 0, v0x55f519bdabb0_0;  1 drivers
v0x55f519be5490_0 .net "c_RegDst", 0 0, v0x55f519bdbab0_0;  1 drivers
v0x55f519be5580_0 .net "c_RegWrite", 0 0, v0x55f519bdbb70_0;  1 drivers
v0x55f519be5670_0 .net "c_Result", 31 0, v0x55f519bdc180_0;  1 drivers
v0x55f519be5730_0 .net "c_Sum", 31 0, L_0x55f519bf5a80;  1 drivers
v0x55f519be5840_0 .net "c_ZeroFlag", 0 0, v0x55f519bdc360_0;  1 drivers
v0x55f519be58e0_0 .net "clk", 0 0, v0x55f519be5980_0;  1 drivers
L_0x55f519bf5b90 .part v0x55f519be1440_0, 16, 5;
L_0x55f519bf5c80 .part v0x55f519be1440_0, 11, 5;
L_0x55f519bf5d20 .part v0x55f519be1440_0, 26, 6;
L_0x55f519bf5e50 .part v0x55f519be1440_0, 21, 5;
L_0x55f519bf5ef0 .part v0x55f519be1440_0, 16, 5;
L_0x55f519bf5f90 .part v0x55f519be1440_0, 0, 6;
S_0x55f519b89840 .scope module, "Adder4" "ADD4" 3 49, 4 3 0, S_0x55f519b82730;
 .timescale -9 -9;
    .port_info 0 /INPUT 32 "E"
    .port_info 1 /OUTPUT 32 "Sum"
v0x55f519b89a10_0 .net "E", 31 0, v0x55f519be4240_0;  alias, 1 drivers
v0x55f519bd9ae0_0 .net "Sum", 31 0, L_0x55f519bf5a80;  alias, 1 drivers
L_0x7fd03adfb018 .functor BUFT 1, C4<00000000000000000000000000000100>, C4<0>, C4<0>, C4<0>;
v0x55f519bd9bc0_0 .net/2u *"_s0", 31 0, L_0x7fd03adfb018;  1 drivers
L_0x55f519bf5a80 .arith/sum 32, v0x55f519be4240_0, L_0x7fd03adfb018;
S_0x55f519bd9ce0 .scope module, "AluCon" "AluControl" 3 94, 5 3 0, S_0x55f519b82730;
 .timescale -9 -9;
    .port_info 0 /INPUT 3 "UC"
    .port_info 1 /INPUT 6 "Instruction"
    .port_info 2 /OUTPUT 3 "AluOut"
v0x55f519bd9f40_0 .var "AluOut", 2 0;
v0x55f519bda040_0 .net "Instruction", 5 0, L_0x55f519bf5f90;  1 drivers
v0x55f519bda120_0 .net "UC", 2 0, v0x55f519bdb520_0;  alias, 1 drivers
E_0x55f519b7f910 .event edge, v0x55f519bda120_0, v0x55f519bda040_0;
S_0x55f519bda260 .scope module, "Banco" "BancoRegistro" 3 78, 6 2 0, S_0x55f519b82730;
 .timescale -9 -9;
    .port_info 0 /INPUT 5 "ReadReg1"
    .port_info 1 /INPUT 5 "ReadReg2"
    .port_info 2 /INPUT 32 "WriteData"
    .port_info 3 /INPUT 5 "WriteRegister"
    .port_info 4 /INPUT 1 "enesc"
    .port_info 5 /OUTPUT 32 "ReadData1"
    .port_info 6 /OUTPUT 32 "ReadData2"
v0x55f519bda610 .array "BR", 31 0, 31 0;
v0x55f519bdaad0_0 .var "ReadData1", 31 0;
v0x55f519bdabb0_0 .var "ReadData2", 31 0;
v0x55f519bdac70_0 .net "ReadReg1", 4 0, L_0x55f519bf5e50;  1 drivers
v0x55f519bdad50_0 .net "ReadReg2", 4 0, L_0x55f519bf5ef0;  1 drivers
v0x55f519bdae80_0 .net "WriteData", 31 0, v0x55f519be3c40_0;  alias, 1 drivers
v0x55f519bdaf60_0 .net "WriteRegister", 4 0, v0x55f519be27c0_0;  alias, 1 drivers
v0x55f519bdb040_0 .net "enesc", 0 0, v0x55f519bdbb70_0;  alias, 1 drivers
E_0x55f519b6fbf0/0 .event edge, v0x55f519bdb040_0, v0x55f519bdae80_0, v0x55f519bdaf60_0, v0x55f519bdac70_0;
v0x55f519bda610_0 .array/port v0x55f519bda610, 0;
v0x55f519bda610_1 .array/port v0x55f519bda610, 1;
v0x55f519bda610_2 .array/port v0x55f519bda610, 2;
v0x55f519bda610_3 .array/port v0x55f519bda610, 3;
E_0x55f519b6fbf0/1 .event edge, v0x55f519bda610_0, v0x55f519bda610_1, v0x55f519bda610_2, v0x55f519bda610_3;
v0x55f519bda610_4 .array/port v0x55f519bda610, 4;
v0x55f519bda610_5 .array/port v0x55f519bda610, 5;
v0x55f519bda610_6 .array/port v0x55f519bda610, 6;
v0x55f519bda610_7 .array/port v0x55f519bda610, 7;
E_0x55f519b6fbf0/2 .event edge, v0x55f519bda610_4, v0x55f519bda610_5, v0x55f519bda610_6, v0x55f519bda610_7;
v0x55f519bda610_8 .array/port v0x55f519bda610, 8;
v0x55f519bda610_9 .array/port v0x55f519bda610, 9;
v0x55f519bda610_10 .array/port v0x55f519bda610, 10;
v0x55f519bda610_11 .array/port v0x55f519bda610, 11;
E_0x55f519b6fbf0/3 .event edge, v0x55f519bda610_8, v0x55f519bda610_9, v0x55f519bda610_10, v0x55f519bda610_11;
v0x55f519bda610_12 .array/port v0x55f519bda610, 12;
v0x55f519bda610_13 .array/port v0x55f519bda610, 13;
v0x55f519bda610_14 .array/port v0x55f519bda610, 14;
v0x55f519bda610_15 .array/port v0x55f519bda610, 15;
E_0x55f519b6fbf0/4 .event edge, v0x55f519bda610_12, v0x55f519bda610_13, v0x55f519bda610_14, v0x55f519bda610_15;
v0x55f519bda610_16 .array/port v0x55f519bda610, 16;
v0x55f519bda610_17 .array/port v0x55f519bda610, 17;
v0x55f519bda610_18 .array/port v0x55f519bda610, 18;
v0x55f519bda610_19 .array/port v0x55f519bda610, 19;
E_0x55f519b6fbf0/5 .event edge, v0x55f519bda610_16, v0x55f519bda610_17, v0x55f519bda610_18, v0x55f519bda610_19;
v0x55f519bda610_20 .array/port v0x55f519bda610, 20;
v0x55f519bda610_21 .array/port v0x55f519bda610, 21;
v0x55f519bda610_22 .array/port v0x55f519bda610, 22;
v0x55f519bda610_23 .array/port v0x55f519bda610, 23;
E_0x55f519b6fbf0/6 .event edge, v0x55f519bda610_20, v0x55f519bda610_21, v0x55f519bda610_22, v0x55f519bda610_23;
v0x55f519bda610_24 .array/port v0x55f519bda610, 24;
v0x55f519bda610_25 .array/port v0x55f519bda610, 25;
v0x55f519bda610_26 .array/port v0x55f519bda610, 26;
v0x55f519bda610_27 .array/port v0x55f519bda610, 27;
E_0x55f519b6fbf0/7 .event edge, v0x55f519bda610_24, v0x55f519bda610_25, v0x55f519bda610_26, v0x55f519bda610_27;
v0x55f519bda610_28 .array/port v0x55f519bda610, 28;
v0x55f519bda610_29 .array/port v0x55f519bda610, 29;
v0x55f519bda610_30 .array/port v0x55f519bda610, 30;
v0x55f519bda610_31 .array/port v0x55f519bda610, 31;
E_0x55f519b6fbf0/8 .event edge, v0x55f519bda610_28, v0x55f519bda610_29, v0x55f519bda610_30, v0x55f519bda610_31;
E_0x55f519b6fbf0/9 .event edge, v0x55f519bdad50_0;
E_0x55f519b6fbf0 .event/or E_0x55f519b6fbf0/0, E_0x55f519b6fbf0/1, E_0x55f519b6fbf0/2, E_0x55f519b6fbf0/3, E_0x55f519b6fbf0/4, E_0x55f519b6fbf0/5, E_0x55f519b6fbf0/6, E_0x55f519b6fbf0/7, E_0x55f519b6fbf0/8, E_0x55f519b6fbf0/9;
S_0x55f519bdb1e0 .scope module, "UC" "UnidadControl" 3 66, 7 3 0, S_0x55f519b82730;
 .timescale -9 -9;
    .port_info 0 /INPUT 6 "OpCode"
    .port_info 1 /OUTPUT 1 "RegDst"
    .port_info 2 /OUTPUT 1 "Branch"
    .port_info 3 /OUTPUT 1 "MemRead"
    .port_info 4 /OUTPUT 1 "MemReg"
    .port_info 5 /OUTPUT 1 "MemWrite"
    .port_info 6 /OUTPUT 1 "AluSrc"
    .port_info 7 /OUTPUT 1 "RegWrite"
    .port_info 8 /OUTPUT 3 "AluOp"
v0x55f519bdb520_0 .var "AluOp", 2 0;
v0x55f519bdb600_0 .var "AluSrc", 0 0;
v0x55f519bdb6a0_0 .var "Branch", 0 0;
v0x55f519bdb740_0 .var "MemRead", 0 0;
v0x55f519bdb800_0 .var "MemReg", 0 0;
v0x55f519bdb910_0 .var "MemWrite", 0 0;
v0x55f519bdb9d0_0 .net "OpCode", 5 0, L_0x55f519bf5d20;  1 drivers
v0x55f519bdbab0_0 .var "RegDst", 0 0;
v0x55f519bdbb70_0 .var "RegWrite", 0 0;
E_0x55f519b7ff90 .event edge, v0x55f519bdb9d0_0;
S_0x55f519bdbd10 .scope module, "alu" "Alu" 3 100, 8 3 0, S_0x55f519b82730;
 .timescale -9 -9;
    .port_info 0 /INPUT 32 "OP1"
    .port_info 1 /INPUT 32 "OP2"
    .port_info 2 /INPUT 3 "Sel"
    .port_info 3 /OUTPUT 32 "Result"
    .port_info 4 /OUTPUT 1 "ZeroFlag"
v0x55f519bdbfb0_0 .net "OP1", 31 0, v0x55f519bdaad0_0;  alias, 1 drivers
v0x55f519bdc0c0_0 .net "OP2", 31 0, v0x55f519be2e80_0;  alias, 1 drivers
v0x55f519bdc180_0 .var "Result", 31 0;
v0x55f519bdc270_0 .net "Sel", 2 0, v0x55f519bd9f40_0;  alias, 1 drivers
v0x55f519bdc360_0 .var "ZeroFlag", 0 0;
E_0x55f519bbda50 .event edge, v0x55f519bd9f40_0, v0x55f519bdaad0_0, v0x55f519bdc0c0_0, v0x55f519bdc180_0;
S_0x55f519bdc4f0 .scope module, "meminst" "MemInstruct" 3 54, 9 3 0, S_0x55f519b82730;
 .timescale -9 -9;
    .port_info 0 /INPUT 32 "adr"
    .port_info 1 /OUTPUT 32 "instruc"
v0x55f519bdd410 .array "Sram", 399 0, 7 0;
v0x55f519be1380_0 .net "adr", 31 0, v0x55f519be4240_0;  alias, 1 drivers
v0x55f519be1440_0 .var "instruc", 31 0;
v0x55f519bdd410_0 .array/port v0x55f519bdd410, 0;
v0x55f519bdd410_1 .array/port v0x55f519bdd410, 1;
v0x55f519bdd410_2 .array/port v0x55f519bdd410, 2;
E_0x55f519bdc720/0 .event edge, v0x55f519b89a10_0, v0x55f519bdd410_0, v0x55f519bdd410_1, v0x55f519bdd410_2;
v0x55f519bdd410_3 .array/port v0x55f519bdd410, 3;
v0x55f519bdd410_4 .array/port v0x55f519bdd410, 4;
v0x55f519bdd410_5 .array/port v0x55f519bdd410, 5;
v0x55f519bdd410_6 .array/port v0x55f519bdd410, 6;
E_0x55f519bdc720/1 .event edge, v0x55f519bdd410_3, v0x55f519bdd410_4, v0x55f519bdd410_5, v0x55f519bdd410_6;
v0x55f519bdd410_7 .array/port v0x55f519bdd410, 7;
v0x55f519bdd410_8 .array/port v0x55f519bdd410, 8;
v0x55f519bdd410_9 .array/port v0x55f519bdd410, 9;
v0x55f519bdd410_10 .array/port v0x55f519bdd410, 10;
E_0x55f519bdc720/2 .event edge, v0x55f519bdd410_7, v0x55f519bdd410_8, v0x55f519bdd410_9, v0x55f519bdd410_10;
v0x55f519bdd410_11 .array/port v0x55f519bdd410, 11;
v0x55f519bdd410_12 .array/port v0x55f519bdd410, 12;
v0x55f519bdd410_13 .array/port v0x55f519bdd410, 13;
v0x55f519bdd410_14 .array/port v0x55f519bdd410, 14;
E_0x55f519bdc720/3 .event edge, v0x55f519bdd410_11, v0x55f519bdd410_12, v0x55f519bdd410_13, v0x55f519bdd410_14;
v0x55f519bdd410_15 .array/port v0x55f519bdd410, 15;
v0x55f519bdd410_16 .array/port v0x55f519bdd410, 16;
v0x55f519bdd410_17 .array/port v0x55f519bdd410, 17;
v0x55f519bdd410_18 .array/port v0x55f519bdd410, 18;
E_0x55f519bdc720/4 .event edge, v0x55f519bdd410_15, v0x55f519bdd410_16, v0x55f519bdd410_17, v0x55f519bdd410_18;
v0x55f519bdd410_19 .array/port v0x55f519bdd410, 19;
v0x55f519bdd410_20 .array/port v0x55f519bdd410, 20;
v0x55f519bdd410_21 .array/port v0x55f519bdd410, 21;
v0x55f519bdd410_22 .array/port v0x55f519bdd410, 22;
E_0x55f519bdc720/5 .event edge, v0x55f519bdd410_19, v0x55f519bdd410_20, v0x55f519bdd410_21, v0x55f519bdd410_22;
v0x55f519bdd410_23 .array/port v0x55f519bdd410, 23;
v0x55f519bdd410_24 .array/port v0x55f519bdd410, 24;
v0x55f519bdd410_25 .array/port v0x55f519bdd410, 25;
v0x55f519bdd410_26 .array/port v0x55f519bdd410, 26;
E_0x55f519bdc720/6 .event edge, v0x55f519bdd410_23, v0x55f519bdd410_24, v0x55f519bdd410_25, v0x55f519bdd410_26;
v0x55f519bdd410_27 .array/port v0x55f519bdd410, 27;
v0x55f519bdd410_28 .array/port v0x55f519bdd410, 28;
v0x55f519bdd410_29 .array/port v0x55f519bdd410, 29;
v0x55f519bdd410_30 .array/port v0x55f519bdd410, 30;
E_0x55f519bdc720/7 .event edge, v0x55f519bdd410_27, v0x55f519bdd410_28, v0x55f519bdd410_29, v0x55f519bdd410_30;
v0x55f519bdd410_31 .array/port v0x55f519bdd410, 31;
v0x55f519bdd410_32 .array/port v0x55f519bdd410, 32;
v0x55f519bdd410_33 .array/port v0x55f519bdd410, 33;
v0x55f519bdd410_34 .array/port v0x55f519bdd410, 34;
E_0x55f519bdc720/8 .event edge, v0x55f519bdd410_31, v0x55f519bdd410_32, v0x55f519bdd410_33, v0x55f519bdd410_34;
v0x55f519bdd410_35 .array/port v0x55f519bdd410, 35;
v0x55f519bdd410_36 .array/port v0x55f519bdd410, 36;
v0x55f519bdd410_37 .array/port v0x55f519bdd410, 37;
v0x55f519bdd410_38 .array/port v0x55f519bdd410, 38;
E_0x55f519bdc720/9 .event edge, v0x55f519bdd410_35, v0x55f519bdd410_36, v0x55f519bdd410_37, v0x55f519bdd410_38;
v0x55f519bdd410_39 .array/port v0x55f519bdd410, 39;
v0x55f519bdd410_40 .array/port v0x55f519bdd410, 40;
v0x55f519bdd410_41 .array/port v0x55f519bdd410, 41;
v0x55f519bdd410_42 .array/port v0x55f519bdd410, 42;
E_0x55f519bdc720/10 .event edge, v0x55f519bdd410_39, v0x55f519bdd410_40, v0x55f519bdd410_41, v0x55f519bdd410_42;
v0x55f519bdd410_43 .array/port v0x55f519bdd410, 43;
v0x55f519bdd410_44 .array/port v0x55f519bdd410, 44;
v0x55f519bdd410_45 .array/port v0x55f519bdd410, 45;
v0x55f519bdd410_46 .array/port v0x55f519bdd410, 46;
E_0x55f519bdc720/11 .event edge, v0x55f519bdd410_43, v0x55f519bdd410_44, v0x55f519bdd410_45, v0x55f519bdd410_46;
v0x55f519bdd410_47 .array/port v0x55f519bdd410, 47;
v0x55f519bdd410_48 .array/port v0x55f519bdd410, 48;
v0x55f519bdd410_49 .array/port v0x55f519bdd410, 49;
v0x55f519bdd410_50 .array/port v0x55f519bdd410, 50;
E_0x55f519bdc720/12 .event edge, v0x55f519bdd410_47, v0x55f519bdd410_48, v0x55f519bdd410_49, v0x55f519bdd410_50;
v0x55f519bdd410_51 .array/port v0x55f519bdd410, 51;
v0x55f519bdd410_52 .array/port v0x55f519bdd410, 52;
v0x55f519bdd410_53 .array/port v0x55f519bdd410, 53;
v0x55f519bdd410_54 .array/port v0x55f519bdd410, 54;
E_0x55f519bdc720/13 .event edge, v0x55f519bdd410_51, v0x55f519bdd410_52, v0x55f519bdd410_53, v0x55f519bdd410_54;
v0x55f519bdd410_55 .array/port v0x55f519bdd410, 55;
v0x55f519bdd410_56 .array/port v0x55f519bdd410, 56;
v0x55f519bdd410_57 .array/port v0x55f519bdd410, 57;
v0x55f519bdd410_58 .array/port v0x55f519bdd410, 58;
E_0x55f519bdc720/14 .event edge, v0x55f519bdd410_55, v0x55f519bdd410_56, v0x55f519bdd410_57, v0x55f519bdd410_58;
v0x55f519bdd410_59 .array/port v0x55f519bdd410, 59;
v0x55f519bdd410_60 .array/port v0x55f519bdd410, 60;
v0x55f519bdd410_61 .array/port v0x55f519bdd410, 61;
v0x55f519bdd410_62 .array/port v0x55f519bdd410, 62;
E_0x55f519bdc720/15 .event edge, v0x55f519bdd410_59, v0x55f519bdd410_60, v0x55f519bdd410_61, v0x55f519bdd410_62;
v0x55f519bdd410_63 .array/port v0x55f519bdd410, 63;
v0x55f519bdd410_64 .array/port v0x55f519bdd410, 64;
v0x55f519bdd410_65 .array/port v0x55f519bdd410, 65;
v0x55f519bdd410_66 .array/port v0x55f519bdd410, 66;
E_0x55f519bdc720/16 .event edge, v0x55f519bdd410_63, v0x55f519bdd410_64, v0x55f519bdd410_65, v0x55f519bdd410_66;
v0x55f519bdd410_67 .array/port v0x55f519bdd410, 67;
v0x55f519bdd410_68 .array/port v0x55f519bdd410, 68;
v0x55f519bdd410_69 .array/port v0x55f519bdd410, 69;
v0x55f519bdd410_70 .array/port v0x55f519bdd410, 70;
E_0x55f519bdc720/17 .event edge, v0x55f519bdd410_67, v0x55f519bdd410_68, v0x55f519bdd410_69, v0x55f519bdd410_70;
v0x55f519bdd410_71 .array/port v0x55f519bdd410, 71;
v0x55f519bdd410_72 .array/port v0x55f519bdd410, 72;
v0x55f519bdd410_73 .array/port v0x55f519bdd410, 73;
v0x55f519bdd410_74 .array/port v0x55f519bdd410, 74;
E_0x55f519bdc720/18 .event edge, v0x55f519bdd410_71, v0x55f519bdd410_72, v0x55f519bdd410_73, v0x55f519bdd410_74;
v0x55f519bdd410_75 .array/port v0x55f519bdd410, 75;
v0x55f519bdd410_76 .array/port v0x55f519bdd410, 76;
v0x55f519bdd410_77 .array/port v0x55f519bdd410, 77;
v0x55f519bdd410_78 .array/port v0x55f519bdd410, 78;
E_0x55f519bdc720/19 .event edge, v0x55f519bdd410_75, v0x55f519bdd410_76, v0x55f519bdd410_77, v0x55f519bdd410_78;
v0x55f519bdd410_79 .array/port v0x55f519bdd410, 79;
v0x55f519bdd410_80 .array/port v0x55f519bdd410, 80;
v0x55f519bdd410_81 .array/port v0x55f519bdd410, 81;
v0x55f519bdd410_82 .array/port v0x55f519bdd410, 82;
E_0x55f519bdc720/20 .event edge, v0x55f519bdd410_79, v0x55f519bdd410_80, v0x55f519bdd410_81, v0x55f519bdd410_82;
v0x55f519bdd410_83 .array/port v0x55f519bdd410, 83;
v0x55f519bdd410_84 .array/port v0x55f519bdd410, 84;
v0x55f519bdd410_85 .array/port v0x55f519bdd410, 85;
v0x55f519bdd410_86 .array/port v0x55f519bdd410, 86;
E_0x55f519bdc720/21 .event edge, v0x55f519bdd410_83, v0x55f519bdd410_84, v0x55f519bdd410_85, v0x55f519bdd410_86;
v0x55f519bdd410_87 .array/port v0x55f519bdd410, 87;
v0x55f519bdd410_88 .array/port v0x55f519bdd410, 88;
v0x55f519bdd410_89 .array/port v0x55f519bdd410, 89;
v0x55f519bdd410_90 .array/port v0x55f519bdd410, 90;
E_0x55f519bdc720/22 .event edge, v0x55f519bdd410_87, v0x55f519bdd410_88, v0x55f519bdd410_89, v0x55f519bdd410_90;
v0x55f519bdd410_91 .array/port v0x55f519bdd410, 91;
v0x55f519bdd410_92 .array/port v0x55f519bdd410, 92;
v0x55f519bdd410_93 .array/port v0x55f519bdd410, 93;
v0x55f519bdd410_94 .array/port v0x55f519bdd410, 94;
E_0x55f519bdc720/23 .event edge, v0x55f519bdd410_91, v0x55f519bdd410_92, v0x55f519bdd410_93, v0x55f519bdd410_94;
v0x55f519bdd410_95 .array/port v0x55f519bdd410, 95;
v0x55f519bdd410_96 .array/port v0x55f519bdd410, 96;
v0x55f519bdd410_97 .array/port v0x55f519bdd410, 97;
v0x55f519bdd410_98 .array/port v0x55f519bdd410, 98;
E_0x55f519bdc720/24 .event edge, v0x55f519bdd410_95, v0x55f519bdd410_96, v0x55f519bdd410_97, v0x55f519bdd410_98;
v0x55f519bdd410_99 .array/port v0x55f519bdd410, 99;
v0x55f519bdd410_100 .array/port v0x55f519bdd410, 100;
v0x55f519bdd410_101 .array/port v0x55f519bdd410, 101;
v0x55f519bdd410_102 .array/port v0x55f519bdd410, 102;
E_0x55f519bdc720/25 .event edge, v0x55f519bdd410_99, v0x55f519bdd410_100, v0x55f519bdd410_101, v0x55f519bdd410_102;
v0x55f519bdd410_103 .array/port v0x55f519bdd410, 103;
v0x55f519bdd410_104 .array/port v0x55f519bdd410, 104;
v0x55f519bdd410_105 .array/port v0x55f519bdd410, 105;
v0x55f519bdd410_106 .array/port v0x55f519bdd410, 106;
E_0x55f519bdc720/26 .event edge, v0x55f519bdd410_103, v0x55f519bdd410_104, v0x55f519bdd410_105, v0x55f519bdd410_106;
v0x55f519bdd410_107 .array/port v0x55f519bdd410, 107;
v0x55f519bdd410_108 .array/port v0x55f519bdd410, 108;
v0x55f519bdd410_109 .array/port v0x55f519bdd410, 109;
v0x55f519bdd410_110 .array/port v0x55f519bdd410, 110;
E_0x55f519bdc720/27 .event edge, v0x55f519bdd410_107, v0x55f519bdd410_108, v0x55f519bdd410_109, v0x55f519bdd410_110;
v0x55f519bdd410_111 .array/port v0x55f519bdd410, 111;
v0x55f519bdd410_112 .array/port v0x55f519bdd410, 112;
v0x55f519bdd410_113 .array/port v0x55f519bdd410, 113;
v0x55f519bdd410_114 .array/port v0x55f519bdd410, 114;
E_0x55f519bdc720/28 .event edge, v0x55f519bdd410_111, v0x55f519bdd410_112, v0x55f519bdd410_113, v0x55f519bdd410_114;
v0x55f519bdd410_115 .array/port v0x55f519bdd410, 115;
v0x55f519bdd410_116 .array/port v0x55f519bdd410, 116;
v0x55f519bdd410_117 .array/port v0x55f519bdd410, 117;
v0x55f519bdd410_118 .array/port v0x55f519bdd410, 118;
E_0x55f519bdc720/29 .event edge, v0x55f519bdd410_115, v0x55f519bdd410_116, v0x55f519bdd410_117, v0x55f519bdd410_118;
v0x55f519bdd410_119 .array/port v0x55f519bdd410, 119;
v0x55f519bdd410_120 .array/port v0x55f519bdd410, 120;
v0x55f519bdd410_121 .array/port v0x55f519bdd410, 121;
v0x55f519bdd410_122 .array/port v0x55f519bdd410, 122;
E_0x55f519bdc720/30 .event edge, v0x55f519bdd410_119, v0x55f519bdd410_120, v0x55f519bdd410_121, v0x55f519bdd410_122;
v0x55f519bdd410_123 .array/port v0x55f519bdd410, 123;
v0x55f519bdd410_124 .array/port v0x55f519bdd410, 124;
v0x55f519bdd410_125 .array/port v0x55f519bdd410, 125;
v0x55f519bdd410_126 .array/port v0x55f519bdd410, 126;
E_0x55f519bdc720/31 .event edge, v0x55f519bdd410_123, v0x55f519bdd410_124, v0x55f519bdd410_125, v0x55f519bdd410_126;
v0x55f519bdd410_127 .array/port v0x55f519bdd410, 127;
v0x55f519bdd410_128 .array/port v0x55f519bdd410, 128;
v0x55f519bdd410_129 .array/port v0x55f519bdd410, 129;
v0x55f519bdd410_130 .array/port v0x55f519bdd410, 130;
E_0x55f519bdc720/32 .event edge, v0x55f519bdd410_127, v0x55f519bdd410_128, v0x55f519bdd410_129, v0x55f519bdd410_130;
v0x55f519bdd410_131 .array/port v0x55f519bdd410, 131;
v0x55f519bdd410_132 .array/port v0x55f519bdd410, 132;
v0x55f519bdd410_133 .array/port v0x55f519bdd410, 133;
v0x55f519bdd410_134 .array/port v0x55f519bdd410, 134;
E_0x55f519bdc720/33 .event edge, v0x55f519bdd410_131, v0x55f519bdd410_132, v0x55f519bdd410_133, v0x55f519bdd410_134;
v0x55f519bdd410_135 .array/port v0x55f519bdd410, 135;
v0x55f519bdd410_136 .array/port v0x55f519bdd410, 136;
v0x55f519bdd410_137 .array/port v0x55f519bdd410, 137;
v0x55f519bdd410_138 .array/port v0x55f519bdd410, 138;
E_0x55f519bdc720/34 .event edge, v0x55f519bdd410_135, v0x55f519bdd410_136, v0x55f519bdd410_137, v0x55f519bdd410_138;
v0x55f519bdd410_139 .array/port v0x55f519bdd410, 139;
v0x55f519bdd410_140 .array/port v0x55f519bdd410, 140;
v0x55f519bdd410_141 .array/port v0x55f519bdd410, 141;
v0x55f519bdd410_142 .array/port v0x55f519bdd410, 142;
E_0x55f519bdc720/35 .event edge, v0x55f519bdd410_139, v0x55f519bdd410_140, v0x55f519bdd410_141, v0x55f519bdd410_142;
v0x55f519bdd410_143 .array/port v0x55f519bdd410, 143;
v0x55f519bdd410_144 .array/port v0x55f519bdd410, 144;
v0x55f519bdd410_145 .array/port v0x55f519bdd410, 145;
v0x55f519bdd410_146 .array/port v0x55f519bdd410, 146;
E_0x55f519bdc720/36 .event edge, v0x55f519bdd410_143, v0x55f519bdd410_144, v0x55f519bdd410_145, v0x55f519bdd410_146;
v0x55f519bdd410_147 .array/port v0x55f519bdd410, 147;
v0x55f519bdd410_148 .array/port v0x55f519bdd410, 148;
v0x55f519bdd410_149 .array/port v0x55f519bdd410, 149;
v0x55f519bdd410_150 .array/port v0x55f519bdd410, 150;
E_0x55f519bdc720/37 .event edge, v0x55f519bdd410_147, v0x55f519bdd410_148, v0x55f519bdd410_149, v0x55f519bdd410_150;
v0x55f519bdd410_151 .array/port v0x55f519bdd410, 151;
v0x55f519bdd410_152 .array/port v0x55f519bdd410, 152;
v0x55f519bdd410_153 .array/port v0x55f519bdd410, 153;
v0x55f519bdd410_154 .array/port v0x55f519bdd410, 154;
E_0x55f519bdc720/38 .event edge, v0x55f519bdd410_151, v0x55f519bdd410_152, v0x55f519bdd410_153, v0x55f519bdd410_154;
v0x55f519bdd410_155 .array/port v0x55f519bdd410, 155;
v0x55f519bdd410_156 .array/port v0x55f519bdd410, 156;
v0x55f519bdd410_157 .array/port v0x55f519bdd410, 157;
v0x55f519bdd410_158 .array/port v0x55f519bdd410, 158;
E_0x55f519bdc720/39 .event edge, v0x55f519bdd410_155, v0x55f519bdd410_156, v0x55f519bdd410_157, v0x55f519bdd410_158;
v0x55f519bdd410_159 .array/port v0x55f519bdd410, 159;
v0x55f519bdd410_160 .array/port v0x55f519bdd410, 160;
v0x55f519bdd410_161 .array/port v0x55f519bdd410, 161;
v0x55f519bdd410_162 .array/port v0x55f519bdd410, 162;
E_0x55f519bdc720/40 .event edge, v0x55f519bdd410_159, v0x55f519bdd410_160, v0x55f519bdd410_161, v0x55f519bdd410_162;
v0x55f519bdd410_163 .array/port v0x55f519bdd410, 163;
v0x55f519bdd410_164 .array/port v0x55f519bdd410, 164;
v0x55f519bdd410_165 .array/port v0x55f519bdd410, 165;
v0x55f519bdd410_166 .array/port v0x55f519bdd410, 166;
E_0x55f519bdc720/41 .event edge, v0x55f519bdd410_163, v0x55f519bdd410_164, v0x55f519bdd410_165, v0x55f519bdd410_166;
v0x55f519bdd410_167 .array/port v0x55f519bdd410, 167;
v0x55f519bdd410_168 .array/port v0x55f519bdd410, 168;
v0x55f519bdd410_169 .array/port v0x55f519bdd410, 169;
v0x55f519bdd410_170 .array/port v0x55f519bdd410, 170;
E_0x55f519bdc720/42 .event edge, v0x55f519bdd410_167, v0x55f519bdd410_168, v0x55f519bdd410_169, v0x55f519bdd410_170;
v0x55f519bdd410_171 .array/port v0x55f519bdd410, 171;
v0x55f519bdd410_172 .array/port v0x55f519bdd410, 172;
v0x55f519bdd410_173 .array/port v0x55f519bdd410, 173;
v0x55f519bdd410_174 .array/port v0x55f519bdd410, 174;
E_0x55f519bdc720/43 .event edge, v0x55f519bdd410_171, v0x55f519bdd410_172, v0x55f519bdd410_173, v0x55f519bdd410_174;
v0x55f519bdd410_175 .array/port v0x55f519bdd410, 175;
v0x55f519bdd410_176 .array/port v0x55f519bdd410, 176;
v0x55f519bdd410_177 .array/port v0x55f519bdd410, 177;
v0x55f519bdd410_178 .array/port v0x55f519bdd410, 178;
E_0x55f519bdc720/44 .event edge, v0x55f519bdd410_175, v0x55f519bdd410_176, v0x55f519bdd410_177, v0x55f519bdd410_178;
v0x55f519bdd410_179 .array/port v0x55f519bdd410, 179;
v0x55f519bdd410_180 .array/port v0x55f519bdd410, 180;
v0x55f519bdd410_181 .array/port v0x55f519bdd410, 181;
v0x55f519bdd410_182 .array/port v0x55f519bdd410, 182;
E_0x55f519bdc720/45 .event edge, v0x55f519bdd410_179, v0x55f519bdd410_180, v0x55f519bdd410_181, v0x55f519bdd410_182;
v0x55f519bdd410_183 .array/port v0x55f519bdd410, 183;
v0x55f519bdd410_184 .array/port v0x55f519bdd410, 184;
v0x55f519bdd410_185 .array/port v0x55f519bdd410, 185;
v0x55f519bdd410_186 .array/port v0x55f519bdd410, 186;
E_0x55f519bdc720/46 .event edge, v0x55f519bdd410_183, v0x55f519bdd410_184, v0x55f519bdd410_185, v0x55f519bdd410_186;
v0x55f519bdd410_187 .array/port v0x55f519bdd410, 187;
v0x55f519bdd410_188 .array/port v0x55f519bdd410, 188;
v0x55f519bdd410_189 .array/port v0x55f519bdd410, 189;
v0x55f519bdd410_190 .array/port v0x55f519bdd410, 190;
E_0x55f519bdc720/47 .event edge, v0x55f519bdd410_187, v0x55f519bdd410_188, v0x55f519bdd410_189, v0x55f519bdd410_190;
v0x55f519bdd410_191 .array/port v0x55f519bdd410, 191;
v0x55f519bdd410_192 .array/port v0x55f519bdd410, 192;
v0x55f519bdd410_193 .array/port v0x55f519bdd410, 193;
v0x55f519bdd410_194 .array/port v0x55f519bdd410, 194;
E_0x55f519bdc720/48 .event edge, v0x55f519bdd410_191, v0x55f519bdd410_192, v0x55f519bdd410_193, v0x55f519bdd410_194;
v0x55f519bdd410_195 .array/port v0x55f519bdd410, 195;
v0x55f519bdd410_196 .array/port v0x55f519bdd410, 196;
v0x55f519bdd410_197 .array/port v0x55f519bdd410, 197;
v0x55f519bdd410_198 .array/port v0x55f519bdd410, 198;
E_0x55f519bdc720/49 .event edge, v0x55f519bdd410_195, v0x55f519bdd410_196, v0x55f519bdd410_197, v0x55f519bdd410_198;
v0x55f519bdd410_199 .array/port v0x55f519bdd410, 199;
v0x55f519bdd410_200 .array/port v0x55f519bdd410, 200;
v0x55f519bdd410_201 .array/port v0x55f519bdd410, 201;
v0x55f519bdd410_202 .array/port v0x55f519bdd410, 202;
E_0x55f519bdc720/50 .event edge, v0x55f519bdd410_199, v0x55f519bdd410_200, v0x55f519bdd410_201, v0x55f519bdd410_202;
v0x55f519bdd410_203 .array/port v0x55f519bdd410, 203;
v0x55f519bdd410_204 .array/port v0x55f519bdd410, 204;
v0x55f519bdd410_205 .array/port v0x55f519bdd410, 205;
v0x55f519bdd410_206 .array/port v0x55f519bdd410, 206;
E_0x55f519bdc720/51 .event edge, v0x55f519bdd410_203, v0x55f519bdd410_204, v0x55f519bdd410_205, v0x55f519bdd410_206;
v0x55f519bdd410_207 .array/port v0x55f519bdd410, 207;
v0x55f519bdd410_208 .array/port v0x55f519bdd410, 208;
v0x55f519bdd410_209 .array/port v0x55f519bdd410, 209;
v0x55f519bdd410_210 .array/port v0x55f519bdd410, 210;
E_0x55f519bdc720/52 .event edge, v0x55f519bdd410_207, v0x55f519bdd410_208, v0x55f519bdd410_209, v0x55f519bdd410_210;
v0x55f519bdd410_211 .array/port v0x55f519bdd410, 211;
v0x55f519bdd410_212 .array/port v0x55f519bdd410, 212;
v0x55f519bdd410_213 .array/port v0x55f519bdd410, 213;
v0x55f519bdd410_214 .array/port v0x55f519bdd410, 214;
E_0x55f519bdc720/53 .event edge, v0x55f519bdd410_211, v0x55f519bdd410_212, v0x55f519bdd410_213, v0x55f519bdd410_214;
v0x55f519bdd410_215 .array/port v0x55f519bdd410, 215;
v0x55f519bdd410_216 .array/port v0x55f519bdd410, 216;
v0x55f519bdd410_217 .array/port v0x55f519bdd410, 217;
v0x55f519bdd410_218 .array/port v0x55f519bdd410, 218;
E_0x55f519bdc720/54 .event edge, v0x55f519bdd410_215, v0x55f519bdd410_216, v0x55f519bdd410_217, v0x55f519bdd410_218;
v0x55f519bdd410_219 .array/port v0x55f519bdd410, 219;
v0x55f519bdd410_220 .array/port v0x55f519bdd410, 220;
v0x55f519bdd410_221 .array/port v0x55f519bdd410, 221;
v0x55f519bdd410_222 .array/port v0x55f519bdd410, 222;
E_0x55f519bdc720/55 .event edge, v0x55f519bdd410_219, v0x55f519bdd410_220, v0x55f519bdd410_221, v0x55f519bdd410_222;
v0x55f519bdd410_223 .array/port v0x55f519bdd410, 223;
v0x55f519bdd410_224 .array/port v0x55f519bdd410, 224;
v0x55f519bdd410_225 .array/port v0x55f519bdd410, 225;
v0x55f519bdd410_226 .array/port v0x55f519bdd410, 226;
E_0x55f519bdc720/56 .event edge, v0x55f519bdd410_223, v0x55f519bdd410_224, v0x55f519bdd410_225, v0x55f519bdd410_226;
v0x55f519bdd410_227 .array/port v0x55f519bdd410, 227;
v0x55f519bdd410_228 .array/port v0x55f519bdd410, 228;
v0x55f519bdd410_229 .array/port v0x55f519bdd410, 229;
v0x55f519bdd410_230 .array/port v0x55f519bdd410, 230;
E_0x55f519bdc720/57 .event edge, v0x55f519bdd410_227, v0x55f519bdd410_228, v0x55f519bdd410_229, v0x55f519bdd410_230;
v0x55f519bdd410_231 .array/port v0x55f519bdd410, 231;
v0x55f519bdd410_232 .array/port v0x55f519bdd410, 232;
v0x55f519bdd410_233 .array/port v0x55f519bdd410, 233;
v0x55f519bdd410_234 .array/port v0x55f519bdd410, 234;
E_0x55f519bdc720/58 .event edge, v0x55f519bdd410_231, v0x55f519bdd410_232, v0x55f519bdd410_233, v0x55f519bdd410_234;
v0x55f519bdd410_235 .array/port v0x55f519bdd410, 235;
v0x55f519bdd410_236 .array/port v0x55f519bdd410, 236;
v0x55f519bdd410_237 .array/port v0x55f519bdd410, 237;
v0x55f519bdd410_238 .array/port v0x55f519bdd410, 238;
E_0x55f519bdc720/59 .event edge, v0x55f519bdd410_235, v0x55f519bdd410_236, v0x55f519bdd410_237, v0x55f519bdd410_238;
v0x55f519bdd410_239 .array/port v0x55f519bdd410, 239;
v0x55f519bdd410_240 .array/port v0x55f519bdd410, 240;
v0x55f519bdd410_241 .array/port v0x55f519bdd410, 241;
v0x55f519bdd410_242 .array/port v0x55f519bdd410, 242;
E_0x55f519bdc720/60 .event edge, v0x55f519bdd410_239, v0x55f519bdd410_240, v0x55f519bdd410_241, v0x55f519bdd410_242;
v0x55f519bdd410_243 .array/port v0x55f519bdd410, 243;
v0x55f519bdd410_244 .array/port v0x55f519bdd410, 244;
v0x55f519bdd410_245 .array/port v0x55f519bdd410, 245;
v0x55f519bdd410_246 .array/port v0x55f519bdd410, 246;
E_0x55f519bdc720/61 .event edge, v0x55f519bdd410_243, v0x55f519bdd410_244, v0x55f519bdd410_245, v0x55f519bdd410_246;
v0x55f519bdd410_247 .array/port v0x55f519bdd410, 247;
v0x55f519bdd410_248 .array/port v0x55f519bdd410, 248;
v0x55f519bdd410_249 .array/port v0x55f519bdd410, 249;
v0x55f519bdd410_250 .array/port v0x55f519bdd410, 250;
E_0x55f519bdc720/62 .event edge, v0x55f519bdd410_247, v0x55f519bdd410_248, v0x55f519bdd410_249, v0x55f519bdd410_250;
v0x55f519bdd410_251 .array/port v0x55f519bdd410, 251;
v0x55f519bdd410_252 .array/port v0x55f519bdd410, 252;
v0x55f519bdd410_253 .array/port v0x55f519bdd410, 253;
v0x55f519bdd410_254 .array/port v0x55f519bdd410, 254;
E_0x55f519bdc720/63 .event edge, v0x55f519bdd410_251, v0x55f519bdd410_252, v0x55f519bdd410_253, v0x55f519bdd410_254;
v0x55f519bdd410_255 .array/port v0x55f519bdd410, 255;
v0x55f519bdd410_256 .array/port v0x55f519bdd410, 256;
v0x55f519bdd410_257 .array/port v0x55f519bdd410, 257;
v0x55f519bdd410_258 .array/port v0x55f519bdd410, 258;
E_0x55f519bdc720/64 .event edge, v0x55f519bdd410_255, v0x55f519bdd410_256, v0x55f519bdd410_257, v0x55f519bdd410_258;
v0x55f519bdd410_259 .array/port v0x55f519bdd410, 259;
v0x55f519bdd410_260 .array/port v0x55f519bdd410, 260;
v0x55f519bdd410_261 .array/port v0x55f519bdd410, 261;
v0x55f519bdd410_262 .array/port v0x55f519bdd410, 262;
E_0x55f519bdc720/65 .event edge, v0x55f519bdd410_259, v0x55f519bdd410_260, v0x55f519bdd410_261, v0x55f519bdd410_262;
v0x55f519bdd410_263 .array/port v0x55f519bdd410, 263;
v0x55f519bdd410_264 .array/port v0x55f519bdd410, 264;
v0x55f519bdd410_265 .array/port v0x55f519bdd410, 265;
v0x55f519bdd410_266 .array/port v0x55f519bdd410, 266;
E_0x55f519bdc720/66 .event edge, v0x55f519bdd410_263, v0x55f519bdd410_264, v0x55f519bdd410_265, v0x55f519bdd410_266;
v0x55f519bdd410_267 .array/port v0x55f519bdd410, 267;
v0x55f519bdd410_268 .array/port v0x55f519bdd410, 268;
v0x55f519bdd410_269 .array/port v0x55f519bdd410, 269;
v0x55f519bdd410_270 .array/port v0x55f519bdd410, 270;
E_0x55f519bdc720/67 .event edge, v0x55f519bdd410_267, v0x55f519bdd410_268, v0x55f519bdd410_269, v0x55f519bdd410_270;
v0x55f519bdd410_271 .array/port v0x55f519bdd410, 271;
v0x55f519bdd410_272 .array/port v0x55f519bdd410, 272;
v0x55f519bdd410_273 .array/port v0x55f519bdd410, 273;
v0x55f519bdd410_274 .array/port v0x55f519bdd410, 274;
E_0x55f519bdc720/68 .event edge, v0x55f519bdd410_271, v0x55f519bdd410_272, v0x55f519bdd410_273, v0x55f519bdd410_274;
v0x55f519bdd410_275 .array/port v0x55f519bdd410, 275;
v0x55f519bdd410_276 .array/port v0x55f519bdd410, 276;
v0x55f519bdd410_277 .array/port v0x55f519bdd410, 277;
v0x55f519bdd410_278 .array/port v0x55f519bdd410, 278;
E_0x55f519bdc720/69 .event edge, v0x55f519bdd410_275, v0x55f519bdd410_276, v0x55f519bdd410_277, v0x55f519bdd410_278;
v0x55f519bdd410_279 .array/port v0x55f519bdd410, 279;
v0x55f519bdd410_280 .array/port v0x55f519bdd410, 280;
v0x55f519bdd410_281 .array/port v0x55f519bdd410, 281;
v0x55f519bdd410_282 .array/port v0x55f519bdd410, 282;
E_0x55f519bdc720/70 .event edge, v0x55f519bdd410_279, v0x55f519bdd410_280, v0x55f519bdd410_281, v0x55f519bdd410_282;
v0x55f519bdd410_283 .array/port v0x55f519bdd410, 283;
v0x55f519bdd410_284 .array/port v0x55f519bdd410, 284;
v0x55f519bdd410_285 .array/port v0x55f519bdd410, 285;
v0x55f519bdd410_286 .array/port v0x55f519bdd410, 286;
E_0x55f519bdc720/71 .event edge, v0x55f519bdd410_283, v0x55f519bdd410_284, v0x55f519bdd410_285, v0x55f519bdd410_286;
v0x55f519bdd410_287 .array/port v0x55f519bdd410, 287;
v0x55f519bdd410_288 .array/port v0x55f519bdd410, 288;
v0x55f519bdd410_289 .array/port v0x55f519bdd410, 289;
v0x55f519bdd410_290 .array/port v0x55f519bdd410, 290;
E_0x55f519bdc720/72 .event edge, v0x55f519bdd410_287, v0x55f519bdd410_288, v0x55f519bdd410_289, v0x55f519bdd410_290;
v0x55f519bdd410_291 .array/port v0x55f519bdd410, 291;
v0x55f519bdd410_292 .array/port v0x55f519bdd410, 292;
v0x55f519bdd410_293 .array/port v0x55f519bdd410, 293;
v0x55f519bdd410_294 .array/port v0x55f519bdd410, 294;
E_0x55f519bdc720/73 .event edge, v0x55f519bdd410_291, v0x55f519bdd410_292, v0x55f519bdd410_293, v0x55f519bdd410_294;
v0x55f519bdd410_295 .array/port v0x55f519bdd410, 295;
v0x55f519bdd410_296 .array/port v0x55f519bdd410, 296;
v0x55f519bdd410_297 .array/port v0x55f519bdd410, 297;
v0x55f519bdd410_298 .array/port v0x55f519bdd410, 298;
E_0x55f519bdc720/74 .event edge, v0x55f519bdd410_295, v0x55f519bdd410_296, v0x55f519bdd410_297, v0x55f519bdd410_298;
v0x55f519bdd410_299 .array/port v0x55f519bdd410, 299;
v0x55f519bdd410_300 .array/port v0x55f519bdd410, 300;
v0x55f519bdd410_301 .array/port v0x55f519bdd410, 301;
v0x55f519bdd410_302 .array/port v0x55f519bdd410, 302;
E_0x55f519bdc720/75 .event edge, v0x55f519bdd410_299, v0x55f519bdd410_300, v0x55f519bdd410_301, v0x55f519bdd410_302;
v0x55f519bdd410_303 .array/port v0x55f519bdd410, 303;
v0x55f519bdd410_304 .array/port v0x55f519bdd410, 304;
v0x55f519bdd410_305 .array/port v0x55f519bdd410, 305;
v0x55f519bdd410_306 .array/port v0x55f519bdd410, 306;
E_0x55f519bdc720/76 .event edge, v0x55f519bdd410_303, v0x55f519bdd410_304, v0x55f519bdd410_305, v0x55f519bdd410_306;
v0x55f519bdd410_307 .array/port v0x55f519bdd410, 307;
v0x55f519bdd410_308 .array/port v0x55f519bdd410, 308;
v0x55f519bdd410_309 .array/port v0x55f519bdd410, 309;
v0x55f519bdd410_310 .array/port v0x55f519bdd410, 310;
E_0x55f519bdc720/77 .event edge, v0x55f519bdd410_307, v0x55f519bdd410_308, v0x55f519bdd410_309, v0x55f519bdd410_310;
v0x55f519bdd410_311 .array/port v0x55f519bdd410, 311;
v0x55f519bdd410_312 .array/port v0x55f519bdd410, 312;
v0x55f519bdd410_313 .array/port v0x55f519bdd410, 313;
v0x55f519bdd410_314 .array/port v0x55f519bdd410, 314;
E_0x55f519bdc720/78 .event edge, v0x55f519bdd410_311, v0x55f519bdd410_312, v0x55f519bdd410_313, v0x55f519bdd410_314;
v0x55f519bdd410_315 .array/port v0x55f519bdd410, 315;
v0x55f519bdd410_316 .array/port v0x55f519bdd410, 316;
v0x55f519bdd410_317 .array/port v0x55f519bdd410, 317;
v0x55f519bdd410_318 .array/port v0x55f519bdd410, 318;
E_0x55f519bdc720/79 .event edge, v0x55f519bdd410_315, v0x55f519bdd410_316, v0x55f519bdd410_317, v0x55f519bdd410_318;
v0x55f519bdd410_319 .array/port v0x55f519bdd410, 319;
v0x55f519bdd410_320 .array/port v0x55f519bdd410, 320;
v0x55f519bdd410_321 .array/port v0x55f519bdd410, 321;
v0x55f519bdd410_322 .array/port v0x55f519bdd410, 322;
E_0x55f519bdc720/80 .event edge, v0x55f519bdd410_319, v0x55f519bdd410_320, v0x55f519bdd410_321, v0x55f519bdd410_322;
v0x55f519bdd410_323 .array/port v0x55f519bdd410, 323;
v0x55f519bdd410_324 .array/port v0x55f519bdd410, 324;
v0x55f519bdd410_325 .array/port v0x55f519bdd410, 325;
v0x55f519bdd410_326 .array/port v0x55f519bdd410, 326;
E_0x55f519bdc720/81 .event edge, v0x55f519bdd410_323, v0x55f519bdd410_324, v0x55f519bdd410_325, v0x55f519bdd410_326;
v0x55f519bdd410_327 .array/port v0x55f519bdd410, 327;
v0x55f519bdd410_328 .array/port v0x55f519bdd410, 328;
v0x55f519bdd410_329 .array/port v0x55f519bdd410, 329;
v0x55f519bdd410_330 .array/port v0x55f519bdd410, 330;
E_0x55f519bdc720/82 .event edge, v0x55f519bdd410_327, v0x55f519bdd410_328, v0x55f519bdd410_329, v0x55f519bdd410_330;
v0x55f519bdd410_331 .array/port v0x55f519bdd410, 331;
v0x55f519bdd410_332 .array/port v0x55f519bdd410, 332;
v0x55f519bdd410_333 .array/port v0x55f519bdd410, 333;
v0x55f519bdd410_334 .array/port v0x55f519bdd410, 334;
E_0x55f519bdc720/83 .event edge, v0x55f519bdd410_331, v0x55f519bdd410_332, v0x55f519bdd410_333, v0x55f519bdd410_334;
v0x55f519bdd410_335 .array/port v0x55f519bdd410, 335;
v0x55f519bdd410_336 .array/port v0x55f519bdd410, 336;
v0x55f519bdd410_337 .array/port v0x55f519bdd410, 337;
v0x55f519bdd410_338 .array/port v0x55f519bdd410, 338;
E_0x55f519bdc720/84 .event edge, v0x55f519bdd410_335, v0x55f519bdd410_336, v0x55f519bdd410_337, v0x55f519bdd410_338;
v0x55f519bdd410_339 .array/port v0x55f519bdd410, 339;
v0x55f519bdd410_340 .array/port v0x55f519bdd410, 340;
v0x55f519bdd410_341 .array/port v0x55f519bdd410, 341;
v0x55f519bdd410_342 .array/port v0x55f519bdd410, 342;
E_0x55f519bdc720/85 .event edge, v0x55f519bdd410_339, v0x55f519bdd410_340, v0x55f519bdd410_341, v0x55f519bdd410_342;
v0x55f519bdd410_343 .array/port v0x55f519bdd410, 343;
v0x55f519bdd410_344 .array/port v0x55f519bdd410, 344;
v0x55f519bdd410_345 .array/port v0x55f519bdd410, 345;
v0x55f519bdd410_346 .array/port v0x55f519bdd410, 346;
E_0x55f519bdc720/86 .event edge, v0x55f519bdd410_343, v0x55f519bdd410_344, v0x55f519bdd410_345, v0x55f519bdd410_346;
v0x55f519bdd410_347 .array/port v0x55f519bdd410, 347;
v0x55f519bdd410_348 .array/port v0x55f519bdd410, 348;
v0x55f519bdd410_349 .array/port v0x55f519bdd410, 349;
v0x55f519bdd410_350 .array/port v0x55f519bdd410, 350;
E_0x55f519bdc720/87 .event edge, v0x55f519bdd410_347, v0x55f519bdd410_348, v0x55f519bdd410_349, v0x55f519bdd410_350;
v0x55f519bdd410_351 .array/port v0x55f519bdd410, 351;
v0x55f519bdd410_352 .array/port v0x55f519bdd410, 352;
v0x55f519bdd410_353 .array/port v0x55f519bdd410, 353;
v0x55f519bdd410_354 .array/port v0x55f519bdd410, 354;
E_0x55f519bdc720/88 .event edge, v0x55f519bdd410_351, v0x55f519bdd410_352, v0x55f519bdd410_353, v0x55f519bdd410_354;
v0x55f519bdd410_355 .array/port v0x55f519bdd410, 355;
v0x55f519bdd410_356 .array/port v0x55f519bdd410, 356;
v0x55f519bdd410_357 .array/port v0x55f519bdd410, 357;
v0x55f519bdd410_358 .array/port v0x55f519bdd410, 358;
E_0x55f519bdc720/89 .event edge, v0x55f519bdd410_355, v0x55f519bdd410_356, v0x55f519bdd410_357, v0x55f519bdd410_358;
v0x55f519bdd410_359 .array/port v0x55f519bdd410, 359;
v0x55f519bdd410_360 .array/port v0x55f519bdd410, 360;
v0x55f519bdd410_361 .array/port v0x55f519bdd410, 361;
v0x55f519bdd410_362 .array/port v0x55f519bdd410, 362;
E_0x55f519bdc720/90 .event edge, v0x55f519bdd410_359, v0x55f519bdd410_360, v0x55f519bdd410_361, v0x55f519bdd410_362;
v0x55f519bdd410_363 .array/port v0x55f519bdd410, 363;
v0x55f519bdd410_364 .array/port v0x55f519bdd410, 364;
v0x55f519bdd410_365 .array/port v0x55f519bdd410, 365;
v0x55f519bdd410_366 .array/port v0x55f519bdd410, 366;
E_0x55f519bdc720/91 .event edge, v0x55f519bdd410_363, v0x55f519bdd410_364, v0x55f519bdd410_365, v0x55f519bdd410_366;
v0x55f519bdd410_367 .array/port v0x55f519bdd410, 367;
v0x55f519bdd410_368 .array/port v0x55f519bdd410, 368;
v0x55f519bdd410_369 .array/port v0x55f519bdd410, 369;
v0x55f519bdd410_370 .array/port v0x55f519bdd410, 370;
E_0x55f519bdc720/92 .event edge, v0x55f519bdd410_367, v0x55f519bdd410_368, v0x55f519bdd410_369, v0x55f519bdd410_370;
v0x55f519bdd410_371 .array/port v0x55f519bdd410, 371;
v0x55f519bdd410_372 .array/port v0x55f519bdd410, 372;
v0x55f519bdd410_373 .array/port v0x55f519bdd410, 373;
v0x55f519bdd410_374 .array/port v0x55f519bdd410, 374;
E_0x55f519bdc720/93 .event edge, v0x55f519bdd410_371, v0x55f519bdd410_372, v0x55f519bdd410_373, v0x55f519bdd410_374;
v0x55f519bdd410_375 .array/port v0x55f519bdd410, 375;
v0x55f519bdd410_376 .array/port v0x55f519bdd410, 376;
v0x55f519bdd410_377 .array/port v0x55f519bdd410, 377;
v0x55f519bdd410_378 .array/port v0x55f519bdd410, 378;
E_0x55f519bdc720/94 .event edge, v0x55f519bdd410_375, v0x55f519bdd410_376, v0x55f519bdd410_377, v0x55f519bdd410_378;
v0x55f519bdd410_379 .array/port v0x55f519bdd410, 379;
v0x55f519bdd410_380 .array/port v0x55f519bdd410, 380;
v0x55f519bdd410_381 .array/port v0x55f519bdd410, 381;
v0x55f519bdd410_382 .array/port v0x55f519bdd410, 382;
E_0x55f519bdc720/95 .event edge, v0x55f519bdd410_379, v0x55f519bdd410_380, v0x55f519bdd410_381, v0x55f519bdd410_382;
v0x55f519bdd410_383 .array/port v0x55f519bdd410, 383;
v0x55f519bdd410_384 .array/port v0x55f519bdd410, 384;
v0x55f519bdd410_385 .array/port v0x55f519bdd410, 385;
v0x55f519bdd410_386 .array/port v0x55f519bdd410, 386;
E_0x55f519bdc720/96 .event edge, v0x55f519bdd410_383, v0x55f519bdd410_384, v0x55f519bdd410_385, v0x55f519bdd410_386;
v0x55f519bdd410_387 .array/port v0x55f519bdd410, 387;
v0x55f519bdd410_388 .array/port v0x55f519bdd410, 388;
v0x55f519bdd410_389 .array/port v0x55f519bdd410, 389;
v0x55f519bdd410_390 .array/port v0x55f519bdd410, 390;
E_0x55f519bdc720/97 .event edge, v0x55f519bdd410_387, v0x55f519bdd410_388, v0x55f519bdd410_389, v0x55f519bdd410_390;
v0x55f519bdd410_391 .array/port v0x55f519bdd410, 391;
v0x55f519bdd410_392 .array/port v0x55f519bdd410, 392;
v0x55f519bdd410_393 .array/port v0x55f519bdd410, 393;
v0x55f519bdd410_394 .array/port v0x55f519bdd410, 394;
E_0x55f519bdc720/98 .event edge, v0x55f519bdd410_391, v0x55f519bdd410_392, v0x55f519bdd410_393, v0x55f519bdd410_394;
v0x55f519bdd410_395 .array/port v0x55f519bdd410, 395;
v0x55f519bdd410_396 .array/port v0x55f519bdd410, 396;
v0x55f519bdd410_397 .array/port v0x55f519bdd410, 397;
v0x55f519bdd410_398 .array/port v0x55f519bdd410, 398;
E_0x55f519bdc720/99 .event edge, v0x55f519bdd410_395, v0x55f519bdd410_396, v0x55f519bdd410_397, v0x55f519bdd410_398;
v0x55f519bdd410_399 .array/port v0x55f519bdd410, 399;
E_0x55f519bdc720/100 .event edge, v0x55f519bdd410_399;
E_0x55f519bdc720 .event/or E_0x55f519bdc720/0, E_0x55f519bdc720/1, E_0x55f519bdc720/2, E_0x55f519bdc720/3, E_0x55f519bdc720/4, E_0x55f519bdc720/5, E_0x55f519bdc720/6, E_0x55f519bdc720/7, E_0x55f519bdc720/8, E_0x55f519bdc720/9, E_0x55f519bdc720/10, E_0x55f519bdc720/11, E_0x55f519bdc720/12, E_0x55f519bdc720/13, E_0x55f519bdc720/14, E_0x55f519bdc720/15, E_0x55f519bdc720/16, E_0x55f519bdc720/17, E_0x55f519bdc720/18, E_0x55f519bdc720/19, E_0x55f519bdc720/20, E_0x55f519bdc720/21, E_0x55f519bdc720/22, E_0x55f519bdc720/23, E_0x55f519bdc720/24, E_0x55f519bdc720/25, E_0x55f519bdc720/26, E_0x55f519bdc720/27, E_0x55f519bdc720/28, E_0x55f519bdc720/29, E_0x55f519bdc720/30, E_0x55f519bdc720/31, E_0x55f519bdc720/32, E_0x55f519bdc720/33, E_0x55f519bdc720/34, E_0x55f519bdc720/35, E_0x55f519bdc720/36, E_0x55f519bdc720/37, E_0x55f519bdc720/38, E_0x55f519bdc720/39, E_0x55f519bdc720/40, E_0x55f519bdc720/41, E_0x55f519bdc720/42, E_0x55f519bdc720/43, E_0x55f519bdc720/44, E_0x55f519bdc720/45, E_0x55f519bdc720/46, E_0x55f519bdc720/47, E_0x55f519bdc720/48, E_0x55f519bdc720/49, E_0x55f519bdc720/50, E_0x55f519bdc720/51, E_0x55f519bdc720/52, E_0x55f519bdc720/53, E_0x55f519bdc720/54, E_0x55f519bdc720/55, E_0x55f519bdc720/56, E_0x55f519bdc720/57, E_0x55f519bdc720/58, E_0x55f519bdc720/59, E_0x55f519bdc720/60, E_0x55f519bdc720/61, E_0x55f519bdc720/62, E_0x55f519bdc720/63, E_0x55f519bdc720/64, E_0x55f519bdc720/65, E_0x55f519bdc720/66, E_0x55f519bdc720/67, E_0x55f519bdc720/68, E_0x55f519bdc720/69, E_0x55f519bdc720/70, E_0x55f519bdc720/71, E_0x55f519bdc720/72, E_0x55f519bdc720/73, E_0x55f519bdc720/74, E_0x55f519bdc720/75, E_0x55f519bdc720/76, E_0x55f519bdc720/77, E_0x55f519bdc720/78, E_0x55f519bdc720/79, E_0x55f519bdc720/80, E_0x55f519bdc720/81, E_0x55f519bdc720/82, E_0x55f519bdc720/83, E_0x55f519bdc720/84, E_0x55f519bdc720/85, E_0x55f519bdc720/86, E_0x55f519bdc720/87, E_0x55f519bdc720/88, E_0x55f519bdc720/89, E_0x55f519bdc720/90, E_0x55f519bdc720/91, E_0x55f519bdc720/92, E_0x55f519bdc720/93, E_0x55f519bdc720/94, E_0x55f519bdc720/95, E_0x55f519bdc720/96, E_0x55f519bdc720/97, E_0x55f519bdc720/98, E_0x55f519bdc720/99, E_0x55f519bdc720/100;
S_0x55f519be1570 .scope module, "memoria" "Memory" 3 116, 10 3 0, S_0x55f519b82730;
 .timescale -9 -9;
    .port_info 0 /INPUT 32 "Address"
    .port_info 1 /INPUT 32 "WriteData"
    .port_info 2 /INPUT 1 "MemWrite"
    .port_info 3 /INPUT 1 "MemRead"
    .port_info 4 /OUTPUT 32 "ReadData"
v0x55f519be1960_0 .net "Address", 31 0, v0x55f519bdc180_0;  alias, 1 drivers
v0x55f519be1a70 .array "Mem", 31 0, 31 0;
v0x55f519be1f10_0 .net "MemRead", 0 0, v0x55f519bdb740_0;  alias, 1 drivers
v0x55f519be2010_0 .net "MemWrite", 0 0, v0x55f519bdb910_0;  alias, 1 drivers
v0x55f519be20e0_0 .var "ReadData", 31 0;
v0x55f519be21d0_0 .net "WriteData", 31 0, v0x55f519bdabb0_0;  alias, 1 drivers
E_0x55f519be17f0/0 .event edge, v0x55f519bdb910_0, v0x55f519bdabb0_0, v0x55f519bdc180_0, v0x55f519bdb740_0;
v0x55f519be1a70_0 .array/port v0x55f519be1a70, 0;
v0x55f519be1a70_1 .array/port v0x55f519be1a70, 1;
v0x55f519be1a70_2 .array/port v0x55f519be1a70, 2;
v0x55f519be1a70_3 .array/port v0x55f519be1a70, 3;
E_0x55f519be17f0/1 .event edge, v0x55f519be1a70_0, v0x55f519be1a70_1, v0x55f519be1a70_2, v0x55f519be1a70_3;
v0x55f519be1a70_4 .array/port v0x55f519be1a70, 4;
v0x55f519be1a70_5 .array/port v0x55f519be1a70, 5;
v0x55f519be1a70_6 .array/port v0x55f519be1a70, 6;
v0x55f519be1a70_7 .array/port v0x55f519be1a70, 7;
E_0x55f519be17f0/2 .event edge, v0x55f519be1a70_4, v0x55f519be1a70_5, v0x55f519be1a70_6, v0x55f519be1a70_7;
v0x55f519be1a70_8 .array/port v0x55f519be1a70, 8;
v0x55f519be1a70_9 .array/port v0x55f519be1a70, 9;
v0x55f519be1a70_10 .array/port v0x55f519be1a70, 10;
v0x55f519be1a70_11 .array/port v0x55f519be1a70, 11;
E_0x55f519be17f0/3 .event edge, v0x55f519be1a70_8, v0x55f519be1a70_9, v0x55f519be1a70_10, v0x55f519be1a70_11;
v0x55f519be1a70_12 .array/port v0x55f519be1a70, 12;
v0x55f519be1a70_13 .array/port v0x55f519be1a70, 13;
v0x55f519be1a70_14 .array/port v0x55f519be1a70, 14;
v0x55f519be1a70_15 .array/port v0x55f519be1a70, 15;
E_0x55f519be17f0/4 .event edge, v0x55f519be1a70_12, v0x55f519be1a70_13, v0x55f519be1a70_14, v0x55f519be1a70_15;
v0x55f519be1a70_16 .array/port v0x55f519be1a70, 16;
v0x55f519be1a70_17 .array/port v0x55f519be1a70, 17;
v0x55f519be1a70_18 .array/port v0x55f519be1a70, 18;
v0x55f519be1a70_19 .array/port v0x55f519be1a70, 19;
E_0x55f519be17f0/5 .event edge, v0x55f519be1a70_16, v0x55f519be1a70_17, v0x55f519be1a70_18, v0x55f519be1a70_19;
v0x55f519be1a70_20 .array/port v0x55f519be1a70, 20;
v0x55f519be1a70_21 .array/port v0x55f519be1a70, 21;
v0x55f519be1a70_22 .array/port v0x55f519be1a70, 22;
v0x55f519be1a70_23 .array/port v0x55f519be1a70, 23;
E_0x55f519be17f0/6 .event edge, v0x55f519be1a70_20, v0x55f519be1a70_21, v0x55f519be1a70_22, v0x55f519be1a70_23;
v0x55f519be1a70_24 .array/port v0x55f519be1a70, 24;
v0x55f519be1a70_25 .array/port v0x55f519be1a70, 25;
v0x55f519be1a70_26 .array/port v0x55f519be1a70, 26;
v0x55f519be1a70_27 .array/port v0x55f519be1a70, 27;
E_0x55f519be17f0/7 .event edge, v0x55f519be1a70_24, v0x55f519be1a70_25, v0x55f519be1a70_26, v0x55f519be1a70_27;
v0x55f519be1a70_28 .array/port v0x55f519be1a70, 28;
v0x55f519be1a70_29 .array/port v0x55f519be1a70, 29;
v0x55f519be1a70_30 .array/port v0x55f519be1a70, 30;
v0x55f519be1a70_31 .array/port v0x55f519be1a70, 31;
E_0x55f519be17f0/8 .event edge, v0x55f519be1a70_28, v0x55f519be1a70_29, v0x55f519be1a70_30, v0x55f519be1a70_31;
E_0x55f519be17f0 .event/or E_0x55f519be17f0/0, E_0x55f519be17f0/1, E_0x55f519be17f0/2, E_0x55f519be17f0/3, E_0x55f519be17f0/4, E_0x55f519be17f0/5, E_0x55f519be17f0/6, E_0x55f519be17f0/7, E_0x55f519be17f0/8;
S_0x55f519be2320 .scope module, "mux1" "MuxA" 3 59, 11 3 0, S_0x55f519b82730;
 .timescale -9 -9;
    .port_info 0 /INPUT 5 "A"
    .port_info 1 /INPUT 5 "B"
    .port_info 2 /INOUT 1 "sel"
    .port_info 3 /OUTPUT 5 "C"
v0x55f519be25e0_0 .net "A", 4 0, L_0x55f519bf5b90;  1 drivers
v0x55f519be26e0_0 .net "B", 4 0, L_0x55f519bf5c80;  1 drivers
v0x55f519be27c0_0 .var "C", 4 0;
v0x55f519be28c0_0 .net "sel", 0 0, v0x55f519bdbab0_0;  alias, 1 drivers
E_0x55f519be2560 .event edge, v0x55f519bdbab0_0, v0x55f519be25e0_0, v0x55f519be26e0_0;
S_0x55f519be2a00 .scope module, "mux2" "MuxB" 3 88, 12 2 0, S_0x55f519b82730;
 .timescale -9 -9;
    .port_info 0 /INPUT 32 "A"
    .port_info 1 /INPUT 32 "B"
    .port_info 2 /INPUT 1 "sel"
    .port_info 3 /OUTPUT 32 "C"
v0x55f519be2cc0_0 .net "A", 31 0, v0x55f519bdabb0_0;  alias, 1 drivers
o0x7fd03ae4a318 .functor BUFZ 32, C4<zzzzzzzzzzzzzzzzzzzzzzzzzzzzzzzz>; HiZ drive
v0x55f519be2da0_0 .net "B", 31 0, o0x7fd03ae4a318;  0 drivers
v0x55f519be2e80_0 .var "C", 31 0;
v0x55f519be2f50_0 .net "sel", 0 0, v0x55f519bdb600_0;  alias, 1 drivers
E_0x55f519be2c40 .event edge, v0x55f519bdb600_0, v0x55f519bdabb0_0;
S_0x55f519be3090 .scope module, "mux3" "MuxC" 3 110, 13 3 0, S_0x55f519b82730;
 .timescale -9 -9;
    .port_info 0 /INPUT 32 "A"
    .port_info 1 /INPUT 32 "B"
    .port_info 2 /INPUT 1 "sel"
    .port_info 3 /OUTPUT 32 "C"
v0x55f519be3350_0 .net "A", 31 0, L_0x55f519bf5a80;  alias, 1 drivers
o0x7fd03ae4a408 .functor BUFZ 32, C4<zzzzzzzzzzzzzzzzzzzzzzzzzzzzzzzz>; HiZ drive
v0x55f519be3460_0 .net "B", 31 0, o0x7fd03ae4a408;  0 drivers
v0x55f519be3520_0 .var "C", 31 0;
v0x55f519be3610_0 .net "sel", 0 0, L_0x55f519bf5b20;  alias, 1 drivers
E_0x55f519be32d0 .event edge, v0x55f519be3610_0, v0x55f519bd9ae0_0;
S_0x55f519be3780 .scope module, "mux4" "MuxD" 3 124, 14 3 0, S_0x55f519b82730;
 .timescale -9 -9;
    .port_info 0 /INPUT 32 "A"
    .port_info 1 /INPUT 32 "B"
    .port_info 2 /INPUT 1 "sel"
    .port_info 3 /OUTPUT 32 "C"
v0x55f519be3a40_0 .net "A", 31 0, v0x55f519be20e0_0;  alias, 1 drivers
v0x55f519be3b50_0 .net "B", 31 0, v0x55f519bdc180_0;  alias, 1 drivers
v0x55f519be3c40_0 .var "C", 31 0;
v0x55f519be3d10_0 .net "sel", 0 0, v0x55f519bdb800_0;  alias, 1 drivers
E_0x55f519be39c0 .event edge, v0x55f519bdb800_0, v0x55f519be20e0_0, v0x55f519bdc180_0;
S_0x55f519be3e50 .scope module, "pc" "PC" 3 43, 15 3 0, S_0x55f519b82730;
 .timescale -9 -9;
    .port_info 0 /INPUT 1 "clk"
    .port_info 1 /INPUT 32 "InstIn"
    .port_info 2 /OUTPUT 32 "InstOut"
v0x55f519be4110_0 .net "InstIn", 31 0, v0x55f519be3c40_0;  alias, 1 drivers
v0x55f519be4240_0 .var "InstOut", 31 0;
v0x55f519be4350_0 .net "clk", 0 0, v0x55f519be5980_0;  alias, 1 drivers
E_0x55f519be4090 .event posedge, v0x55f519be4350_0;
    .scope S_0x55f519be3e50;
T_0 ;
    %wait E_0x55f519be4090;
    %load/vec4 v0x55f519be4110_0;
    %store/vec4 v0x55f519be4240_0, 0, 32;
    %jmp T_0;
    .thread T_0;
    .scope S_0x55f519be3e50;
T_1 ;
    %pushi/vec4 0, 0, 32;
    %store/vec4 v0x55f519be4240_0, 0, 32;
    %end;
    .thread T_1;
    .scope S_0x55f519bdc4f0;
T_2 ;
    %vpi_call 9 10 "$readmemb", "TestF1_MemInsts.mem", v0x55f519bdd410 {0 0 0};
    %end;
    .thread T_2;
    .scope S_0x55f519bdc4f0;
T_3 ;
    %wait E_0x55f519bdc720;
    %ix/getv 4, v0x55f519be1380_0;
    %load/vec4a v0x55f519bdd410, 4;
    %load/vec4 v0x55f519be1380_0;
    %pad/u 33;
    %addi 1, 0, 33;
    %ix/vec4 4;
    %load/vec4a v0x55f519bdd410, 4;
    %concat/vec4; draw_concat_vec4
    %load/vec4 v0x55f519be1380_0;
    %pad/u 33;
    %addi 2, 0, 33;
    %ix/vec4 4;
    %load/vec4a v0x55f519bdd410, 4;
    %concat/vec4; draw_concat_vec4
    %load/vec4 v0x55f519be1380_0;
    %pad/u 33;
    %addi 3, 0, 33;
    %ix/vec4 4;
    %load/vec4a v0x55f519bdd410, 4;
    %concat/vec4; draw_concat_vec4
    %store/vec4 v0x55f519be1440_0, 0, 32;
    %jmp T_3;
    .thread T_3, $push;
    .scope S_0x55f519be2320;
T_4 ;
    %wait E_0x55f519be2560;
    %load/vec4 v0x55f519be28c0_0;
    %dup/vec4;
    %pushi/vec4 0, 0, 1;
    %cmp/u;
    %jmp/1 T_4.0, 6;
    %dup/vec4;
    %pushi/vec4 1, 0, 1;
    %cmp/u;
    %jmp/1 T_4.1, 6;
    %jmp T_4.2;
T_4.0 ;
    %load/vec4 v0x55f519be25e0_0;
    %store/vec4 v0x55f519be27c0_0, 0, 5;
    %jmp T_4.2;
T_4.1 ;
    %load/vec4 v0x55f519be26e0_0;
    %store/vec4 v0x55f519be27c0_0, 0, 5;
    %jmp T_4.2;
T_4.2 ;
    %pop/vec4 1;
    %jmp T_4;
    .thread T_4, $push;
    .scope S_0x55f519bdb1e0;
T_5 ;
    %wait E_0x55f519b7ff90;
    %load/vec4 v0x55f519bdb9d0_0;
    %dup/vec4;
    %pushi/vec4 0, 0, 6;
    %cmp/u;
    %jmp/1 T_5.0, 6;
    %jmp T_5.1;
T_5.0 ;
    %pushi/vec4 1, 0, 1;
    %store/vec4 v0x55f519bdbab0_0, 0, 1;
    %pushi/vec4 0, 0, 1;
    %store/vec4 v0x55f519bdb6a0_0, 0, 1;
    %pushi/vec4 0, 0, 1;
    %store/vec4 v0x55f519bdb740_0, 0, 1;
    %pushi/vec4 0, 0, 1;
    %store/vec4 v0x55f519bdb800_0, 0, 1;
    %pushi/vec4 0, 0, 1;
    %store/vec4 v0x55f519bdb910_0, 0, 1;
    %pushi/vec4 0, 0, 1;
    %store/vec4 v0x55f519bdb600_0, 0, 1;
    %pushi/vec4 1, 0, 1;
    %store/vec4 v0x55f519bdbb70_0, 0, 1;
    %pushi/vec4 7, 0, 3;
    %store/vec4 v0x55f519bdb520_0, 0, 3;
    %jmp T_5.1;
T_5.1 ;
    %pop/vec4 1;
    %jmp T_5;
    .thread T_5, $push;
    .scope S_0x55f519bda260;
T_6 ;
    %vpi_call 6 14 "$readmemb", "TestF1_Breg.mem", v0x55f519bda610 {0 0 0};
    %end;
    .thread T_6;
    .scope S_0x55f519bda260;
T_7 ;
    %wait E_0x55f519b6fbf0;
    %load/vec4 v0x55f519bdb040_0;
    %pad/u 32;
    %cmpi/e 1, 0, 32;
    %jmp/0xz  T_7.0, 4;
    %load/vec4 v0x55f519bdae80_0;
    %load/vec4 v0x55f519bdaf60_0;
    %pad/u 7;
    %ix/vec4 4;
    %store/vec4a v0x55f519bda610, 4, 0;
T_7.0 ;
    %load/vec4 v0x55f519bdac70_0;
    %pad/u 7;
    %ix/vec4 4;
    %load/vec4a v0x55f519bda610, 4;
    %store/vec4 v0x55f519bdaad0_0, 0, 32;
    %load/vec4 v0x55f519bdad50_0;
    %pad/u 7;
    %ix/vec4 4;
    %load/vec4a v0x55f519bda610, 4;
    %store/vec4 v0x55f519bdabb0_0, 0, 32;
    %jmp T_7;
    .thread T_7, $push;
    .scope S_0x55f519be2a00;
T_8 ;
    %wait E_0x55f519be2c40;
    %load/vec4 v0x55f519be2f50_0;
    %dup/vec4;
    %pushi/vec4 0, 0, 1;
    %cmp/u;
    %jmp/1 T_8.0, 6;
    %dup/vec4;
    %pushi/vec4 1, 0, 1;
    %cmp/u;
    %jmp/1 T_8.1, 6;
    %jmp T_8.2;
T_8.0 ;
    %load/vec4 v0x55f519be2cc0_0;
    %store/vec4 v0x55f519be2e80_0, 0, 32;
    %jmp T_8.2;
T_8.1 ;
    %pushi/vec4 0, 0, 32;
    %store/vec4 v0x55f519be2e80_0, 0, 32;
    %jmp T_8.2;
T_8.2 ;
    %pop/vec4 1;
    %jmp T_8;
    .thread T_8, $push;
    .scope S_0x55f519bd9ce0;
T_9 ;
    %wait E_0x55f519b7f910;
    %load/vec4 v0x55f519bda120_0;
    %dup/vec4;
    %pushi/vec4 7, 0, 3;
    %cmp/u;
    %jmp/1 T_9.0, 6;
    %jmp T_9.1;
T_9.0 ;
    %load/vec4 v0x55f519bda040_0;
    %dup/vec4;
    %pushi/vec4 32, 0, 6;
    %cmp/u;
    %jmp/1 T_9.2, 6;
    %dup/vec4;
    %pushi/vec4 36, 0, 6;
    %cmp/u;
    %jmp/1 T_9.3, 6;
    %dup/vec4;
    %pushi/vec4 37, 0, 6;
    %cmp/u;
    %jmp/1 T_9.4, 6;
    %dup/vec4;
    %pushi/vec4 34, 0, 6;
    %cmp/u;
    %jmp/1 T_9.5, 6;
    %dup/vec4;
    %pushi/vec4 42, 0, 6;
    %cmp/u;
    %jmp/1 T_9.6, 6;
    %jmp T_9.7;
T_9.2 ;
    %pushi/vec4 0, 0, 3;
    %store/vec4 v0x55f519bd9f40_0, 0, 3;
    %jmp T_9.7;
T_9.3 ;
    %pushi/vec4 5, 0, 3;
    %store/vec4 v0x55f519bd9f40_0, 0, 3;
    %jmp T_9.7;
T_9.4 ;
    %pushi/vec4 6, 0, 3;
    %store/vec4 v0x55f519bd9f40_0, 0, 3;
    %jmp T_9.7;
T_9.5 ;
    %pushi/vec4 1, 0, 3;
    %store/vec4 v0x55f519bd9f40_0, 0, 3;
    %jmp T_9.7;
T_9.6 ;
    %pushi/vec4 2, 0, 3;
    %store/vec4 v0x55f519bd9f40_0, 0, 3;
    %jmp T_9.7;
T_9.7 ;
    %pop/vec4 1;
    %jmp T_9.1;
T_9.1 ;
    %pop/vec4 1;
    %jmp T_9;
    .thread T_9, $push;
    .scope S_0x55f519bdbd10;
T_10 ;
    %wait E_0x55f519bbda50;
    %load/vec4 v0x55f519bdc270_0;
    %dup/vec4;
    %pushi/vec4 0, 0, 3;
    %cmp/u;
    %jmp/1 T_10.0, 6;
    %dup/vec4;
    %pushi/vec4 1, 0, 3;
    %cmp/u;
    %jmp/1 T_10.1, 6;
    %dup/vec4;
    %pushi/vec4 3, 0, 3;
    %cmp/u;
    %jmp/1 T_10.2, 6;
    %dup/vec4;
    %pushi/vec4 4, 0, 3;
    %cmp/u;
    %jmp/1 T_10.3, 6;
    %dup/vec4;
    %pushi/vec4 5, 0, 3;
    %cmp/u;
    %jmp/1 T_10.4, 6;
    %dup/vec4;
    %pushi/vec4 6, 0, 3;
    %cmp/u;
    %jmp/1 T_10.5, 6;
    %dup/vec4;
    %pushi/vec4 7, 0, 3;
    %cmp/u;
    %jmp/1 T_10.6, 6;
    %dup/vec4;
    %pushi/vec4 2, 0, 3;
    %cmp/u;
    %jmp/1 T_10.7, 6;
    %jmp T_10.8;
T_10.0 ;
    %load/vec4 v0x55f519bdbfb0_0;
    %load/vec4 v0x55f519bdc0c0_0;
    %add;
    %store/vec4 v0x55f519bdc180_0, 0, 32;
    %jmp T_10.8;
T_10.1 ;
    %load/vec4 v0x55f519bdbfb0_0;
    %load/vec4 v0x55f519bdc0c0_0;
    %sub;
    %store/vec4 v0x55f519bdc180_0, 0, 32;
    %jmp T_10.8;
T_10.2 ;
    %load/vec4 v0x55f519bdbfb0_0;
    %load/vec4 v0x55f519bdc0c0_0;
    %mul;
    %store/vec4 v0x55f519bdc180_0, 0, 32;
    %jmp T_10.8;
T_10.3 ;
    %load/vec4 v0x55f519bdbfb0_0;
    %load/vec4 v0x55f519bdc0c0_0;
    %div;
    %store/vec4 v0x55f519bdc180_0, 0, 32;
    %jmp T_10.8;
T_10.4 ;
    %load/vec4 v0x55f519bdbfb0_0;
    %load/vec4 v0x55f519bdc0c0_0;
    %and;
    %store/vec4 v0x55f519bdc180_0, 0, 32;
    %jmp T_10.8;
T_10.5 ;
    %load/vec4 v0x55f519bdbfb0_0;
    %load/vec4 v0x55f519bdc0c0_0;
    %or;
    %store/vec4 v0x55f519bdc180_0, 0, 32;
    %jmp T_10.8;
T_10.6 ;
    %load/vec4 v0x55f519bdbfb0_0;
    %ix/load 4, 1, 0;
    %flag_set/imm 4, 0;
    %shiftl 4;
    %store/vec4 v0x55f519bdc180_0, 0, 32;
    %jmp T_10.8;
T_10.7 ;
    %load/vec4 v0x55f519bdbfb0_0;
    %load/vec4 v0x55f519bdc0c0_0;
    %cmp/u;
    %flag_mov 8, 5;
    %jmp/0 T_10.9, 8;
    %pushi/vec4 1, 0, 32;
    %jmp/1 T_10.10, 8;
T_10.9 ; End of true expr.
    %pushi/vec4 0, 0, 32;
    %jmp/0 T_10.10, 8;
 ; End of false expr.
    %blend;
T_10.10;
    %store/vec4 v0x55f519bdc180_0, 0, 32;
    %jmp T_10.8;
T_10.8 ;
    %pop/vec4 1;
    %load/vec4 v0x55f519bdc180_0;
    %nor/r;
    %flag_set/vec4 8;
    %jmp/0 T_10.11, 8;
    %pushi/vec4 0, 0, 2;
    %jmp/1 T_10.12, 8;
T_10.11 ; End of true expr.
    %pushi/vec4 1, 0, 2;
    %jmp/0 T_10.12, 8;
 ; End of false expr.
    %blend;
T_10.12;
    %pad/s 1;
    %assign/vec4 v0x55f519bdc360_0, 0;
    %jmp T_10;
    .thread T_10, $push;
    .scope S_0x55f519be3090;
T_11 ;
    %wait E_0x55f519be32d0;
    %load/vec4 v0x55f519be3610_0;
    %dup/vec4;
    %pushi/vec4 0, 0, 1;
    %cmp/u;
    %jmp/1 T_11.0, 6;
    %dup/vec4;
    %pushi/vec4 1, 0, 1;
    %cmp/u;
    %jmp/1 T_11.1, 6;
    %jmp T_11.2;
T_11.0 ;
    %load/vec4 v0x55f519be3350_0;
    %store/vec4 v0x55f519be3520_0, 0, 32;
    %jmp T_11.2;
T_11.1 ;
    %pushi/vec4 0, 0, 32;
    %store/vec4 v0x55f519be3520_0, 0, 32;
    %jmp T_11.2;
T_11.2 ;
    %pop/vec4 1;
    %jmp T_11;
    .thread T_11, $push;
    .scope S_0x55f519be1570;
T_12 ;
    %wait E_0x55f519be17f0;
    %load/vec4 v0x55f519be2010_0;
    %flag_set/vec4 8;
    %jmp/0xz  T_12.0, 8;
    %load/vec4 v0x55f519be21d0_0;
    %ix/getv 4, v0x55f519be1960_0;
    %store/vec4a v0x55f519be1a70, 4, 0;
    %jmp T_12.1;
T_12.0 ;
    %load/vec4 v0x55f519be1f10_0;
    %flag_set/vec4 8;
    %jmp/0xz  T_12.2, 8;
    %ix/getv 4, v0x55f519be1960_0;
    %load/vec4a v0x55f519be1a70, 4;
    %store/vec4 v0x55f519be20e0_0, 0, 32;
    %jmp T_12.3;
T_12.2 ;
    %pushi/vec4 4294967295, 4294967295, 32;
    %store/vec4 v0x55f519be20e0_0, 0, 32;
T_12.3 ;
T_12.1 ;
    %jmp T_12;
    .thread T_12, $push;
    .scope S_0x55f519be1570;
T_13 ;
    %pushi/vec4 65, 0, 32;
    %ix/load 4, 0, 0;
    %flag_set/imm 4, 0;
    %store/vec4a v0x55f519be1a70, 4, 0;
    %pushi/vec4 110, 0, 32;
    %ix/load 4, 1, 0;
    %flag_set/imm 4, 0;
    %store/vec4a v0x55f519be1a70, 4, 0;
    %pushi/vec4 103, 0, 32;
    %ix/load 4, 2, 0;
    %flag_set/imm 4, 0;
    %store/vec4a v0x55f519be1a70, 4, 0;
    %pushi/vec4 101, 0, 32;
    %ix/load 4, 3, 0;
    %flag_set/imm 4, 0;
    %store/vec4a v0x55f519be1a70, 4, 0;
    %pushi/vec4 108, 0, 32;
    %ix/load 4, 4, 0;
    %flag_set/imm 4, 0;
    %store/vec4a v0x55f519be1a70, 4, 0;
    %pushi/vec4 32, 0, 32;
    %ix/load 4, 5, 0;
    %flag_set/imm 4, 0;
    %store/vec4a v0x55f519be1a70, 4, 0;
    %pushi/vec4 77, 0, 32;
    %ix/load 4, 6, 0;
    %flag_set/imm 4, 0;
    %store/vec4a v0x55f519be1a70, 4, 0;
    %pushi/vec4 101, 0, 32;
    %ix/load 4, 7, 0;
    %flag_set/imm 4, 0;
    %store/vec4a v0x55f519be1a70, 4, 0;
    %pushi/vec4 114, 0, 32;
    %ix/load 4, 8, 0;
    %flag_set/imm 4, 0;
    %store/vec4a v0x55f519be1a70, 4, 0;
    %pushi/vec4 99, 0, 32;
    %ix/load 4, 9, 0;
    %flag_set/imm 4, 0;
    %store/vec4a v0x55f519be1a70, 4, 0;
    %pushi/vec4 97, 0, 32;
    %ix/load 4, 10, 0;
    %flag_set/imm 4, 0;
    %store/vec4a v0x55f519be1a70, 4, 0;
    %pushi/vec4 100, 0, 32;
    %ix/load 4, 11, 0;
    %flag_set/imm 4, 0;
    %store/vec4a v0x55f519be1a70, 4, 0;
    %pushi/vec4 111, 0, 32;
    %ix/load 4, 12, 0;
    %flag_set/imm 4, 0;
    %store/vec4a v0x55f519be1a70, 4, 0;
    %delay 100, 0;
    %vpi_call 10 43 "$stop" {0 0 0};
    %end;
    .thread T_13;
    .scope S_0x55f519be3780;
T_14 ;
    %wait E_0x55f519be39c0;
    %load/vec4 v0x55f519be3d10_0;
    %dup/vec4;
    %pushi/vec4 1, 0, 1;
    %cmp/u;
    %jmp/1 T_14.0, 6;
    %dup/vec4;
    %pushi/vec4 0, 0, 1;
    %cmp/u;
    %jmp/1 T_14.1, 6;
    %jmp T_14.2;
T_14.0 ;
    %load/vec4 v0x55f519be3a40_0;
    %store/vec4 v0x55f519be3c40_0, 0, 32;
    %jmp T_14.2;
T_14.1 ;
    %load/vec4 v0x55f519be3b50_0;
    %store/vec4 v0x55f519be3c40_0, 0, 32;
    %jmp T_14.2;
T_14.2 ;
    %pop/vec4 1;
    %jmp T_14;
    .thread T_14, $push;
    .scope S_0x55f519b825b0;
T_15 ;
    %vpi_call 2 10 "$dumpfile", "fase1_dp_TB.vcd" {0 0 0};
    %vpi_call 2 11 "$dumpvars", 32'sb00000000000000000000000000000000, S_0x55f519b825b0 {0 0 0};
    %end;
    .thread T_15;
    .scope S_0x55f519b825b0;
T_16 ;
T_16.0 ;
    %pushi/vec4 0, 0, 1;
    %store/vec4 v0x55f519be5980_0, 0, 1;
    %delay 50, 0;
    %load/vec4 v0x55f519be5980_0;
    %inv;
    %store/vec4 v0x55f519be5980_0, 0, 1;
    %jmp T_16.0;
    %end;
    .thread T_16;
    .scope S_0x55f519b825b0;
T_17 ;
    %delay 1000, 0;
    %vpi_call 2 21 "$stop" {0 0 0};
    %end;
    .thread T_17;
# The file index is used to find the file name in the following table.
:file_names 16;
    "N/A";
    "<interactive>";
    "fase1_dp_TB.v";
    "fase1_dp.v";
    "ADD4.v";
    "AluControl.v";
    "BancoRegistro.v";
    "UnidadControl.v";
    "Alu.v";
    "MemInstruct.v";
    "Memory.v";
    "MuxA.v";
    "MuxB.v";
    "MuxC.v";
    "MuxD.v";
    "PC.v";
