#! /usr/bin/vvp
:ivl_version "10.1 (stable)";
:ivl_delay_selection "TYPICAL";
:vpi_time_precision - 9;
:vpi_module "system";
:vpi_module "vhdl_sys";
:vpi_module "v2005_math";
:vpi_module "va_math";
S_0x558e534d9100 .scope module, "fase1_dp_tb" "fase1_dp_tb" 2 2;
 .timescale -9 -9;
v0x558e5356ac10_0 .var "clk", 0 0;
S_0x558e534ce6b0 .scope module, "duv" "Fase1" 2 6, 3 2 0, S_0x558e534d9100;
 .timescale -9 -9;
    .port_info 0 /INPUT 1 "clk"
L_0x558e5357b1c0 .functor AND 1, v0x558e53561fc0_0, v0x558e535612b0_0, C4<1>, C4<1>;
v0x558e53568690_0 .net "c_AddOut", 31 0, L_0x558e5357bb20;  1 drivers
v0x558e535687a0_0 .net "c_AddResOut3", 31 0, v0x558e53563bf0_0;  1 drivers
v0x558e535688b0_0 .net "c_AdderOut1", 31 0, v0x558e53562460_0;  1 drivers
v0x558e535689a0_0 .net "c_AdderOut2", 31 0, v0x558e53562ce0_0;  1 drivers
v0x558e53568a60_0 .net "c_AluResOut1", 31 0, v0x558e53563cf0_0;  1 drivers
v0x558e53568b50_0 .net "c_AluResOut2", 31 0, v0x558e535648f0_0;  1 drivers
v0x558e53568bf0_0 .net "c_C1", 31 0, v0x558e53567f20_0;  1 drivers
v0x558e53568ce0_0 .net "c_DataOut_Out", 31 0, v0x558e535649f0_0;  1 drivers
v0x558e53568da0_0 .net "c_DatoLec2", 31 0, v0x558e53563dd0_0;  1 drivers
v0x558e53568ed0_0 .net "c_DatoLecOut1", 31 0, v0x558e53562da0_0;  1 drivers
v0x558e53568fa0_0 .net "c_DatoLecout2", 31 0, v0x558e53562e90_0;  1 drivers
v0x558e53569070_0 .net "c_InstrctOut1", 4 0, v0x558e53563480_0;  1 drivers
v0x558e53569110_0 .net "c_InstructOut2", 4 0, v0x558e53563560_0;  1 drivers
v0x558e53569220_0 .net "c_MuxDOut", 0 0, v0x558e53564de0_0;  1 drivers
v0x558e53569310_0 .net "c_MuxD_Out", 4 0, v0x558e535642b0_0;  1 drivers
v0x558e53569420_0 .net "c_ShiftOut", 31 0, L_0x558e5357b9e0;  1 drivers
v0x558e53569530_0 .net "c_SignExtendOut", 31 0, v0x558e53563640_0;  1 drivers
v0x558e53569700_0 .net "c_SignOut", 31 0, v0x558e53560c70_0;  1 drivers
v0x558e535697a0_0 .net "c_ZeroFlagOut", 0 0, v0x558e535643e0_0;  1 drivers
v0x558e53569840_0 .net "c_alop", 2 0, v0x558e53561100_0;  1 drivers
v0x558e53569930_0 .net "c_alusrc", 0 0, v0x558e53561210_0;  1 drivers
v0x558e53569a20_0 .net "c_and", 0 0, L_0x558e5357b1c0;  1 drivers
v0x558e53569ac0_0 .net "c_branch", 0 0, v0x558e535612b0_0;  1 drivers
v0x558e53569b60_0 .net "c_dataout", 31 0, v0x558e535669e0_0;  1 drivers
v0x558e53569c00_0 .net "c_datolec1", 31 0, v0x558e5355a6f0_0;  1 drivers
v0x558e53569ca0_0 .net "c_datolec2", 31 0, v0x558e5355a7b0_0;  1 drivers
v0x558e53569d60_0 .net "c_enesc", 0 0, v0x558e535617b0_0;  1 drivers
v0x558e53569e50_0 .net "c_inou", 31 0, v0x558e535601a0_0;  1 drivers
v0x558e53569f10_0 .net "c_instmemOut", 31 0, v0x558e535626f0_0;  1 drivers
v0x558e53569fd0_0 .net "c_instruc", 31 0, v0x558e5355fc10_0;  1 drivers
v0x558e5356a0c0_0 .net "c_memreads", 0 0, v0x558e53561380_0;  1 drivers
v0x558e5356a1b0_0 .net "c_memwrite", 0 0, v0x558e53561550_0;  1 drivers
v0x558e5356a2a0_0 .net "c_mux1", 31 0, v0x558e53565420_0;  1 drivers
v0x558e5356a3b0_0 .net "c_mux2", 4 0, v0x558e53565b00_0;  1 drivers
v0x558e5356a470_0 .net "c_mux4", 31 0, v0x558e535661d0_0;  1 drivers
v0x558e5356a560_0 .net "c_regdst", 0 0, v0x558e535616f0_0;  1 drivers
v0x558e5356a600_0 .net "c_result", 31 0, v0x558e53561c10_0;  1 drivers
v0x558e5356a6c0_0 .net "c_sal2", 4 0, v0x558e53567840_0;  1 drivers
v0x558e5356a7d0_0 .net "c_select", 0 0, v0x558e53561440_0;  1 drivers
v0x558e5356a8c0_0 .net "c_so", 2 0, v0x558e53559b80_0;  1 drivers
v0x558e5356a9d0_0 .net "c_sum", 31 0, L_0x558e5357b120;  1 drivers
v0x558e5356aa90_0 .net "c_zflag", 0 0, v0x558e53561fc0_0;  1 drivers
v0x558e5356ab30_0 .net "clk", 0 0, v0x558e5356ac10_0;  1 drivers
L_0x558e5357b2c0 .part v0x558e5355fc10_0, 26, 6;
L_0x558e5357b360 .part v0x558e5355fc10_0, 21, 5;
L_0x558e5357b490 .part v0x558e5355fc10_0, 16, 5;
L_0x558e5357b530 .part v0x558e5355fc10_0, 16, 5;
L_0x558e5357b5d0 .part v0x558e5355fc10_0, 11, 5;
L_0x558e5357b670 .part v0x558e5355fc10_0, 0, 16;
L_0x558e5357b750 .part v0x558e5355fc10_0, 16, 5;
L_0x558e5357b7f0 .part v0x558e5355fc10_0, 11, 5;
L_0x558e5357ba80 .part v0x558e5355fc10_0, 0, 6;
S_0x558e534ce830 .scope module, "Adder" "ADD" 3 197, 4 3 0, S_0x558e534ce6b0;
 .timescale -9 -9;
    .port_info 0 /INPUT 32 "A"
    .port_info 1 /INPUT 32 "B"
    .port_info 2 /OUTPUT 32 "AddOut"
v0x558e5353fb40_0 .net "A", 31 0, L_0x558e5357b120;  alias, 1 drivers
v0x558e5353b850_0 .net "AddOut", 31 0, L_0x558e5357bb20;  alias, 1 drivers
v0x558e53536030_0 .net "B", 31 0, L_0x558e5357b9e0;  alias, 1 drivers
L_0x558e5357bb20 .arith/sum 32, L_0x558e5357b120, L_0x558e5357b9e0;
S_0x558e535598c0 .scope module, "Aluc" "Alucontrol" 3 183, 5 2 0, S_0x558e534ce6b0;
 .timescale -9 -9;
    .port_info 0 /INPUT 3 "uc"
    .port_info 1 /INPUT 6 "ins"
    .port_info 2 /OUTPUT 3 "so"
v0x558e53526bf0_0 .net "ins", 5 0, L_0x558e5357ba80;  1 drivers
v0x558e53559b80_0 .var "so", 2 0;
v0x558e53559c60_0 .net "uc", 2 0, v0x558e53561100_0;  alias, 1 drivers
E_0x558e534b8170 .event edge, v0x558e53559c60_0, v0x558e53526bf0_0;
S_0x558e53559da0 .scope module, "Banco" "Registro" 3 139, 6 2 0, S_0x558e534ce6b0;
 .timescale -9 -9;
    .port_info 0 /INPUT 5 "dirlec1"
    .port_info 1 /INPUT 5 "dirlec2"
    .port_info 2 /INPUT 32 "datoesc"
    .port_info 3 /INPUT 5 "diresc"
    .port_info 4 /INPUT 1 "enesc"
    .port_info 5 /OUTPUT 32 "datolec1"
    .port_info 6 /OUTPUT 32 "datolec2"
v0x558e5355a150 .array "brr", 31 0, 31 0;
v0x558e5355a610_0 .net "datoesc", 31 0, v0x558e53565420_0;  alias, 1 drivers
v0x558e5355a6f0_0 .var "datolec1", 31 0;
v0x558e5355a7b0_0 .var "datolec2", 31 0;
v0x558e5355a890_0 .net "diresc", 4 0, v0x558e535642b0_0;  alias, 1 drivers
v0x558e5355a9c0_0 .net "dirlec1", 4 0, L_0x558e5357b360;  1 drivers
v0x558e5355aaa0_0 .net "dirlec2", 4 0, L_0x558e5357b490;  1 drivers
v0x558e5355ab80_0 .net "enesc", 0 0, v0x558e535617b0_0;  alias, 1 drivers
E_0x558e534ee1e0/0 .event edge, v0x558e5355ab80_0, v0x558e5355a610_0, v0x558e5355a890_0, v0x558e5355a9c0_0;
v0x558e5355a150_0 .array/port v0x558e5355a150, 0;
v0x558e5355a150_1 .array/port v0x558e5355a150, 1;
v0x558e5355a150_2 .array/port v0x558e5355a150, 2;
v0x558e5355a150_3 .array/port v0x558e5355a150, 3;
E_0x558e534ee1e0/1 .event edge, v0x558e5355a150_0, v0x558e5355a150_1, v0x558e5355a150_2, v0x558e5355a150_3;
v0x558e5355a150_4 .array/port v0x558e5355a150, 4;
v0x558e5355a150_5 .array/port v0x558e5355a150, 5;
v0x558e5355a150_6 .array/port v0x558e5355a150, 6;
v0x558e5355a150_7 .array/port v0x558e5355a150, 7;
E_0x558e534ee1e0/2 .event edge, v0x558e5355a150_4, v0x558e5355a150_5, v0x558e5355a150_6, v0x558e5355a150_7;
v0x558e5355a150_8 .array/port v0x558e5355a150, 8;
v0x558e5355a150_9 .array/port v0x558e5355a150, 9;
v0x558e5355a150_10 .array/port v0x558e5355a150, 10;
v0x558e5355a150_11 .array/port v0x558e5355a150, 11;
E_0x558e534ee1e0/3 .event edge, v0x558e5355a150_8, v0x558e5355a150_9, v0x558e5355a150_10, v0x558e5355a150_11;
v0x558e5355a150_12 .array/port v0x558e5355a150, 12;
v0x558e5355a150_13 .array/port v0x558e5355a150, 13;
v0x558e5355a150_14 .array/port v0x558e5355a150, 14;
v0x558e5355a150_15 .array/port v0x558e5355a150, 15;
E_0x558e534ee1e0/4 .event edge, v0x558e5355a150_12, v0x558e5355a150_13, v0x558e5355a150_14, v0x558e5355a150_15;
v0x558e5355a150_16 .array/port v0x558e5355a150, 16;
v0x558e5355a150_17 .array/port v0x558e5355a150, 17;
v0x558e5355a150_18 .array/port v0x558e5355a150, 18;
v0x558e5355a150_19 .array/port v0x558e5355a150, 19;
E_0x558e534ee1e0/5 .event edge, v0x558e5355a150_16, v0x558e5355a150_17, v0x558e5355a150_18, v0x558e5355a150_19;
v0x558e5355a150_20 .array/port v0x558e5355a150, 20;
v0x558e5355a150_21 .array/port v0x558e5355a150, 21;
v0x558e5355a150_22 .array/port v0x558e5355a150, 22;
v0x558e5355a150_23 .array/port v0x558e5355a150, 23;
E_0x558e534ee1e0/6 .event edge, v0x558e5355a150_20, v0x558e5355a150_21, v0x558e5355a150_22, v0x558e5355a150_23;
v0x558e5355a150_24 .array/port v0x558e5355a150, 24;
v0x558e5355a150_25 .array/port v0x558e5355a150, 25;
v0x558e5355a150_26 .array/port v0x558e5355a150, 26;
v0x558e5355a150_27 .array/port v0x558e5355a150, 27;
E_0x558e534ee1e0/7 .event edge, v0x558e5355a150_24, v0x558e5355a150_25, v0x558e5355a150_26, v0x558e5355a150_27;
v0x558e5355a150_28 .array/port v0x558e5355a150, 28;
v0x558e5355a150_29 .array/port v0x558e5355a150, 29;
v0x558e5355a150_30 .array/port v0x558e5355a150, 30;
v0x558e5355a150_31 .array/port v0x558e5355a150, 31;
E_0x558e534ee1e0/8 .event edge, v0x558e5355a150_28, v0x558e5355a150_29, v0x558e5355a150_30, v0x558e5355a150_31;
E_0x558e534ee1e0/9 .event edge, v0x558e5355aaa0_0;
E_0x558e534ee1e0 .event/or E_0x558e534ee1e0/0, E_0x558e534ee1e0/1, E_0x558e534ee1e0/2, E_0x558e534ee1e0/3, E_0x558e534ee1e0/4, E_0x558e534ee1e0/5, E_0x558e534ee1e0/6, E_0x558e534ee1e0/7, E_0x558e534ee1e0/8, E_0x558e534ee1e0/9;
S_0x558e5355ad20 .scope module, "MemInst" "memins" 3 113, 7 3 0, S_0x558e534ce6b0;
 .timescale -9 -9;
    .port_info 0 /INPUT 32 "adr"
    .port_info 1 /OUTPUT 32 "instruccion"
v0x558e5355bbc0 .array "Sram", 399 0, 7 0;
v0x558e5355fb30_0 .net "adr", 31 0, v0x558e535601a0_0;  alias, 1 drivers
v0x558e5355fc10_0 .var "instruccion", 31 0;
v0x558e5355bbc0_0 .array/port v0x558e5355bbc0, 0;
v0x558e5355bbc0_1 .array/port v0x558e5355bbc0, 1;
v0x558e5355bbc0_2 .array/port v0x558e5355bbc0, 2;
E_0x558e53540dc0/0 .event edge, v0x558e5355fb30_0, v0x558e5355bbc0_0, v0x558e5355bbc0_1, v0x558e5355bbc0_2;
v0x558e5355bbc0_3 .array/port v0x558e5355bbc0, 3;
v0x558e5355bbc0_4 .array/port v0x558e5355bbc0, 4;
v0x558e5355bbc0_5 .array/port v0x558e5355bbc0, 5;
v0x558e5355bbc0_6 .array/port v0x558e5355bbc0, 6;
E_0x558e53540dc0/1 .event edge, v0x558e5355bbc0_3, v0x558e5355bbc0_4, v0x558e5355bbc0_5, v0x558e5355bbc0_6;
v0x558e5355bbc0_7 .array/port v0x558e5355bbc0, 7;
v0x558e5355bbc0_8 .array/port v0x558e5355bbc0, 8;
v0x558e5355bbc0_9 .array/port v0x558e5355bbc0, 9;
v0x558e5355bbc0_10 .array/port v0x558e5355bbc0, 10;
E_0x558e53540dc0/2 .event edge, v0x558e5355bbc0_7, v0x558e5355bbc0_8, v0x558e5355bbc0_9, v0x558e5355bbc0_10;
v0x558e5355bbc0_11 .array/port v0x558e5355bbc0, 11;
v0x558e5355bbc0_12 .array/port v0x558e5355bbc0, 12;
v0x558e5355bbc0_13 .array/port v0x558e5355bbc0, 13;
v0x558e5355bbc0_14 .array/port v0x558e5355bbc0, 14;
E_0x558e53540dc0/3 .event edge, v0x558e5355bbc0_11, v0x558e5355bbc0_12, v0x558e5355bbc0_13, v0x558e5355bbc0_14;
v0x558e5355bbc0_15 .array/port v0x558e5355bbc0, 15;
v0x558e5355bbc0_16 .array/port v0x558e5355bbc0, 16;
v0x558e5355bbc0_17 .array/port v0x558e5355bbc0, 17;
v0x558e5355bbc0_18 .array/port v0x558e5355bbc0, 18;
E_0x558e53540dc0/4 .event edge, v0x558e5355bbc0_15, v0x558e5355bbc0_16, v0x558e5355bbc0_17, v0x558e5355bbc0_18;
v0x558e5355bbc0_19 .array/port v0x558e5355bbc0, 19;
v0x558e5355bbc0_20 .array/port v0x558e5355bbc0, 20;
v0x558e5355bbc0_21 .array/port v0x558e5355bbc0, 21;
v0x558e5355bbc0_22 .array/port v0x558e5355bbc0, 22;
E_0x558e53540dc0/5 .event edge, v0x558e5355bbc0_19, v0x558e5355bbc0_20, v0x558e5355bbc0_21, v0x558e5355bbc0_22;
v0x558e5355bbc0_23 .array/port v0x558e5355bbc0, 23;
v0x558e5355bbc0_24 .array/port v0x558e5355bbc0, 24;
v0x558e5355bbc0_25 .array/port v0x558e5355bbc0, 25;
v0x558e5355bbc0_26 .array/port v0x558e5355bbc0, 26;
E_0x558e53540dc0/6 .event edge, v0x558e5355bbc0_23, v0x558e5355bbc0_24, v0x558e5355bbc0_25, v0x558e5355bbc0_26;
v0x558e5355bbc0_27 .array/port v0x558e5355bbc0, 27;
v0x558e5355bbc0_28 .array/port v0x558e5355bbc0, 28;
v0x558e5355bbc0_29 .array/port v0x558e5355bbc0, 29;
v0x558e5355bbc0_30 .array/port v0x558e5355bbc0, 30;
E_0x558e53540dc0/7 .event edge, v0x558e5355bbc0_27, v0x558e5355bbc0_28, v0x558e5355bbc0_29, v0x558e5355bbc0_30;
v0x558e5355bbc0_31 .array/port v0x558e5355bbc0, 31;
v0x558e5355bbc0_32 .array/port v0x558e5355bbc0, 32;
v0x558e5355bbc0_33 .array/port v0x558e5355bbc0, 33;
v0x558e5355bbc0_34 .array/port v0x558e5355bbc0, 34;
E_0x558e53540dc0/8 .event edge, v0x558e5355bbc0_31, v0x558e5355bbc0_32, v0x558e5355bbc0_33, v0x558e5355bbc0_34;
v0x558e5355bbc0_35 .array/port v0x558e5355bbc0, 35;
v0x558e5355bbc0_36 .array/port v0x558e5355bbc0, 36;
v0x558e5355bbc0_37 .array/port v0x558e5355bbc0, 37;
v0x558e5355bbc0_38 .array/port v0x558e5355bbc0, 38;
E_0x558e53540dc0/9 .event edge, v0x558e5355bbc0_35, v0x558e5355bbc0_36, v0x558e5355bbc0_37, v0x558e5355bbc0_38;
v0x558e5355bbc0_39 .array/port v0x558e5355bbc0, 39;
v0x558e5355bbc0_40 .array/port v0x558e5355bbc0, 40;
v0x558e5355bbc0_41 .array/port v0x558e5355bbc0, 41;
v0x558e5355bbc0_42 .array/port v0x558e5355bbc0, 42;
E_0x558e53540dc0/10 .event edge, v0x558e5355bbc0_39, v0x558e5355bbc0_40, v0x558e5355bbc0_41, v0x558e5355bbc0_42;
v0x558e5355bbc0_43 .array/port v0x558e5355bbc0, 43;
v0x558e5355bbc0_44 .array/port v0x558e5355bbc0, 44;
v0x558e5355bbc0_45 .array/port v0x558e5355bbc0, 45;
v0x558e5355bbc0_46 .array/port v0x558e5355bbc0, 46;
E_0x558e53540dc0/11 .event edge, v0x558e5355bbc0_43, v0x558e5355bbc0_44, v0x558e5355bbc0_45, v0x558e5355bbc0_46;
v0x558e5355bbc0_47 .array/port v0x558e5355bbc0, 47;
v0x558e5355bbc0_48 .array/port v0x558e5355bbc0, 48;
v0x558e5355bbc0_49 .array/port v0x558e5355bbc0, 49;
v0x558e5355bbc0_50 .array/port v0x558e5355bbc0, 50;
E_0x558e53540dc0/12 .event edge, v0x558e5355bbc0_47, v0x558e5355bbc0_48, v0x558e5355bbc0_49, v0x558e5355bbc0_50;
v0x558e5355bbc0_51 .array/port v0x558e5355bbc0, 51;
v0x558e5355bbc0_52 .array/port v0x558e5355bbc0, 52;
v0x558e5355bbc0_53 .array/port v0x558e5355bbc0, 53;
v0x558e5355bbc0_54 .array/port v0x558e5355bbc0, 54;
E_0x558e53540dc0/13 .event edge, v0x558e5355bbc0_51, v0x558e5355bbc0_52, v0x558e5355bbc0_53, v0x558e5355bbc0_54;
v0x558e5355bbc0_55 .array/port v0x558e5355bbc0, 55;
v0x558e5355bbc0_56 .array/port v0x558e5355bbc0, 56;
v0x558e5355bbc0_57 .array/port v0x558e5355bbc0, 57;
v0x558e5355bbc0_58 .array/port v0x558e5355bbc0, 58;
E_0x558e53540dc0/14 .event edge, v0x558e5355bbc0_55, v0x558e5355bbc0_56, v0x558e5355bbc0_57, v0x558e5355bbc0_58;
v0x558e5355bbc0_59 .array/port v0x558e5355bbc0, 59;
v0x558e5355bbc0_60 .array/port v0x558e5355bbc0, 60;
v0x558e5355bbc0_61 .array/port v0x558e5355bbc0, 61;
v0x558e5355bbc0_62 .array/port v0x558e5355bbc0, 62;
E_0x558e53540dc0/15 .event edge, v0x558e5355bbc0_59, v0x558e5355bbc0_60, v0x558e5355bbc0_61, v0x558e5355bbc0_62;
v0x558e5355bbc0_63 .array/port v0x558e5355bbc0, 63;
v0x558e5355bbc0_64 .array/port v0x558e5355bbc0, 64;
v0x558e5355bbc0_65 .array/port v0x558e5355bbc0, 65;
v0x558e5355bbc0_66 .array/port v0x558e5355bbc0, 66;
E_0x558e53540dc0/16 .event edge, v0x558e5355bbc0_63, v0x558e5355bbc0_64, v0x558e5355bbc0_65, v0x558e5355bbc0_66;
v0x558e5355bbc0_67 .array/port v0x558e5355bbc0, 67;
v0x558e5355bbc0_68 .array/port v0x558e5355bbc0, 68;
v0x558e5355bbc0_69 .array/port v0x558e5355bbc0, 69;
v0x558e5355bbc0_70 .array/port v0x558e5355bbc0, 70;
E_0x558e53540dc0/17 .event edge, v0x558e5355bbc0_67, v0x558e5355bbc0_68, v0x558e5355bbc0_69, v0x558e5355bbc0_70;
v0x558e5355bbc0_71 .array/port v0x558e5355bbc0, 71;
v0x558e5355bbc0_72 .array/port v0x558e5355bbc0, 72;
v0x558e5355bbc0_73 .array/port v0x558e5355bbc0, 73;
v0x558e5355bbc0_74 .array/port v0x558e5355bbc0, 74;
E_0x558e53540dc0/18 .event edge, v0x558e5355bbc0_71, v0x558e5355bbc0_72, v0x558e5355bbc0_73, v0x558e5355bbc0_74;
v0x558e5355bbc0_75 .array/port v0x558e5355bbc0, 75;
v0x558e5355bbc0_76 .array/port v0x558e5355bbc0, 76;
v0x558e5355bbc0_77 .array/port v0x558e5355bbc0, 77;
v0x558e5355bbc0_78 .array/port v0x558e5355bbc0, 78;
E_0x558e53540dc0/19 .event edge, v0x558e5355bbc0_75, v0x558e5355bbc0_76, v0x558e5355bbc0_77, v0x558e5355bbc0_78;
v0x558e5355bbc0_79 .array/port v0x558e5355bbc0, 79;
v0x558e5355bbc0_80 .array/port v0x558e5355bbc0, 80;
v0x558e5355bbc0_81 .array/port v0x558e5355bbc0, 81;
v0x558e5355bbc0_82 .array/port v0x558e5355bbc0, 82;
E_0x558e53540dc0/20 .event edge, v0x558e5355bbc0_79, v0x558e5355bbc0_80, v0x558e5355bbc0_81, v0x558e5355bbc0_82;
v0x558e5355bbc0_83 .array/port v0x558e5355bbc0, 83;
v0x558e5355bbc0_84 .array/port v0x558e5355bbc0, 84;
v0x558e5355bbc0_85 .array/port v0x558e5355bbc0, 85;
v0x558e5355bbc0_86 .array/port v0x558e5355bbc0, 86;
E_0x558e53540dc0/21 .event edge, v0x558e5355bbc0_83, v0x558e5355bbc0_84, v0x558e5355bbc0_85, v0x558e5355bbc0_86;
v0x558e5355bbc0_87 .array/port v0x558e5355bbc0, 87;
v0x558e5355bbc0_88 .array/port v0x558e5355bbc0, 88;
v0x558e5355bbc0_89 .array/port v0x558e5355bbc0, 89;
v0x558e5355bbc0_90 .array/port v0x558e5355bbc0, 90;
E_0x558e53540dc0/22 .event edge, v0x558e5355bbc0_87, v0x558e5355bbc0_88, v0x558e5355bbc0_89, v0x558e5355bbc0_90;
v0x558e5355bbc0_91 .array/port v0x558e5355bbc0, 91;
v0x558e5355bbc0_92 .array/port v0x558e5355bbc0, 92;
v0x558e5355bbc0_93 .array/port v0x558e5355bbc0, 93;
v0x558e5355bbc0_94 .array/port v0x558e5355bbc0, 94;
E_0x558e53540dc0/23 .event edge, v0x558e5355bbc0_91, v0x558e5355bbc0_92, v0x558e5355bbc0_93, v0x558e5355bbc0_94;
v0x558e5355bbc0_95 .array/port v0x558e5355bbc0, 95;
v0x558e5355bbc0_96 .array/port v0x558e5355bbc0, 96;
v0x558e5355bbc0_97 .array/port v0x558e5355bbc0, 97;
v0x558e5355bbc0_98 .array/port v0x558e5355bbc0, 98;
E_0x558e53540dc0/24 .event edge, v0x558e5355bbc0_95, v0x558e5355bbc0_96, v0x558e5355bbc0_97, v0x558e5355bbc0_98;
v0x558e5355bbc0_99 .array/port v0x558e5355bbc0, 99;
v0x558e5355bbc0_100 .array/port v0x558e5355bbc0, 100;
v0x558e5355bbc0_101 .array/port v0x558e5355bbc0, 101;
v0x558e5355bbc0_102 .array/port v0x558e5355bbc0, 102;
E_0x558e53540dc0/25 .event edge, v0x558e5355bbc0_99, v0x558e5355bbc0_100, v0x558e5355bbc0_101, v0x558e5355bbc0_102;
v0x558e5355bbc0_103 .array/port v0x558e5355bbc0, 103;
v0x558e5355bbc0_104 .array/port v0x558e5355bbc0, 104;
v0x558e5355bbc0_105 .array/port v0x558e5355bbc0, 105;
v0x558e5355bbc0_106 .array/port v0x558e5355bbc0, 106;
E_0x558e53540dc0/26 .event edge, v0x558e5355bbc0_103, v0x558e5355bbc0_104, v0x558e5355bbc0_105, v0x558e5355bbc0_106;
v0x558e5355bbc0_107 .array/port v0x558e5355bbc0, 107;
v0x558e5355bbc0_108 .array/port v0x558e5355bbc0, 108;
v0x558e5355bbc0_109 .array/port v0x558e5355bbc0, 109;
v0x558e5355bbc0_110 .array/port v0x558e5355bbc0, 110;
E_0x558e53540dc0/27 .event edge, v0x558e5355bbc0_107, v0x558e5355bbc0_108, v0x558e5355bbc0_109, v0x558e5355bbc0_110;
v0x558e5355bbc0_111 .array/port v0x558e5355bbc0, 111;
v0x558e5355bbc0_112 .array/port v0x558e5355bbc0, 112;
v0x558e5355bbc0_113 .array/port v0x558e5355bbc0, 113;
v0x558e5355bbc0_114 .array/port v0x558e5355bbc0, 114;
E_0x558e53540dc0/28 .event edge, v0x558e5355bbc0_111, v0x558e5355bbc0_112, v0x558e5355bbc0_113, v0x558e5355bbc0_114;
v0x558e5355bbc0_115 .array/port v0x558e5355bbc0, 115;
v0x558e5355bbc0_116 .array/port v0x558e5355bbc0, 116;
v0x558e5355bbc0_117 .array/port v0x558e5355bbc0, 117;
v0x558e5355bbc0_118 .array/port v0x558e5355bbc0, 118;
E_0x558e53540dc0/29 .event edge, v0x558e5355bbc0_115, v0x558e5355bbc0_116, v0x558e5355bbc0_117, v0x558e5355bbc0_118;
v0x558e5355bbc0_119 .array/port v0x558e5355bbc0, 119;
v0x558e5355bbc0_120 .array/port v0x558e5355bbc0, 120;
v0x558e5355bbc0_121 .array/port v0x558e5355bbc0, 121;
v0x558e5355bbc0_122 .array/port v0x558e5355bbc0, 122;
E_0x558e53540dc0/30 .event edge, v0x558e5355bbc0_119, v0x558e5355bbc0_120, v0x558e5355bbc0_121, v0x558e5355bbc0_122;
v0x558e5355bbc0_123 .array/port v0x558e5355bbc0, 123;
v0x558e5355bbc0_124 .array/port v0x558e5355bbc0, 124;
v0x558e5355bbc0_125 .array/port v0x558e5355bbc0, 125;
v0x558e5355bbc0_126 .array/port v0x558e5355bbc0, 126;
E_0x558e53540dc0/31 .event edge, v0x558e5355bbc0_123, v0x558e5355bbc0_124, v0x558e5355bbc0_125, v0x558e5355bbc0_126;
v0x558e5355bbc0_127 .array/port v0x558e5355bbc0, 127;
v0x558e5355bbc0_128 .array/port v0x558e5355bbc0, 128;
v0x558e5355bbc0_129 .array/port v0x558e5355bbc0, 129;
v0x558e5355bbc0_130 .array/port v0x558e5355bbc0, 130;
E_0x558e53540dc0/32 .event edge, v0x558e5355bbc0_127, v0x558e5355bbc0_128, v0x558e5355bbc0_129, v0x558e5355bbc0_130;
v0x558e5355bbc0_131 .array/port v0x558e5355bbc0, 131;
v0x558e5355bbc0_132 .array/port v0x558e5355bbc0, 132;
v0x558e5355bbc0_133 .array/port v0x558e5355bbc0, 133;
v0x558e5355bbc0_134 .array/port v0x558e5355bbc0, 134;
E_0x558e53540dc0/33 .event edge, v0x558e5355bbc0_131, v0x558e5355bbc0_132, v0x558e5355bbc0_133, v0x558e5355bbc0_134;
v0x558e5355bbc0_135 .array/port v0x558e5355bbc0, 135;
v0x558e5355bbc0_136 .array/port v0x558e5355bbc0, 136;
v0x558e5355bbc0_137 .array/port v0x558e5355bbc0, 137;
v0x558e5355bbc0_138 .array/port v0x558e5355bbc0, 138;
E_0x558e53540dc0/34 .event edge, v0x558e5355bbc0_135, v0x558e5355bbc0_136, v0x558e5355bbc0_137, v0x558e5355bbc0_138;
v0x558e5355bbc0_139 .array/port v0x558e5355bbc0, 139;
v0x558e5355bbc0_140 .array/port v0x558e5355bbc0, 140;
v0x558e5355bbc0_141 .array/port v0x558e5355bbc0, 141;
v0x558e5355bbc0_142 .array/port v0x558e5355bbc0, 142;
E_0x558e53540dc0/35 .event edge, v0x558e5355bbc0_139, v0x558e5355bbc0_140, v0x558e5355bbc0_141, v0x558e5355bbc0_142;
v0x558e5355bbc0_143 .array/port v0x558e5355bbc0, 143;
v0x558e5355bbc0_144 .array/port v0x558e5355bbc0, 144;
v0x558e5355bbc0_145 .array/port v0x558e5355bbc0, 145;
v0x558e5355bbc0_146 .array/port v0x558e5355bbc0, 146;
E_0x558e53540dc0/36 .event edge, v0x558e5355bbc0_143, v0x558e5355bbc0_144, v0x558e5355bbc0_145, v0x558e5355bbc0_146;
v0x558e5355bbc0_147 .array/port v0x558e5355bbc0, 147;
v0x558e5355bbc0_148 .array/port v0x558e5355bbc0, 148;
v0x558e5355bbc0_149 .array/port v0x558e5355bbc0, 149;
v0x558e5355bbc0_150 .array/port v0x558e5355bbc0, 150;
E_0x558e53540dc0/37 .event edge, v0x558e5355bbc0_147, v0x558e5355bbc0_148, v0x558e5355bbc0_149, v0x558e5355bbc0_150;
v0x558e5355bbc0_151 .array/port v0x558e5355bbc0, 151;
v0x558e5355bbc0_152 .array/port v0x558e5355bbc0, 152;
v0x558e5355bbc0_153 .array/port v0x558e5355bbc0, 153;
v0x558e5355bbc0_154 .array/port v0x558e5355bbc0, 154;
E_0x558e53540dc0/38 .event edge, v0x558e5355bbc0_151, v0x558e5355bbc0_152, v0x558e5355bbc0_153, v0x558e5355bbc0_154;
v0x558e5355bbc0_155 .array/port v0x558e5355bbc0, 155;
v0x558e5355bbc0_156 .array/port v0x558e5355bbc0, 156;
v0x558e5355bbc0_157 .array/port v0x558e5355bbc0, 157;
v0x558e5355bbc0_158 .array/port v0x558e5355bbc0, 158;
E_0x558e53540dc0/39 .event edge, v0x558e5355bbc0_155, v0x558e5355bbc0_156, v0x558e5355bbc0_157, v0x558e5355bbc0_158;
v0x558e5355bbc0_159 .array/port v0x558e5355bbc0, 159;
v0x558e5355bbc0_160 .array/port v0x558e5355bbc0, 160;
v0x558e5355bbc0_161 .array/port v0x558e5355bbc0, 161;
v0x558e5355bbc0_162 .array/port v0x558e5355bbc0, 162;
E_0x558e53540dc0/40 .event edge, v0x558e5355bbc0_159, v0x558e5355bbc0_160, v0x558e5355bbc0_161, v0x558e5355bbc0_162;
v0x558e5355bbc0_163 .array/port v0x558e5355bbc0, 163;
v0x558e5355bbc0_164 .array/port v0x558e5355bbc0, 164;
v0x558e5355bbc0_165 .array/port v0x558e5355bbc0, 165;
v0x558e5355bbc0_166 .array/port v0x558e5355bbc0, 166;
E_0x558e53540dc0/41 .event edge, v0x558e5355bbc0_163, v0x558e5355bbc0_164, v0x558e5355bbc0_165, v0x558e5355bbc0_166;
v0x558e5355bbc0_167 .array/port v0x558e5355bbc0, 167;
v0x558e5355bbc0_168 .array/port v0x558e5355bbc0, 168;
v0x558e5355bbc0_169 .array/port v0x558e5355bbc0, 169;
v0x558e5355bbc0_170 .array/port v0x558e5355bbc0, 170;
E_0x558e53540dc0/42 .event edge, v0x558e5355bbc0_167, v0x558e5355bbc0_168, v0x558e5355bbc0_169, v0x558e5355bbc0_170;
v0x558e5355bbc0_171 .array/port v0x558e5355bbc0, 171;
v0x558e5355bbc0_172 .array/port v0x558e5355bbc0, 172;
v0x558e5355bbc0_173 .array/port v0x558e5355bbc0, 173;
v0x558e5355bbc0_174 .array/port v0x558e5355bbc0, 174;
E_0x558e53540dc0/43 .event edge, v0x558e5355bbc0_171, v0x558e5355bbc0_172, v0x558e5355bbc0_173, v0x558e5355bbc0_174;
v0x558e5355bbc0_175 .array/port v0x558e5355bbc0, 175;
v0x558e5355bbc0_176 .array/port v0x558e5355bbc0, 176;
v0x558e5355bbc0_177 .array/port v0x558e5355bbc0, 177;
v0x558e5355bbc0_178 .array/port v0x558e5355bbc0, 178;
E_0x558e53540dc0/44 .event edge, v0x558e5355bbc0_175, v0x558e5355bbc0_176, v0x558e5355bbc0_177, v0x558e5355bbc0_178;
v0x558e5355bbc0_179 .array/port v0x558e5355bbc0, 179;
v0x558e5355bbc0_180 .array/port v0x558e5355bbc0, 180;
v0x558e5355bbc0_181 .array/port v0x558e5355bbc0, 181;
v0x558e5355bbc0_182 .array/port v0x558e5355bbc0, 182;
E_0x558e53540dc0/45 .event edge, v0x558e5355bbc0_179, v0x558e5355bbc0_180, v0x558e5355bbc0_181, v0x558e5355bbc0_182;
v0x558e5355bbc0_183 .array/port v0x558e5355bbc0, 183;
v0x558e5355bbc0_184 .array/port v0x558e5355bbc0, 184;
v0x558e5355bbc0_185 .array/port v0x558e5355bbc0, 185;
v0x558e5355bbc0_186 .array/port v0x558e5355bbc0, 186;
E_0x558e53540dc0/46 .event edge, v0x558e5355bbc0_183, v0x558e5355bbc0_184, v0x558e5355bbc0_185, v0x558e5355bbc0_186;
v0x558e5355bbc0_187 .array/port v0x558e5355bbc0, 187;
v0x558e5355bbc0_188 .array/port v0x558e5355bbc0, 188;
v0x558e5355bbc0_189 .array/port v0x558e5355bbc0, 189;
v0x558e5355bbc0_190 .array/port v0x558e5355bbc0, 190;
E_0x558e53540dc0/47 .event edge, v0x558e5355bbc0_187, v0x558e5355bbc0_188, v0x558e5355bbc0_189, v0x558e5355bbc0_190;
v0x558e5355bbc0_191 .array/port v0x558e5355bbc0, 191;
v0x558e5355bbc0_192 .array/port v0x558e5355bbc0, 192;
v0x558e5355bbc0_193 .array/port v0x558e5355bbc0, 193;
v0x558e5355bbc0_194 .array/port v0x558e5355bbc0, 194;
E_0x558e53540dc0/48 .event edge, v0x558e5355bbc0_191, v0x558e5355bbc0_192, v0x558e5355bbc0_193, v0x558e5355bbc0_194;
v0x558e5355bbc0_195 .array/port v0x558e5355bbc0, 195;
v0x558e5355bbc0_196 .array/port v0x558e5355bbc0, 196;
v0x558e5355bbc0_197 .array/port v0x558e5355bbc0, 197;
v0x558e5355bbc0_198 .array/port v0x558e5355bbc0, 198;
E_0x558e53540dc0/49 .event edge, v0x558e5355bbc0_195, v0x558e5355bbc0_196, v0x558e5355bbc0_197, v0x558e5355bbc0_198;
v0x558e5355bbc0_199 .array/port v0x558e5355bbc0, 199;
v0x558e5355bbc0_200 .array/port v0x558e5355bbc0, 200;
v0x558e5355bbc0_201 .array/port v0x558e5355bbc0, 201;
v0x558e5355bbc0_202 .array/port v0x558e5355bbc0, 202;
E_0x558e53540dc0/50 .event edge, v0x558e5355bbc0_199, v0x558e5355bbc0_200, v0x558e5355bbc0_201, v0x558e5355bbc0_202;
v0x558e5355bbc0_203 .array/port v0x558e5355bbc0, 203;
v0x558e5355bbc0_204 .array/port v0x558e5355bbc0, 204;
v0x558e5355bbc0_205 .array/port v0x558e5355bbc0, 205;
v0x558e5355bbc0_206 .array/port v0x558e5355bbc0, 206;
E_0x558e53540dc0/51 .event edge, v0x558e5355bbc0_203, v0x558e5355bbc0_204, v0x558e5355bbc0_205, v0x558e5355bbc0_206;
v0x558e5355bbc0_207 .array/port v0x558e5355bbc0, 207;
v0x558e5355bbc0_208 .array/port v0x558e5355bbc0, 208;
v0x558e5355bbc0_209 .array/port v0x558e5355bbc0, 209;
v0x558e5355bbc0_210 .array/port v0x558e5355bbc0, 210;
E_0x558e53540dc0/52 .event edge, v0x558e5355bbc0_207, v0x558e5355bbc0_208, v0x558e5355bbc0_209, v0x558e5355bbc0_210;
v0x558e5355bbc0_211 .array/port v0x558e5355bbc0, 211;
v0x558e5355bbc0_212 .array/port v0x558e5355bbc0, 212;
v0x558e5355bbc0_213 .array/port v0x558e5355bbc0, 213;
v0x558e5355bbc0_214 .array/port v0x558e5355bbc0, 214;
E_0x558e53540dc0/53 .event edge, v0x558e5355bbc0_211, v0x558e5355bbc0_212, v0x558e5355bbc0_213, v0x558e5355bbc0_214;
v0x558e5355bbc0_215 .array/port v0x558e5355bbc0, 215;
v0x558e5355bbc0_216 .array/port v0x558e5355bbc0, 216;
v0x558e5355bbc0_217 .array/port v0x558e5355bbc0, 217;
v0x558e5355bbc0_218 .array/port v0x558e5355bbc0, 218;
E_0x558e53540dc0/54 .event edge, v0x558e5355bbc0_215, v0x558e5355bbc0_216, v0x558e5355bbc0_217, v0x558e5355bbc0_218;
v0x558e5355bbc0_219 .array/port v0x558e5355bbc0, 219;
v0x558e5355bbc0_220 .array/port v0x558e5355bbc0, 220;
v0x558e5355bbc0_221 .array/port v0x558e5355bbc0, 221;
v0x558e5355bbc0_222 .array/port v0x558e5355bbc0, 222;
E_0x558e53540dc0/55 .event edge, v0x558e5355bbc0_219, v0x558e5355bbc0_220, v0x558e5355bbc0_221, v0x558e5355bbc0_222;
v0x558e5355bbc0_223 .array/port v0x558e5355bbc0, 223;
v0x558e5355bbc0_224 .array/port v0x558e5355bbc0, 224;
v0x558e5355bbc0_225 .array/port v0x558e5355bbc0, 225;
v0x558e5355bbc0_226 .array/port v0x558e5355bbc0, 226;
E_0x558e53540dc0/56 .event edge, v0x558e5355bbc0_223, v0x558e5355bbc0_224, v0x558e5355bbc0_225, v0x558e5355bbc0_226;
v0x558e5355bbc0_227 .array/port v0x558e5355bbc0, 227;
v0x558e5355bbc0_228 .array/port v0x558e5355bbc0, 228;
v0x558e5355bbc0_229 .array/port v0x558e5355bbc0, 229;
v0x558e5355bbc0_230 .array/port v0x558e5355bbc0, 230;
E_0x558e53540dc0/57 .event edge, v0x558e5355bbc0_227, v0x558e5355bbc0_228, v0x558e5355bbc0_229, v0x558e5355bbc0_230;
v0x558e5355bbc0_231 .array/port v0x558e5355bbc0, 231;
v0x558e5355bbc0_232 .array/port v0x558e5355bbc0, 232;
v0x558e5355bbc0_233 .array/port v0x558e5355bbc0, 233;
v0x558e5355bbc0_234 .array/port v0x558e5355bbc0, 234;
E_0x558e53540dc0/58 .event edge, v0x558e5355bbc0_231, v0x558e5355bbc0_232, v0x558e5355bbc0_233, v0x558e5355bbc0_234;
v0x558e5355bbc0_235 .array/port v0x558e5355bbc0, 235;
v0x558e5355bbc0_236 .array/port v0x558e5355bbc0, 236;
v0x558e5355bbc0_237 .array/port v0x558e5355bbc0, 237;
v0x558e5355bbc0_238 .array/port v0x558e5355bbc0, 238;
E_0x558e53540dc0/59 .event edge, v0x558e5355bbc0_235, v0x558e5355bbc0_236, v0x558e5355bbc0_237, v0x558e5355bbc0_238;
v0x558e5355bbc0_239 .array/port v0x558e5355bbc0, 239;
v0x558e5355bbc0_240 .array/port v0x558e5355bbc0, 240;
v0x558e5355bbc0_241 .array/port v0x558e5355bbc0, 241;
v0x558e5355bbc0_242 .array/port v0x558e5355bbc0, 242;
E_0x558e53540dc0/60 .event edge, v0x558e5355bbc0_239, v0x558e5355bbc0_240, v0x558e5355bbc0_241, v0x558e5355bbc0_242;
v0x558e5355bbc0_243 .array/port v0x558e5355bbc0, 243;
v0x558e5355bbc0_244 .array/port v0x558e5355bbc0, 244;
v0x558e5355bbc0_245 .array/port v0x558e5355bbc0, 245;
v0x558e5355bbc0_246 .array/port v0x558e5355bbc0, 246;
E_0x558e53540dc0/61 .event edge, v0x558e5355bbc0_243, v0x558e5355bbc0_244, v0x558e5355bbc0_245, v0x558e5355bbc0_246;
v0x558e5355bbc0_247 .array/port v0x558e5355bbc0, 247;
v0x558e5355bbc0_248 .array/port v0x558e5355bbc0, 248;
v0x558e5355bbc0_249 .array/port v0x558e5355bbc0, 249;
v0x558e5355bbc0_250 .array/port v0x558e5355bbc0, 250;
E_0x558e53540dc0/62 .event edge, v0x558e5355bbc0_247, v0x558e5355bbc0_248, v0x558e5355bbc0_249, v0x558e5355bbc0_250;
v0x558e5355bbc0_251 .array/port v0x558e5355bbc0, 251;
v0x558e5355bbc0_252 .array/port v0x558e5355bbc0, 252;
v0x558e5355bbc0_253 .array/port v0x558e5355bbc0, 253;
v0x558e5355bbc0_254 .array/port v0x558e5355bbc0, 254;
E_0x558e53540dc0/63 .event edge, v0x558e5355bbc0_251, v0x558e5355bbc0_252, v0x558e5355bbc0_253, v0x558e5355bbc0_254;
v0x558e5355bbc0_255 .array/port v0x558e5355bbc0, 255;
v0x558e5355bbc0_256 .array/port v0x558e5355bbc0, 256;
v0x558e5355bbc0_257 .array/port v0x558e5355bbc0, 257;
v0x558e5355bbc0_258 .array/port v0x558e5355bbc0, 258;
E_0x558e53540dc0/64 .event edge, v0x558e5355bbc0_255, v0x558e5355bbc0_256, v0x558e5355bbc0_257, v0x558e5355bbc0_258;
v0x558e5355bbc0_259 .array/port v0x558e5355bbc0, 259;
v0x558e5355bbc0_260 .array/port v0x558e5355bbc0, 260;
v0x558e5355bbc0_261 .array/port v0x558e5355bbc0, 261;
v0x558e5355bbc0_262 .array/port v0x558e5355bbc0, 262;
E_0x558e53540dc0/65 .event edge, v0x558e5355bbc0_259, v0x558e5355bbc0_260, v0x558e5355bbc0_261, v0x558e5355bbc0_262;
v0x558e5355bbc0_263 .array/port v0x558e5355bbc0, 263;
v0x558e5355bbc0_264 .array/port v0x558e5355bbc0, 264;
v0x558e5355bbc0_265 .array/port v0x558e5355bbc0, 265;
v0x558e5355bbc0_266 .array/port v0x558e5355bbc0, 266;
E_0x558e53540dc0/66 .event edge, v0x558e5355bbc0_263, v0x558e5355bbc0_264, v0x558e5355bbc0_265, v0x558e5355bbc0_266;
v0x558e5355bbc0_267 .array/port v0x558e5355bbc0, 267;
v0x558e5355bbc0_268 .array/port v0x558e5355bbc0, 268;
v0x558e5355bbc0_269 .array/port v0x558e5355bbc0, 269;
v0x558e5355bbc0_270 .array/port v0x558e5355bbc0, 270;
E_0x558e53540dc0/67 .event edge, v0x558e5355bbc0_267, v0x558e5355bbc0_268, v0x558e5355bbc0_269, v0x558e5355bbc0_270;
v0x558e5355bbc0_271 .array/port v0x558e5355bbc0, 271;
v0x558e5355bbc0_272 .array/port v0x558e5355bbc0, 272;
v0x558e5355bbc0_273 .array/port v0x558e5355bbc0, 273;
v0x558e5355bbc0_274 .array/port v0x558e5355bbc0, 274;
E_0x558e53540dc0/68 .event edge, v0x558e5355bbc0_271, v0x558e5355bbc0_272, v0x558e5355bbc0_273, v0x558e5355bbc0_274;
v0x558e5355bbc0_275 .array/port v0x558e5355bbc0, 275;
v0x558e5355bbc0_276 .array/port v0x558e5355bbc0, 276;
v0x558e5355bbc0_277 .array/port v0x558e5355bbc0, 277;
v0x558e5355bbc0_278 .array/port v0x558e5355bbc0, 278;
E_0x558e53540dc0/69 .event edge, v0x558e5355bbc0_275, v0x558e5355bbc0_276, v0x558e5355bbc0_277, v0x558e5355bbc0_278;
v0x558e5355bbc0_279 .array/port v0x558e5355bbc0, 279;
v0x558e5355bbc0_280 .array/port v0x558e5355bbc0, 280;
v0x558e5355bbc0_281 .array/port v0x558e5355bbc0, 281;
v0x558e5355bbc0_282 .array/port v0x558e5355bbc0, 282;
E_0x558e53540dc0/70 .event edge, v0x558e5355bbc0_279, v0x558e5355bbc0_280, v0x558e5355bbc0_281, v0x558e5355bbc0_282;
v0x558e5355bbc0_283 .array/port v0x558e5355bbc0, 283;
v0x558e5355bbc0_284 .array/port v0x558e5355bbc0, 284;
v0x558e5355bbc0_285 .array/port v0x558e5355bbc0, 285;
v0x558e5355bbc0_286 .array/port v0x558e5355bbc0, 286;
E_0x558e53540dc0/71 .event edge, v0x558e5355bbc0_283, v0x558e5355bbc0_284, v0x558e5355bbc0_285, v0x558e5355bbc0_286;
v0x558e5355bbc0_287 .array/port v0x558e5355bbc0, 287;
v0x558e5355bbc0_288 .array/port v0x558e5355bbc0, 288;
v0x558e5355bbc0_289 .array/port v0x558e5355bbc0, 289;
v0x558e5355bbc0_290 .array/port v0x558e5355bbc0, 290;
E_0x558e53540dc0/72 .event edge, v0x558e5355bbc0_287, v0x558e5355bbc0_288, v0x558e5355bbc0_289, v0x558e5355bbc0_290;
v0x558e5355bbc0_291 .array/port v0x558e5355bbc0, 291;
v0x558e5355bbc0_292 .array/port v0x558e5355bbc0, 292;
v0x558e5355bbc0_293 .array/port v0x558e5355bbc0, 293;
v0x558e5355bbc0_294 .array/port v0x558e5355bbc0, 294;
E_0x558e53540dc0/73 .event edge, v0x558e5355bbc0_291, v0x558e5355bbc0_292, v0x558e5355bbc0_293, v0x558e5355bbc0_294;
v0x558e5355bbc0_295 .array/port v0x558e5355bbc0, 295;
v0x558e5355bbc0_296 .array/port v0x558e5355bbc0, 296;
v0x558e5355bbc0_297 .array/port v0x558e5355bbc0, 297;
v0x558e5355bbc0_298 .array/port v0x558e5355bbc0, 298;
E_0x558e53540dc0/74 .event edge, v0x558e5355bbc0_295, v0x558e5355bbc0_296, v0x558e5355bbc0_297, v0x558e5355bbc0_298;
v0x558e5355bbc0_299 .array/port v0x558e5355bbc0, 299;
v0x558e5355bbc0_300 .array/port v0x558e5355bbc0, 300;
v0x558e5355bbc0_301 .array/port v0x558e5355bbc0, 301;
v0x558e5355bbc0_302 .array/port v0x558e5355bbc0, 302;
E_0x558e53540dc0/75 .event edge, v0x558e5355bbc0_299, v0x558e5355bbc0_300, v0x558e5355bbc0_301, v0x558e5355bbc0_302;
v0x558e5355bbc0_303 .array/port v0x558e5355bbc0, 303;
v0x558e5355bbc0_304 .array/port v0x558e5355bbc0, 304;
v0x558e5355bbc0_305 .array/port v0x558e5355bbc0, 305;
v0x558e5355bbc0_306 .array/port v0x558e5355bbc0, 306;
E_0x558e53540dc0/76 .event edge, v0x558e5355bbc0_303, v0x558e5355bbc0_304, v0x558e5355bbc0_305, v0x558e5355bbc0_306;
v0x558e5355bbc0_307 .array/port v0x558e5355bbc0, 307;
v0x558e5355bbc0_308 .array/port v0x558e5355bbc0, 308;
v0x558e5355bbc0_309 .array/port v0x558e5355bbc0, 309;
v0x558e5355bbc0_310 .array/port v0x558e5355bbc0, 310;
E_0x558e53540dc0/77 .event edge, v0x558e5355bbc0_307, v0x558e5355bbc0_308, v0x558e5355bbc0_309, v0x558e5355bbc0_310;
v0x558e5355bbc0_311 .array/port v0x558e5355bbc0, 311;
v0x558e5355bbc0_312 .array/port v0x558e5355bbc0, 312;
v0x558e5355bbc0_313 .array/port v0x558e5355bbc0, 313;
v0x558e5355bbc0_314 .array/port v0x558e5355bbc0, 314;
E_0x558e53540dc0/78 .event edge, v0x558e5355bbc0_311, v0x558e5355bbc0_312, v0x558e5355bbc0_313, v0x558e5355bbc0_314;
v0x558e5355bbc0_315 .array/port v0x558e5355bbc0, 315;
v0x558e5355bbc0_316 .array/port v0x558e5355bbc0, 316;
v0x558e5355bbc0_317 .array/port v0x558e5355bbc0, 317;
v0x558e5355bbc0_318 .array/port v0x558e5355bbc0, 318;
E_0x558e53540dc0/79 .event edge, v0x558e5355bbc0_315, v0x558e5355bbc0_316, v0x558e5355bbc0_317, v0x558e5355bbc0_318;
v0x558e5355bbc0_319 .array/port v0x558e5355bbc0, 319;
v0x558e5355bbc0_320 .array/port v0x558e5355bbc0, 320;
v0x558e5355bbc0_321 .array/port v0x558e5355bbc0, 321;
v0x558e5355bbc0_322 .array/port v0x558e5355bbc0, 322;
E_0x558e53540dc0/80 .event edge, v0x558e5355bbc0_319, v0x558e5355bbc0_320, v0x558e5355bbc0_321, v0x558e5355bbc0_322;
v0x558e5355bbc0_323 .array/port v0x558e5355bbc0, 323;
v0x558e5355bbc0_324 .array/port v0x558e5355bbc0, 324;
v0x558e5355bbc0_325 .array/port v0x558e5355bbc0, 325;
v0x558e5355bbc0_326 .array/port v0x558e5355bbc0, 326;
E_0x558e53540dc0/81 .event edge, v0x558e5355bbc0_323, v0x558e5355bbc0_324, v0x558e5355bbc0_325, v0x558e5355bbc0_326;
v0x558e5355bbc0_327 .array/port v0x558e5355bbc0, 327;
v0x558e5355bbc0_328 .array/port v0x558e5355bbc0, 328;
v0x558e5355bbc0_329 .array/port v0x558e5355bbc0, 329;
v0x558e5355bbc0_330 .array/port v0x558e5355bbc0, 330;
E_0x558e53540dc0/82 .event edge, v0x558e5355bbc0_327, v0x558e5355bbc0_328, v0x558e5355bbc0_329, v0x558e5355bbc0_330;
v0x558e5355bbc0_331 .array/port v0x558e5355bbc0, 331;
v0x558e5355bbc0_332 .array/port v0x558e5355bbc0, 332;
v0x558e5355bbc0_333 .array/port v0x558e5355bbc0, 333;
v0x558e5355bbc0_334 .array/port v0x558e5355bbc0, 334;
E_0x558e53540dc0/83 .event edge, v0x558e5355bbc0_331, v0x558e5355bbc0_332, v0x558e5355bbc0_333, v0x558e5355bbc0_334;
v0x558e5355bbc0_335 .array/port v0x558e5355bbc0, 335;
v0x558e5355bbc0_336 .array/port v0x558e5355bbc0, 336;
v0x558e5355bbc0_337 .array/port v0x558e5355bbc0, 337;
v0x558e5355bbc0_338 .array/port v0x558e5355bbc0, 338;
E_0x558e53540dc0/84 .event edge, v0x558e5355bbc0_335, v0x558e5355bbc0_336, v0x558e5355bbc0_337, v0x558e5355bbc0_338;
v0x558e5355bbc0_339 .array/port v0x558e5355bbc0, 339;
v0x558e5355bbc0_340 .array/port v0x558e5355bbc0, 340;
v0x558e5355bbc0_341 .array/port v0x558e5355bbc0, 341;
v0x558e5355bbc0_342 .array/port v0x558e5355bbc0, 342;
E_0x558e53540dc0/85 .event edge, v0x558e5355bbc0_339, v0x558e5355bbc0_340, v0x558e5355bbc0_341, v0x558e5355bbc0_342;
v0x558e5355bbc0_343 .array/port v0x558e5355bbc0, 343;
v0x558e5355bbc0_344 .array/port v0x558e5355bbc0, 344;
v0x558e5355bbc0_345 .array/port v0x558e5355bbc0, 345;
v0x558e5355bbc0_346 .array/port v0x558e5355bbc0, 346;
E_0x558e53540dc0/86 .event edge, v0x558e5355bbc0_343, v0x558e5355bbc0_344, v0x558e5355bbc0_345, v0x558e5355bbc0_346;
v0x558e5355bbc0_347 .array/port v0x558e5355bbc0, 347;
v0x558e5355bbc0_348 .array/port v0x558e5355bbc0, 348;
v0x558e5355bbc0_349 .array/port v0x558e5355bbc0, 349;
v0x558e5355bbc0_350 .array/port v0x558e5355bbc0, 350;
E_0x558e53540dc0/87 .event edge, v0x558e5355bbc0_347, v0x558e5355bbc0_348, v0x558e5355bbc0_349, v0x558e5355bbc0_350;
v0x558e5355bbc0_351 .array/port v0x558e5355bbc0, 351;
v0x558e5355bbc0_352 .array/port v0x558e5355bbc0, 352;
v0x558e5355bbc0_353 .array/port v0x558e5355bbc0, 353;
v0x558e5355bbc0_354 .array/port v0x558e5355bbc0, 354;
E_0x558e53540dc0/88 .event edge, v0x558e5355bbc0_351, v0x558e5355bbc0_352, v0x558e5355bbc0_353, v0x558e5355bbc0_354;
v0x558e5355bbc0_355 .array/port v0x558e5355bbc0, 355;
v0x558e5355bbc0_356 .array/port v0x558e5355bbc0, 356;
v0x558e5355bbc0_357 .array/port v0x558e5355bbc0, 357;
v0x558e5355bbc0_358 .array/port v0x558e5355bbc0, 358;
E_0x558e53540dc0/89 .event edge, v0x558e5355bbc0_355, v0x558e5355bbc0_356, v0x558e5355bbc0_357, v0x558e5355bbc0_358;
v0x558e5355bbc0_359 .array/port v0x558e5355bbc0, 359;
v0x558e5355bbc0_360 .array/port v0x558e5355bbc0, 360;
v0x558e5355bbc0_361 .array/port v0x558e5355bbc0, 361;
v0x558e5355bbc0_362 .array/port v0x558e5355bbc0, 362;
E_0x558e53540dc0/90 .event edge, v0x558e5355bbc0_359, v0x558e5355bbc0_360, v0x558e5355bbc0_361, v0x558e5355bbc0_362;
v0x558e5355bbc0_363 .array/port v0x558e5355bbc0, 363;
v0x558e5355bbc0_364 .array/port v0x558e5355bbc0, 364;
v0x558e5355bbc0_365 .array/port v0x558e5355bbc0, 365;
v0x558e5355bbc0_366 .array/port v0x558e5355bbc0, 366;
E_0x558e53540dc0/91 .event edge, v0x558e5355bbc0_363, v0x558e5355bbc0_364, v0x558e5355bbc0_365, v0x558e5355bbc0_366;
v0x558e5355bbc0_367 .array/port v0x558e5355bbc0, 367;
v0x558e5355bbc0_368 .array/port v0x558e5355bbc0, 368;
v0x558e5355bbc0_369 .array/port v0x558e5355bbc0, 369;
v0x558e5355bbc0_370 .array/port v0x558e5355bbc0, 370;
E_0x558e53540dc0/92 .event edge, v0x558e5355bbc0_367, v0x558e5355bbc0_368, v0x558e5355bbc0_369, v0x558e5355bbc0_370;
v0x558e5355bbc0_371 .array/port v0x558e5355bbc0, 371;
v0x558e5355bbc0_372 .array/port v0x558e5355bbc0, 372;
v0x558e5355bbc0_373 .array/port v0x558e5355bbc0, 373;
v0x558e5355bbc0_374 .array/port v0x558e5355bbc0, 374;
E_0x558e53540dc0/93 .event edge, v0x558e5355bbc0_371, v0x558e5355bbc0_372, v0x558e5355bbc0_373, v0x558e5355bbc0_374;
v0x558e5355bbc0_375 .array/port v0x558e5355bbc0, 375;
v0x558e5355bbc0_376 .array/port v0x558e5355bbc0, 376;
v0x558e5355bbc0_377 .array/port v0x558e5355bbc0, 377;
v0x558e5355bbc0_378 .array/port v0x558e5355bbc0, 378;
E_0x558e53540dc0/94 .event edge, v0x558e5355bbc0_375, v0x558e5355bbc0_376, v0x558e5355bbc0_377, v0x558e5355bbc0_378;
v0x558e5355bbc0_379 .array/port v0x558e5355bbc0, 379;
v0x558e5355bbc0_380 .array/port v0x558e5355bbc0, 380;
v0x558e5355bbc0_381 .array/port v0x558e5355bbc0, 381;
v0x558e5355bbc0_382 .array/port v0x558e5355bbc0, 382;
E_0x558e53540dc0/95 .event edge, v0x558e5355bbc0_379, v0x558e5355bbc0_380, v0x558e5355bbc0_381, v0x558e5355bbc0_382;
v0x558e5355bbc0_383 .array/port v0x558e5355bbc0, 383;
v0x558e5355bbc0_384 .array/port v0x558e5355bbc0, 384;
v0x558e5355bbc0_385 .array/port v0x558e5355bbc0, 385;
v0x558e5355bbc0_386 .array/port v0x558e5355bbc0, 386;
E_0x558e53540dc0/96 .event edge, v0x558e5355bbc0_383, v0x558e5355bbc0_384, v0x558e5355bbc0_385, v0x558e5355bbc0_386;
v0x558e5355bbc0_387 .array/port v0x558e5355bbc0, 387;
v0x558e5355bbc0_388 .array/port v0x558e5355bbc0, 388;
v0x558e5355bbc0_389 .array/port v0x558e5355bbc0, 389;
v0x558e5355bbc0_390 .array/port v0x558e5355bbc0, 390;
E_0x558e53540dc0/97 .event edge, v0x558e5355bbc0_387, v0x558e5355bbc0_388, v0x558e5355bbc0_389, v0x558e5355bbc0_390;
v0x558e5355bbc0_391 .array/port v0x558e5355bbc0, 391;
v0x558e5355bbc0_392 .array/port v0x558e5355bbc0, 392;
v0x558e5355bbc0_393 .array/port v0x558e5355bbc0, 393;
v0x558e5355bbc0_394 .array/port v0x558e5355bbc0, 394;
E_0x558e53540dc0/98 .event edge, v0x558e5355bbc0_391, v0x558e5355bbc0_392, v0x558e5355bbc0_393, v0x558e5355bbc0_394;
v0x558e5355bbc0_395 .array/port v0x558e5355bbc0, 395;
v0x558e5355bbc0_396 .array/port v0x558e5355bbc0, 396;
v0x558e5355bbc0_397 .array/port v0x558e5355bbc0, 397;
v0x558e5355bbc0_398 .array/port v0x558e5355bbc0, 398;
E_0x558e53540dc0/99 .event edge, v0x558e5355bbc0_395, v0x558e5355bbc0_396, v0x558e5355bbc0_397, v0x558e5355bbc0_398;
v0x558e5355bbc0_399 .array/port v0x558e5355bbc0, 399;
E_0x558e53540dc0/100 .event edge, v0x558e5355bbc0_399;
E_0x558e53540dc0 .event/or E_0x558e53540dc0/0, E_0x558e53540dc0/1, E_0x558e53540dc0/2, E_0x558e53540dc0/3, E_0x558e53540dc0/4, E_0x558e53540dc0/5, E_0x558e53540dc0/6, E_0x558e53540dc0/7, E_0x558e53540dc0/8, E_0x558e53540dc0/9, E_0x558e53540dc0/10, E_0x558e53540dc0/11, E_0x558e53540dc0/12, E_0x558e53540dc0/13, E_0x558e53540dc0/14, E_0x558e53540dc0/15, E_0x558e53540dc0/16, E_0x558e53540dc0/17, E_0x558e53540dc0/18, E_0x558e53540dc0/19, E_0x558e53540dc0/20, E_0x558e53540dc0/21, E_0x558e53540dc0/22, E_0x558e53540dc0/23, E_0x558e53540dc0/24, E_0x558e53540dc0/25, E_0x558e53540dc0/26, E_0x558e53540dc0/27, E_0x558e53540dc0/28, E_0x558e53540dc0/29, E_0x558e53540dc0/30, E_0x558e53540dc0/31, E_0x558e53540dc0/32, E_0x558e53540dc0/33, E_0x558e53540dc0/34, E_0x558e53540dc0/35, E_0x558e53540dc0/36, E_0x558e53540dc0/37, E_0x558e53540dc0/38, E_0x558e53540dc0/39, E_0x558e53540dc0/40, E_0x558e53540dc0/41, E_0x558e53540dc0/42, E_0x558e53540dc0/43, E_0x558e53540dc0/44, E_0x558e53540dc0/45, E_0x558e53540dc0/46, E_0x558e53540dc0/47, E_0x558e53540dc0/48, E_0x558e53540dc0/49, E_0x558e53540dc0/50, E_0x558e53540dc0/51, E_0x558e53540dc0/52, E_0x558e53540dc0/53, E_0x558e53540dc0/54, E_0x558e53540dc0/55, E_0x558e53540dc0/56, E_0x558e53540dc0/57, E_0x558e53540dc0/58, E_0x558e53540dc0/59, E_0x558e53540dc0/60, E_0x558e53540dc0/61, E_0x558e53540dc0/62, E_0x558e53540dc0/63, E_0x558e53540dc0/64, E_0x558e53540dc0/65, E_0x558e53540dc0/66, E_0x558e53540dc0/67, E_0x558e53540dc0/68, E_0x558e53540dc0/69, E_0x558e53540dc0/70, E_0x558e53540dc0/71, E_0x558e53540dc0/72, E_0x558e53540dc0/73, E_0x558e53540dc0/74, E_0x558e53540dc0/75, E_0x558e53540dc0/76, E_0x558e53540dc0/77, E_0x558e53540dc0/78, E_0x558e53540dc0/79, E_0x558e53540dc0/80, E_0x558e53540dc0/81, E_0x558e53540dc0/82, E_0x558e53540dc0/83, E_0x558e53540dc0/84, E_0x558e53540dc0/85, E_0x558e53540dc0/86, E_0x558e53540dc0/87, E_0x558e53540dc0/88, E_0x558e53540dc0/89, E_0x558e53540dc0/90, E_0x558e53540dc0/91, E_0x558e53540dc0/92, E_0x558e53540dc0/93, E_0x558e53540dc0/94, E_0x558e53540dc0/95, E_0x558e53540dc0/96, E_0x558e53540dc0/97, E_0x558e53540dc0/98, E_0x558e53540dc0/99, E_0x558e53540dc0/100;
S_0x558e5355fd30 .scope module, "PC" "mpc" 3 102, 8 2 0, S_0x558e534ce6b0;
 .timescale -9 -9;
    .port_info 0 /INPUT 1 "clk"
    .port_info 1 /INPUT 32 "inin"
    .port_info 2 /OUTPUT 32 "inou"
v0x558e5355ffe0_0 .net "clk", 0 0, v0x558e5356ac10_0;  alias, 1 drivers
v0x558e535600c0_0 .net "inin", 31 0, v0x558e53567f20_0;  alias, 1 drivers
v0x558e535601a0_0 .var "inou", 31 0;
E_0x558e53540f60 .event posedge, v0x558e5355ffe0_0;
S_0x558e535602d0 .scope module, "Shift" "ShiftLeft" 3 178, 9 3 0, S_0x558e534ce6b0;
 .timescale -9 -9;
    .port_info 0 /INPUT 32 "ShiftIn"
    .port_info 1 /OUTPUT 32 "ShiftOut"
v0x558e535604e0_0 .net "ShiftIn", 31 0, v0x558e53560c70_0;  alias, 1 drivers
v0x558e535605e0_0 .net "ShiftOut", 31 0, L_0x558e5357b9e0;  alias, 1 drivers
v0x558e535606d0_0 .net *"_s2", 29 0, L_0x558e5357b8e0;  1 drivers
L_0x7fe44f7db060 .functor BUFT 1, C4<00>, C4<0>, C4<0>, C4<0>;
v0x558e535607a0_0 .net *"_s4", 1 0, L_0x7fe44f7db060;  1 drivers
L_0x558e5357b8e0 .part v0x558e53560c70_0, 0, 30;
L_0x558e5357b9e0 .concat [ 2 30 0 0], L_0x7fe44f7db060, L_0x558e5357b8e0;
S_0x558e535608e0 .scope module, "SignEx" "SignExtend" 3 156, 10 3 0, S_0x558e534ce6b0;
 .timescale -9 -9;
    .port_info 0 /INPUT 16 "SignIn"
    .port_info 1 /OUTPUT 32 "SignOut"
v0x558e53560b70_0 .net "SignIn", 15 0, L_0x558e5357b670;  1 drivers
v0x558e53560c70_0 .var "SignOut", 31 0;
E_0x558e53560af0 .event edge, v0x558e53560b70_0;
S_0x558e53560da0 .scope module, "UC" "Unidad" 3 127, 11 2 0, S_0x558e534ce6b0;
 .timescale -9 -9;
    .port_info 0 /INPUT 6 "op"
    .port_info 1 /OUTPUT 1 "regdst"
    .port_info 2 /OUTPUT 1 "branch"
    .port_info 3 /OUTPUT 1 "memread"
    .port_info 4 /OUTPUT 1 "memreg"
    .port_info 5 /OUTPUT 1 "memwrite"
    .port_info 6 /OUTPUT 1 "alusrc"
    .port_info 7 /OUTPUT 1 "regwrite"
    .port_info 8 /OUTPUT 3 "alop"
v0x558e53561100_0 .var "alop", 2 0;
v0x558e53561210_0 .var "alusrc", 0 0;
v0x558e535612b0_0 .var "branch", 0 0;
v0x558e53561380_0 .var "memread", 0 0;
v0x558e53561440_0 .var "memreg", 0 0;
v0x558e53561550_0 .var "memwrite", 0 0;
v0x558e53561610_0 .net "op", 5 0, L_0x558e5357b2c0;  1 drivers
v0x558e535616f0_0 .var "regdst", 0 0;
v0x558e535617b0_0 .var "regwrite", 0 0;
E_0x558e535610a0 .event edge, v0x558e53561610_0;
S_0x558e53561950 .scope module, "alu" "ALU1" 3 189, 12 3 0, S_0x558e534ce6b0;
 .timescale -9 -9;
    .port_info 0 /INPUT 32 "op1"
    .port_info 1 /INPUT 32 "op2"
    .port_info 2 /INPUT 3 "sel"
    .port_info 3 /OUTPUT 32 "Result"
    .port_info 4 /OUTPUT 1 "zflag"
v0x558e53561c10_0 .var "Result", 31 0;
v0x558e53561d10_0 .net "op1", 31 0, v0x558e5355a6f0_0;  alias, 1 drivers
v0x558e53561e00_0 .net "op2", 31 0, v0x558e535661d0_0;  alias, 1 drivers
v0x558e53561ed0_0 .net "sel", 2 0, v0x558e53559b80_0;  alias, 1 drivers
v0x558e53561fc0_0 .var "zflag", 0 0;
E_0x558e53561b80 .event edge, v0x558e53559b80_0, v0x558e5355a6f0_0, v0x558e53561e00_0, v0x558e53561c10_0;
S_0x558e53562100 .scope module, "bufer1" "Bufer_IF_ID" 3 119, 13 3 0, S_0x558e534ce6b0;
 .timescale -9 -9;
    .port_info 0 /INPUT 32 "Adder"
    .port_info 1 /INPUT 32 "instmem"
    .port_info 2 /INPUT 1 "clk"
    .port_info 3 /OUTPUT 32 "AdderOut"
    .port_info 4 /OUTPUT 32 "instmemOut"
v0x558e53562350_0 .net "Adder", 31 0, L_0x558e5357b120;  alias, 1 drivers
v0x558e53562460_0 .var "AdderOut", 31 0;
v0x558e53562520_0 .net "clk", 0 0, v0x558e5356ac10_0;  alias, 1 drivers
v0x558e53562620_0 .net "instmem", 31 0, v0x558e5355fc10_0;  alias, 1 drivers
v0x558e535626f0_0 .var "instmemOut", 31 0;
S_0x558e53562880 .scope module, "bufer2" "Bufer_ID_EX" 3 162, 14 3 0, S_0x558e534ce6b0;
 .timescale -9 -9;
    .port_info 0 /INPUT 32 "Adder"
    .port_info 1 /INPUT 32 "InDatoLec1"
    .port_info 2 /INPUT 32 "InDatoLec2"
    .port_info 3 /INPUT 32 "InSignExtend"
    .port_info 4 /INPUT 5 "InInstruc1"
    .port_info 5 /INPUT 5 "InInstruct2"
    .port_info 6 /INPUT 1 "clk"
    .port_info 7 /OUTPUT 32 "AdderOut"
    .port_info 8 /OUTPUT 32 "DatoLecOut1"
    .port_info 9 /OUTPUT 32 "DatoLecOut2"
    .port_info 10 /OUTPUT 32 "SignExtendOut"
    .port_info 11 /OUTPUT 5 "InstrctOut1"
    .port_info 12 /OUTPUT 5 "InstructOut2"
v0x558e53562c00_0 .net "Adder", 31 0, v0x558e53562460_0;  alias, 1 drivers
v0x558e53562ce0_0 .var "AdderOut", 31 0;
v0x558e53562da0_0 .var "DatoLecOut1", 31 0;
v0x558e53562e90_0 .var "DatoLecOut2", 31 0;
v0x558e53562f70_0 .net "InDatoLec1", 31 0, v0x558e5355a6f0_0;  alias, 1 drivers
v0x558e535630d0_0 .net "InDatoLec2", 31 0, v0x558e5355a7b0_0;  alias, 1 drivers
v0x558e53563190_0 .net "InInstruc1", 4 0, L_0x558e5357b750;  1 drivers
v0x558e53563250_0 .net "InInstruct2", 4 0, L_0x558e5357b7f0;  1 drivers
v0x558e53563330_0 .net "InSignExtend", 31 0, v0x558e53560c70_0;  alias, 1 drivers
v0x558e53563480_0 .var "InstrctOut1", 4 0;
v0x558e53563560_0 .var "InstructOut2", 4 0;
v0x558e53563640_0 .var "SignExtendOut", 31 0;
v0x558e53563720_0 .net "clk", 0 0, v0x558e5356ac10_0;  alias, 1 drivers
S_0x558e53563a20 .scope module, "bufer3" "Bufer_EX_MEM" 3 219, 15 3 0, S_0x558e534ce6b0;
 .timescale -9 -9;
    .port_info 0 /INPUT 32 "InAddRes"
    .port_info 1 /INPUT 1 "InZeroFlag"
    .port_info 2 /INPUT 32 "InAluRes"
    .port_info 3 /INPUT 32 "InDatoLec2"
    .port_info 4 /INPUT 5 "InMuxD"
    .port_info 5 /INPUT 1 "clk"
    .port_info 6 /OUTPUT 32 "AddResOut"
    .port_info 7 /OUTPUT 1 "ZeroFlagOut"
    .port_info 8 /OUTPUT 32 "AluResOut1"
    .port_info 9 /OUTPUT 32 "DatoLec2"
    .port_info 10 /OUTPUT 5 "MuxDOut"
v0x558e53563bf0_0 .var "AddResOut", 31 0;
v0x558e53563cf0_0 .var "AluResOut1", 31 0;
v0x558e53563dd0_0 .var "DatoLec2", 31 0;
v0x558e53563e90_0 .net "InAddRes", 31 0, L_0x558e5357bb20;  alias, 1 drivers
v0x558e53563f50_0 .net "InAluRes", 31 0, v0x558e53561c10_0;  alias, 1 drivers
v0x558e53564040_0 .net "InDatoLec2", 31 0, v0x558e5355a7b0_0;  alias, 1 drivers
v0x558e53564130_0 .net "InMuxD", 4 0, v0x558e53567840_0;  alias, 1 drivers
v0x558e53564210_0 .net "InZeroFlag", 0 0, v0x558e53561fc0_0;  alias, 1 drivers
v0x558e535642b0_0 .var "MuxDOut", 4 0;
v0x558e535643e0_0 .var "ZeroFlagOut", 0 0;
v0x558e53564480_0 .net "clk", 0 0, v0x558e5356ac10_0;  alias, 1 drivers
S_0x558e53564680 .scope module, "bufer4" "Bufer_MEM_WB" 3 245, 16 3 0, S_0x558e534ce6b0;
 .timescale -9 -9;
    .port_info 0 /INPUT 32 "InDataOut"
    .port_info 1 /INPUT 32 "InAluRes"
    .port_info 2 /INPUT 1 "InMuxD"
    .port_info 3 /INPUT 1 "clk"
    .port_info 4 /OUTPUT 32 "DataOut_Out"
    .port_info 5 /OUTPUT 32 "AluResOut2"
    .port_info 6 /OUTPUT 1 "MuxD_Out"
v0x558e535648f0_0 .var "AluResOut2", 31 0;
v0x558e535649f0_0 .var "DataOut_Out", 31 0;
v0x558e53564ad0_0 .net "InAluRes", 31 0, v0x558e53561c10_0;  alias, 1 drivers
v0x558e53564bf0_0 .net "InDataOut", 31 0, v0x558e535669e0_0;  alias, 1 drivers
v0x558e53564cd0_0 .net "InMuxD", 0 0, v0x558e53564de0_0;  alias, 1 drivers
v0x558e53564de0_0 .var "MuxD_Out", 0 0;
v0x558e53564e80_0 .net "clk", 0 0, v0x558e5356ac10_0;  alias, 1 drivers
S_0x558e535650b0 .scope module, "ins6" "mux32" 3 257, 17 2 0, S_0x558e534ce6b0;
 .timescale -9 -9;
    .port_info 0 /INPUT 32 "o1"
    .port_info 1 /INPUT 32 "o2"
    .port_info 2 /INPUT 1 "sell"
    .port_info 3 /OUTPUT 32 "sal"
v0x558e53565270_0 .net "o1", 31 0, v0x558e535669e0_0;  alias, 1 drivers
v0x558e53565380_0 .net "o2", 31 0, v0x558e53561c10_0;  alias, 1 drivers
v0x558e53565420_0 .var "sal", 31 0;
v0x558e53565520_0 .net "sell", 0 0, v0x558e53561440_0;  alias, 1 drivers
E_0x558e53564800 .event edge, v0x558e53561440_0, v0x558e53564bf0_0, v0x558e53561c10_0;
S_0x558e53565660 .scope module, "ins7" "mux5" 3 149, 18 2 0, S_0x558e534ce6b0;
 .timescale -9 -9;
    .port_info 0 /INPUT 5 "o3"
    .port_info 1 /INPUT 5 "o4"
    .port_info 2 /INPUT 1 "selec"
    .port_info 3 /OUTPUT 5 "sal2"
v0x558e53565920_0 .net "o3", 4 0, L_0x558e5357b530;  1 drivers
v0x558e53565a20_0 .net "o4", 4 0, L_0x558e5357b5d0;  1 drivers
v0x558e53565b00_0 .var "sal2", 4 0;
v0x558e53565bf0_0 .net "selec", 0 0, v0x558e535616f0_0;  alias, 1 drivers
E_0x558e535658a0 .event edge, v0x558e535616f0_0, v0x558e53565920_0, v0x558e53565a20_0;
S_0x558e53565d50 .scope module, "ins9" "MUX323" 3 204, 19 3 0, S_0x558e534ce6b0;
 .timescale -9 -9;
    .port_info 0 /INPUT 32 "o5"
    .port_info 1 /INPUT 32 "o6"
    .port_info 2 /INPUT 1 "select3"
    .port_info 3 /OUTPUT 32 "sal3"
v0x558e53566010_0 .net "o5", 31 0, v0x558e5355a7b0_0;  alias, 1 drivers
o0x7fe44f82aa08 .functor BUFZ 32, C4<zzzzzzzzzzzzzzzzzzzzzzzzzzzzzzzz>; HiZ drive
v0x558e535660f0_0 .net "o6", 31 0, o0x7fe44f82aa08;  0 drivers
v0x558e535661d0_0 .var "sal3", 31 0;
v0x558e535662d0_0 .net "select3", 0 0, v0x558e53561210_0;  alias, 1 drivers
E_0x558e53565f90 .event edge, v0x558e53561210_0, v0x558e5355a7b0_0, v0x558e535660f0_0;
S_0x558e53566410 .scope module, "memoria" "Mem" 3 235, 20 2 0, S_0x558e534ce6b0;
 .timescale -9 -9;
    .port_info 0 /INPUT 32 "dir"
    .port_info 1 /INPUT 32 "datain"
    .port_info 2 /INPUT 1 "memwrites"
    .port_info 3 /INPUT 1 "memreads"
    .port_info 4 /OUTPUT 32 "dataout"
v0x558e53566900_0 .net "datain", 31 0, v0x558e5355a7b0_0;  alias, 1 drivers
v0x558e535669e0_0 .var "dataout", 31 0;
v0x558e53566aa0_0 .net "dir", 31 0, v0x558e53561c10_0;  alias, 1 drivers
v0x558e53566bd0 .array "mem", 31 0, 31 0;
v0x558e535671a0_0 .net "memreads", 0 0, v0x558e53561380_0;  alias, 1 drivers
v0x558e53567240_0 .net "memwrites", 0 0, v0x558e53561550_0;  alias, 1 drivers
E_0x558e53566770/0 .event edge, v0x558e53561550_0, v0x558e5355a7b0_0, v0x558e53561c10_0, v0x558e53561380_0;
v0x558e53566bd0_0 .array/port v0x558e53566bd0, 0;
v0x558e53566bd0_1 .array/port v0x558e53566bd0, 1;
v0x558e53566bd0_2 .array/port v0x558e53566bd0, 2;
v0x558e53566bd0_3 .array/port v0x558e53566bd0, 3;
E_0x558e53566770/1 .event edge, v0x558e53566bd0_0, v0x558e53566bd0_1, v0x558e53566bd0_2, v0x558e53566bd0_3;
v0x558e53566bd0_4 .array/port v0x558e53566bd0, 4;
v0x558e53566bd0_5 .array/port v0x558e53566bd0, 5;
v0x558e53566bd0_6 .array/port v0x558e53566bd0, 6;
v0x558e53566bd0_7 .array/port v0x558e53566bd0, 7;
E_0x558e53566770/2 .event edge, v0x558e53566bd0_4, v0x558e53566bd0_5, v0x558e53566bd0_6, v0x558e53566bd0_7;
v0x558e53566bd0_8 .array/port v0x558e53566bd0, 8;
v0x558e53566bd0_9 .array/port v0x558e53566bd0, 9;
v0x558e53566bd0_10 .array/port v0x558e53566bd0, 10;
v0x558e53566bd0_11 .array/port v0x558e53566bd0, 11;
E_0x558e53566770/3 .event edge, v0x558e53566bd0_8, v0x558e53566bd0_9, v0x558e53566bd0_10, v0x558e53566bd0_11;
v0x558e53566bd0_12 .array/port v0x558e53566bd0, 12;
v0x558e53566bd0_13 .array/port v0x558e53566bd0, 13;
v0x558e53566bd0_14 .array/port v0x558e53566bd0, 14;
v0x558e53566bd0_15 .array/port v0x558e53566bd0, 15;
E_0x558e53566770/4 .event edge, v0x558e53566bd0_12, v0x558e53566bd0_13, v0x558e53566bd0_14, v0x558e53566bd0_15;
v0x558e53566bd0_16 .array/port v0x558e53566bd0, 16;
v0x558e53566bd0_17 .array/port v0x558e53566bd0, 17;
v0x558e53566bd0_18 .array/port v0x558e53566bd0, 18;
v0x558e53566bd0_19 .array/port v0x558e53566bd0, 19;
E_0x558e53566770/5 .event edge, v0x558e53566bd0_16, v0x558e53566bd0_17, v0x558e53566bd0_18, v0x558e53566bd0_19;
v0x558e53566bd0_20 .array/port v0x558e53566bd0, 20;
v0x558e53566bd0_21 .array/port v0x558e53566bd0, 21;
v0x558e53566bd0_22 .array/port v0x558e53566bd0, 22;
v0x558e53566bd0_23 .array/port v0x558e53566bd0, 23;
E_0x558e53566770/6 .event edge, v0x558e53566bd0_20, v0x558e53566bd0_21, v0x558e53566bd0_22, v0x558e53566bd0_23;
v0x558e53566bd0_24 .array/port v0x558e53566bd0, 24;
v0x558e53566bd0_25 .array/port v0x558e53566bd0, 25;
v0x558e53566bd0_26 .array/port v0x558e53566bd0, 26;
v0x558e53566bd0_27 .array/port v0x558e53566bd0, 27;
E_0x558e53566770/7 .event edge, v0x558e53566bd0_24, v0x558e53566bd0_25, v0x558e53566bd0_26, v0x558e53566bd0_27;
v0x558e53566bd0_28 .array/port v0x558e53566bd0, 28;
v0x558e53566bd0_29 .array/port v0x558e53566bd0, 29;
v0x558e53566bd0_30 .array/port v0x558e53566bd0, 30;
v0x558e53566bd0_31 .array/port v0x558e53566bd0, 31;
E_0x558e53566770/8 .event edge, v0x558e53566bd0_28, v0x558e53566bd0_29, v0x558e53566bd0_30, v0x558e53566bd0_31;
E_0x558e53566770 .event/or E_0x558e53566770/0, E_0x558e53566770/1, E_0x558e53566770/2, E_0x558e53566770/3, E_0x558e53566770/4, E_0x558e53566770/5, E_0x558e53566770/6, E_0x558e53566770/7, E_0x558e53566770/8;
S_0x558e535673a0 .scope module, "muxE" "Mux_E" 3 211, 21 2 0, S_0x558e534ce6b0;
 .timescale -9 -9;
    .port_info 0 /INPUT 5 "instruc1"
    .port_info 1 /INPUT 5 "instruc2"
    .port_info 2 /INPUT 1 "selec"
    .port_info 3 /OUTPUT 5 "sal2"
v0x558e53567660_0 .net "instruc1", 4 0, v0x558e53563480_0;  alias, 1 drivers
v0x558e53567770_0 .net "instruc2", 4 0, v0x558e53563560_0;  alias, 1 drivers
v0x558e53567840_0 .var "sal2", 4 0;
v0x558e53567940_0 .net "selec", 0 0, v0x558e535616f0_0;  alias, 1 drivers
E_0x558e535675e0 .event edge, v0x558e535616f0_0, v0x558e53563480_0, v0x558e53563560_0;
S_0x558e53567a70 .scope module, "muxf" "Mux_F" 3 95, 22 3 0, S_0x558e534ce6b0;
 .timescale -9 -9;
    .port_info 0 /INPUT 32 "A1"
    .port_info 1 /INPUT 32 "B1"
    .port_info 2 /INPUT 1 "sel1"
    .port_info 3 /OUTPUT 32 "C1"
v0x558e53567d30_0 .net "A1", 31 0, L_0x558e5357b120;  alias, 1 drivers
v0x558e53567e60_0 .net "B1", 31 0, v0x558e53563bf0_0;  alias, 1 drivers
v0x558e53567f20_0 .var "C1", 31 0;
v0x558e53568020_0 .net "sel1", 0 0, L_0x558e5357b1c0;  alias, 1 drivers
E_0x558e53567cb0 .event edge, v0x558e53568020_0, v0x558e5353fb40_0, v0x558e53563bf0_0;
S_0x558e53568150 .scope module, "sumador" "Sum" 3 109, 23 3 0, S_0x558e534ce6b0;
 .timescale -9 -9;
    .port_info 0 /INPUT 32 "E"
    .port_info 1 /OUTPUT 32 "Sum"
v0x558e53568380_0 .net "E", 31 0, v0x558e535601a0_0;  alias, 1 drivers
v0x558e535684b0_0 .net "Sum", 31 0, L_0x558e5357b120;  alias, 1 drivers
L_0x7fe44f7db018 .functor BUFT 1, C4<00000000000000000000000000000100>, C4<0>, C4<0>, C4<0>;
v0x558e53568570_0 .net/2u *"_s0", 31 0, L_0x7fe44f7db018;  1 drivers
L_0x558e5357b120 .arith/sum 32, v0x558e535601a0_0, L_0x7fe44f7db018;
S_0x558e534d9280 .scope module, "muxD" "muxD" 24 3;
 .timescale -9 -9;
    .port_info 0 /INPUT 32 "pc_adder"
    .port_info 1 /INPUT 32 "shift_adder"
    .port_info 2 /INPUT 1 "sel"
    .port_info 3 /OUTPUT 32 "pc_out"
o0x7fe44f82b458 .functor BUFZ 32, C4<zzzzzzzzzzzzzzzzzzzzzzzzzzzzzzzz>; HiZ drive
v0x558e5356ad30_0 .net "pc_adder", 31 0, o0x7fe44f82b458;  0 drivers
v0x558e5356ae30_0 .var "pc_out", 31 0;
o0x7fe44f82b4b8 .functor BUFZ 1, C4<z>; HiZ drive
v0x558e5356af10_0 .net "sel", 0 0, o0x7fe44f82b4b8;  0 drivers
o0x7fe44f82b4e8 .functor BUFZ 32, C4<zzzzzzzzzzzzzzzzzzzzzzzzzzzzzzzz>; HiZ drive
v0x558e5356afb0_0 .net "shift_adder", 31 0, o0x7fe44f82b4e8;  0 drivers
E_0x558e5356acb0 .event edge, v0x558e5356af10_0, v0x558e5356ad30_0, v0x558e5356afb0_0;
    .scope S_0x558e53567a70;
T_0 ;
    %wait E_0x558e53567cb0;
    %load/vec4 v0x558e53568020_0;
    %dup/vec4;
    %pushi/vec4 0, 0, 1;
    %cmp/u;
    %jmp/1 T_0.0, 6;
    %dup/vec4;
    %pushi/vec4 1, 0, 1;
    %cmp/u;
    %jmp/1 T_0.1, 6;
    %jmp T_0.2;
T_0.0 ;
    %load/vec4 v0x558e53567d30_0;
    %store/vec4 v0x558e53567f20_0, 0, 32;
    %jmp T_0.2;
T_0.1 ;
    %load/vec4 v0x558e53567e60_0;
    %store/vec4 v0x558e53567f20_0, 0, 32;
    %jmp T_0.2;
T_0.2 ;
    %pop/vec4 1;
    %jmp T_0;
    .thread T_0, $push;
    .scope S_0x558e5355fd30;
T_1 ;
    %pushi/vec4 0, 0, 32;
    %store/vec4 v0x558e535601a0_0, 0, 32;
    %end;
    .thread T_1;
    .scope S_0x558e5355fd30;
T_2 ;
    %wait E_0x558e53540f60;
    %load/vec4 v0x558e535600c0_0;
    %cmpi/ne 0, 0, 32;
    %flag_mov 8, 4;
    %jmp/0 T_2.0, 8;
    %load/vec4 v0x558e535600c0_0;
    %jmp/1 T_2.1, 8;
T_2.0 ; End of true expr.
    %pushi/vec4 0, 0, 32;
    %jmp/0 T_2.1, 8;
 ; End of false expr.
    %blend;
T_2.1;
    %store/vec4 v0x558e535601a0_0, 0, 32;
    %jmp T_2;
    .thread T_2;
    .scope S_0x558e5355ad20;
T_3 ;
    %vpi_call 7 10 "$readmemb", "TestF2_MemInst.mem", v0x558e5355bbc0 {0 0 0};
    %end;
    .thread T_3;
    .scope S_0x558e5355ad20;
T_4 ;
    %wait E_0x558e53540dc0;
    %ix/getv 4, v0x558e5355fb30_0;
    %load/vec4a v0x558e5355bbc0, 4;
    %load/vec4 v0x558e5355fb30_0;
    %pad/u 33;
    %addi 1, 0, 33;
    %ix/vec4 4;
    %load/vec4a v0x558e5355bbc0, 4;
    %concat/vec4; draw_concat_vec4
    %load/vec4 v0x558e5355fb30_0;
    %pad/u 33;
    %addi 2, 0, 33;
    %ix/vec4 4;
    %load/vec4a v0x558e5355bbc0, 4;
    %concat/vec4; draw_concat_vec4
    %load/vec4 v0x558e5355fb30_0;
    %pad/u 33;
    %addi 3, 0, 33;
    %ix/vec4 4;
    %load/vec4a v0x558e5355bbc0, 4;
    %concat/vec4; draw_concat_vec4
    %store/vec4 v0x558e5355fc10_0, 0, 32;
    %jmp T_4;
    .thread T_4, $push;
    .scope S_0x558e53562100;
T_5 ;
    %pushi/vec4 0, 0, 32;
    %store/vec4 v0x558e53562460_0, 0, 32;
    %pushi/vec4 0, 0, 32;
    %store/vec4 v0x558e535626f0_0, 0, 32;
    %end;
    .thread T_5;
    .scope S_0x558e53562100;
T_6 ;
    %wait E_0x558e53540f60;
    %load/vec4 v0x558e53562350_0;
    %store/vec4 v0x558e53562460_0, 0, 32;
    %load/vec4 v0x558e53562620_0;
    %store/vec4 v0x558e535626f0_0, 0, 32;
    %jmp T_6;
    .thread T_6;
    .scope S_0x558e53560da0;
T_7 ;
    %wait E_0x558e535610a0;
    %load/vec4 v0x558e53561610_0;
    %dup/vec4;
    %pushi/vec4 0, 0, 6;
    %cmp/u;
    %jmp/1 T_7.0, 6;
    %dup/vec4;
    %pushi/vec4 35, 0, 6;
    %cmp/u;
    %jmp/1 T_7.1, 6;
    %dup/vec4;
    %pushi/vec4 43, 0, 6;
    %cmp/u;
    %jmp/1 T_7.2, 6;
    %dup/vec4;
    %pushi/vec4 4, 0, 6;
    %cmp/u;
    %jmp/1 T_7.3, 6;
    %dup/vec4;
    %pushi/vec4 8, 0, 6;
    %cmp/u;
    %jmp/1 T_7.4, 6;
    %dup/vec4;
    %pushi/vec4 12, 0, 6;
    %cmp/u;
    %jmp/1 T_7.5, 6;
    %dup/vec4;
    %pushi/vec4 10, 0, 6;
    %cmp/u;
    %jmp/1 T_7.6, 6;
    %dup/vec4;
    %pushi/vec4 13, 0, 6;
    %cmp/u;
    %jmp/1 T_7.7, 6;
    %jmp T_7.8;
T_7.0 ;
    %pushi/vec4 1, 0, 1;
    %store/vec4 v0x558e535616f0_0, 0, 1;
    %pushi/vec4 0, 0, 1;
    %store/vec4 v0x558e535612b0_0, 0, 1;
    %pushi/vec4 0, 0, 1;
    %store/vec4 v0x558e53561380_0, 0, 1;
    %pushi/vec4 0, 0, 1;
    %store/vec4 v0x558e53561440_0, 0, 1;
    %pushi/vec4 0, 0, 1;
    %store/vec4 v0x558e53561550_0, 0, 1;
    %pushi/vec4 0, 0, 1;
    %store/vec4 v0x558e53561210_0, 0, 1;
    %pushi/vec4 1, 0, 1;
    %store/vec4 v0x558e535617b0_0, 0, 1;
    %pushi/vec4 7, 0, 3;
    %store/vec4 v0x558e53561100_0, 0, 3;
    %jmp T_7.8;
T_7.1 ;
    %pushi/vec4 0, 0, 1;
    %store/vec4 v0x558e535616f0_0, 0, 1;
    %pushi/vec4 0, 0, 1;
    %store/vec4 v0x558e535612b0_0, 0, 1;
    %pushi/vec4 1, 0, 1;
    %store/vec4 v0x558e53561380_0, 0, 1;
    %pushi/vec4 1, 0, 1;
    %store/vec4 v0x558e53561440_0, 0, 1;
    %pushi/vec4 0, 0, 1;
    %store/vec4 v0x558e53561550_0, 0, 1;
    %pushi/vec4 1, 0, 1;
    %store/vec4 v0x558e53561210_0, 0, 1;
    %pushi/vec4 1, 0, 1;
    %store/vec4 v0x558e535617b0_0, 0, 1;
    %pushi/vec4 7, 0, 3;
    %store/vec4 v0x558e53561100_0, 0, 3;
    %jmp T_7.8;
T_7.2 ;
    %pushi/vec4 1, 1, 1;
    %store/vec4 v0x558e535616f0_0, 0, 1;
    %pushi/vec4 0, 0, 1;
    %store/vec4 v0x558e535612b0_0, 0, 1;
    %pushi/vec4 0, 0, 1;
    %store/vec4 v0x558e53561380_0, 0, 1;
    %pushi/vec4 0, 0, 1;
    %store/vec4 v0x558e53561440_0, 0, 1;
    %pushi/vec4 1, 0, 1;
    %store/vec4 v0x558e53561550_0, 0, 1;
    %pushi/vec4 1, 0, 1;
    %store/vec4 v0x558e53561210_0, 0, 1;
    %pushi/vec4 0, 0, 1;
    %store/vec4 v0x558e535617b0_0, 0, 1;
    %pushi/vec4 7, 0, 3;
    %store/vec4 v0x558e53561100_0, 0, 3;
    %jmp T_7.8;
T_7.3 ;
    %pushi/vec4 1, 1, 1;
    %store/vec4 v0x558e535616f0_0, 0, 1;
    %pushi/vec4 1, 0, 1;
    %store/vec4 v0x558e535612b0_0, 0, 1;
    %pushi/vec4 0, 0, 1;
    %store/vec4 v0x558e53561380_0, 0, 1;
    %pushi/vec4 0, 0, 1;
    %store/vec4 v0x558e53561440_0, 0, 1;
    %pushi/vec4 0, 0, 1;
    %store/vec4 v0x558e53561550_0, 0, 1;
    %pushi/vec4 0, 0, 1;
    %store/vec4 v0x558e53561210_0, 0, 1;
    %pushi/vec4 0, 0, 1;
    %store/vec4 v0x558e535617b0_0, 0, 1;
    %pushi/vec4 7, 7, 3;
    %store/vec4 v0x558e53561100_0, 0, 3;
    %jmp T_7.8;
T_7.4 ;
    %pushi/vec4 0, 0, 1;
    %store/vec4 v0x558e535616f0_0, 0, 1;
    %pushi/vec4 0, 0, 1;
    %store/vec4 v0x558e535612b0_0, 0, 1;
    %pushi/vec4 0, 0, 1;
    %store/vec4 v0x558e53561380_0, 0, 1;
    %pushi/vec4 0, 0, 1;
    %store/vec4 v0x558e53561440_0, 0, 1;
    %pushi/vec4 0, 0, 1;
    %store/vec4 v0x558e53561550_0, 0, 1;
    %pushi/vec4 1, 0, 1;
    %store/vec4 v0x558e53561210_0, 0, 1;
    %pushi/vec4 1, 0, 1;
    %store/vec4 v0x558e535617b0_0, 0, 1;
    %pushi/vec4 0, 0, 3;
    %store/vec4 v0x558e53561100_0, 0, 3;
    %jmp T_7.8;
T_7.5 ;
    %pushi/vec4 0, 0, 1;
    %store/vec4 v0x558e535616f0_0, 0, 1;
    %pushi/vec4 0, 0, 1;
    %store/vec4 v0x558e535612b0_0, 0, 1;
    %pushi/vec4 0, 0, 1;
    %store/vec4 v0x558e53561380_0, 0, 1;
    %pushi/vec4 0, 0, 1;
    %store/vec4 v0x558e53561440_0, 0, 1;
    %pushi/vec4 0, 0, 1;
    %store/vec4 v0x558e53561550_0, 0, 1;
    %pushi/vec4 1, 0, 1;
    %store/vec4 v0x558e53561210_0, 0, 1;
    %pushi/vec4 1, 0, 1;
    %store/vec4 v0x558e535617b0_0, 0, 1;
    %pushi/vec4 5, 0, 3;
    %store/vec4 v0x558e53561100_0, 0, 3;
    %jmp T_7.8;
T_7.6 ;
    %pushi/vec4 0, 0, 1;
    %store/vec4 v0x558e535616f0_0, 0, 1;
    %pushi/vec4 0, 0, 1;
    %store/vec4 v0x558e535612b0_0, 0, 1;
    %pushi/vec4 0, 0, 1;
    %store/vec4 v0x558e53561380_0, 0, 1;
    %pushi/vec4 0, 0, 1;
    %store/vec4 v0x558e53561440_0, 0, 1;
    %pushi/vec4 0, 0, 1;
    %store/vec4 v0x558e53561550_0, 0, 1;
    %pushi/vec4 1, 0, 1;
    %store/vec4 v0x558e53561210_0, 0, 1;
    %pushi/vec4 1, 0, 1;
    %store/vec4 v0x558e535617b0_0, 0, 1;
    %pushi/vec4 2, 0, 3;
    %store/vec4 v0x558e53561100_0, 0, 3;
    %jmp T_7.8;
T_7.7 ;
    %pushi/vec4 0, 0, 1;
    %store/vec4 v0x558e535616f0_0, 0, 1;
    %pushi/vec4 0, 0, 1;
    %store/vec4 v0x558e535612b0_0, 0, 1;
    %pushi/vec4 0, 0, 1;
    %store/vec4 v0x558e53561380_0, 0, 1;
    %pushi/vec4 0, 0, 1;
    %store/vec4 v0x558e53561440_0, 0, 1;
    %pushi/vec4 0, 0, 1;
    %store/vec4 v0x558e53561550_0, 0, 1;
    %pushi/vec4 1, 0, 1;
    %store/vec4 v0x558e53561210_0, 0, 1;
    %pushi/vec4 1, 0, 1;
    %store/vec4 v0x558e535617b0_0, 0, 1;
    %pushi/vec4 6, 0, 3;
    %store/vec4 v0x558e53561100_0, 0, 3;
    %jmp T_7.8;
T_7.8 ;
    %pop/vec4 1;
    %jmp T_7;
    .thread T_7, $push;
    .scope S_0x558e53559da0;
T_8 ;
    %vpi_call 6 13 "$readmemb", "TestF1_Breg.mem", v0x558e5355a150 {0 0 0};
    %end;
    .thread T_8;
    .scope S_0x558e53559da0;
T_9 ;
    %wait E_0x558e534ee1e0;
    %load/vec4 v0x558e5355ab80_0;
    %pad/u 32;
    %cmpi/e 1, 0, 32;
    %jmp/0xz  T_9.0, 4;
    %load/vec4 v0x558e5355a610_0;
    %load/vec4 v0x558e5355a890_0;
    %pad/u 7;
    %ix/vec4 3;
    %ix/load 4, 0, 0; Constant delay
    %assign/vec4/a/d v0x558e5355a150, 0, 4;
T_9.0 ;
    %load/vec4 v0x558e5355a9c0_0;
    %pad/u 7;
    %ix/vec4 4;
    %load/vec4a v0x558e5355a150, 4;
    %assign/vec4 v0x558e5355a6f0_0, 0;
    %load/vec4 v0x558e5355aaa0_0;
    %pad/u 7;
    %ix/vec4 4;
    %load/vec4a v0x558e5355a150, 4;
    %assign/vec4 v0x558e5355a7b0_0, 0;
    %jmp T_9;
    .thread T_9, $push;
    .scope S_0x558e53565660;
T_10 ;
    %wait E_0x558e535658a0;
    %load/vec4 v0x558e53565bf0_0;
    %dup/vec4;
    %pushi/vec4 1, 0, 1;
    %cmp/u;
    %jmp/1 T_10.0, 6;
    %dup/vec4;
    %pushi/vec4 0, 0, 1;
    %cmp/u;
    %jmp/1 T_10.1, 6;
    %jmp T_10.2;
T_10.0 ;
    %load/vec4 v0x558e53565920_0;
    %store/vec4 v0x558e53565b00_0, 0, 5;
    %jmp T_10.2;
T_10.1 ;
    %load/vec4 v0x558e53565a20_0;
    %store/vec4 v0x558e53565b00_0, 0, 5;
    %jmp T_10.2;
T_10.2 ;
    %pop/vec4 1;
    %jmp T_10;
    .thread T_10, $push;
    .scope S_0x558e535608e0;
T_11 ;
    %wait E_0x558e53560af0;
    %load/vec4 v0x558e53560b70_0;
    %parti/s 1, 15, 5;
    %flag_set/vec4 8;
    %jmp/0xz  T_11.0, 8;
    %pushi/vec4 1, 0, 16;
    %load/vec4 v0x558e53560b70_0;
    %concat/vec4; draw_concat_vec4
    %store/vec4 v0x558e53560c70_0, 0, 32;
    %jmp T_11.1;
T_11.0 ;
    %pushi/vec4 0, 0, 16;
    %load/vec4 v0x558e53560b70_0;
    %concat/vec4; draw_concat_vec4
    %store/vec4 v0x558e53560c70_0, 0, 32;
T_11.1 ;
    %jmp T_11;
    .thread T_11, $push;
    .scope S_0x558e53562880;
T_12 ;
    %pushi/vec4 0, 0, 32;
    %store/vec4 v0x558e53562ce0_0, 0, 32;
    %pushi/vec4 0, 0, 32;
    %store/vec4 v0x558e53562da0_0, 0, 32;
    %pushi/vec4 0, 0, 32;
    %store/vec4 v0x558e53562e90_0, 0, 32;
    %pushi/vec4 0, 0, 32;
    %store/vec4 v0x558e53563640_0, 0, 32;
    %pushi/vec4 0, 0, 5;
    %store/vec4 v0x558e53563480_0, 0, 5;
    %pushi/vec4 0, 0, 5;
    %store/vec4 v0x558e53563560_0, 0, 5;
    %end;
    .thread T_12;
    .scope S_0x558e53562880;
T_13 ;
    %wait E_0x558e53540f60;
    %load/vec4 v0x558e53562c00_0;
    %store/vec4 v0x558e53562ce0_0, 0, 32;
    %load/vec4 v0x558e53562f70_0;
    %store/vec4 v0x558e53562da0_0, 0, 32;
    %load/vec4 v0x558e535630d0_0;
    %store/vec4 v0x558e53562e90_0, 0, 32;
    %load/vec4 v0x558e53563330_0;
    %store/vec4 v0x558e53563640_0, 0, 32;
    %load/vec4 v0x558e53563190_0;
    %store/vec4 v0x558e53563480_0, 0, 5;
    %load/vec4 v0x558e53563250_0;
    %store/vec4 v0x558e53563560_0, 0, 5;
    %jmp T_13;
    .thread T_13;
    .scope S_0x558e535598c0;
T_14 ;
    %wait E_0x558e534b8170;
    %load/vec4 v0x558e53559c60_0;
    %dup/vec4;
    %pushi/vec4 7, 0, 3;
    %cmp/u;
    %jmp/1 T_14.0, 6;
    %dup/vec4;
    %pushi/vec4 0, 0, 3;
    %cmp/u;
    %jmp/1 T_14.1, 6;
    %dup/vec4;
    %pushi/vec4 5, 0, 3;
    %cmp/u;
    %jmp/1 T_14.2, 6;
    %dup/vec4;
    %pushi/vec4 2, 0, 3;
    %cmp/u;
    %jmp/1 T_14.3, 6;
    %dup/vec4;
    %pushi/vec4 6, 0, 3;
    %cmp/u;
    %jmp/1 T_14.4, 6;
    %jmp T_14.5;
T_14.0 ;
    %load/vec4 v0x558e53526bf0_0;
    %dup/vec4;
    %pushi/vec4 32, 0, 6;
    %cmp/u;
    %jmp/1 T_14.6, 6;
    %dup/vec4;
    %pushi/vec4 36, 0, 6;
    %cmp/u;
    %jmp/1 T_14.7, 6;
    %dup/vec4;
    %pushi/vec4 37, 0, 6;
    %cmp/u;
    %jmp/1 T_14.8, 6;
    %dup/vec4;
    %pushi/vec4 34, 0, 6;
    %cmp/u;
    %jmp/1 T_14.9, 6;
    %dup/vec4;
    %pushi/vec4 42, 0, 6;
    %cmp/u;
    %jmp/1 T_14.10, 6;
    %jmp T_14.11;
T_14.6 ;
    %pushi/vec4 1, 0, 3;
    %store/vec4 v0x558e53559b80_0, 0, 3;
    %jmp T_14.11;
T_14.7 ;
    %pushi/vec4 7, 0, 3;
    %store/vec4 v0x558e53559b80_0, 0, 3;
    %jmp T_14.11;
T_14.8 ;
    %pushi/vec4 0, 0, 3;
    %store/vec4 v0x558e53559b80_0, 0, 3;
    %jmp T_14.11;
T_14.9 ;
    %pushi/vec4 4, 0, 3;
    %store/vec4 v0x558e53559b80_0, 0, 3;
    %jmp T_14.11;
T_14.10 ;
    %pushi/vec4 5, 0, 3;
    %store/vec4 v0x558e53559b80_0, 0, 3;
    %jmp T_14.11;
T_14.11 ;
    %pop/vec4 1;
    %jmp T_14.5;
T_14.1 ;
    %pushi/vec4 0, 0, 3;
    %store/vec4 v0x558e53559b80_0, 0, 3;
    %jmp T_14.5;
T_14.2 ;
    %pushi/vec4 5, 0, 3;
    %store/vec4 v0x558e53559b80_0, 0, 3;
    %jmp T_14.5;
T_14.3 ;
    %pushi/vec4 2, 0, 3;
    %store/vec4 v0x558e53559b80_0, 0, 3;
    %jmp T_14.5;
T_14.4 ;
    %pushi/vec4 6, 0, 3;
    %store/vec4 v0x558e53559b80_0, 0, 3;
    %jmp T_14.5;
T_14.5 ;
    %pop/vec4 1;
    %jmp T_14;
    .thread T_14, $push;
    .scope S_0x558e53561950;
T_15 ;
    %wait E_0x558e53561b80;
    %load/vec4 v0x558e53561ed0_0;
    %dup/vec4;
    %pushi/vec4 0, 0, 3;
    %cmp/u;
    %jmp/1 T_15.0, 6;
    %dup/vec4;
    %pushi/vec4 1, 0, 3;
    %cmp/u;
    %jmp/1 T_15.1, 6;
    %dup/vec4;
    %pushi/vec4 3, 0, 3;
    %cmp/u;
    %jmp/1 T_15.2, 6;
    %dup/vec4;
    %pushi/vec4 4, 0, 3;
    %cmp/u;
    %jmp/1 T_15.3, 6;
    %dup/vec4;
    %pushi/vec4 5, 0, 3;
    %cmp/u;
    %jmp/1 T_15.4, 6;
    %dup/vec4;
    %pushi/vec4 6, 0, 3;
    %cmp/u;
    %jmp/1 T_15.5, 6;
    %dup/vec4;
    %pushi/vec4 7, 0, 3;
    %cmp/u;
    %jmp/1 T_15.6, 6;
    %dup/vec4;
    %pushi/vec4 2, 0, 3;
    %cmp/u;
    %jmp/1 T_15.7, 6;
    %jmp T_15.8;
T_15.0 ;
    %load/vec4 v0x558e53561d10_0;
    %load/vec4 v0x558e53561e00_0;
    %add;
    %store/vec4 v0x558e53561c10_0, 0, 32;
    %jmp T_15.8;
T_15.1 ;
    %load/vec4 v0x558e53561d10_0;
    %load/vec4 v0x558e53561e00_0;
    %sub;
    %store/vec4 v0x558e53561c10_0, 0, 32;
    %jmp T_15.8;
T_15.2 ;
    %load/vec4 v0x558e53561d10_0;
    %load/vec4 v0x558e53561e00_0;
    %mul;
    %store/vec4 v0x558e53561c10_0, 0, 32;
    %jmp T_15.8;
T_15.3 ;
    %load/vec4 v0x558e53561d10_0;
    %load/vec4 v0x558e53561e00_0;
    %div;
    %store/vec4 v0x558e53561c10_0, 0, 32;
    %jmp T_15.8;
T_15.4 ;
    %load/vec4 v0x558e53561d10_0;
    %load/vec4 v0x558e53561e00_0;
    %and;
    %store/vec4 v0x558e53561c10_0, 0, 32;
    %jmp T_15.8;
T_15.5 ;
    %load/vec4 v0x558e53561d10_0;
    %load/vec4 v0x558e53561e00_0;
    %or;
    %store/vec4 v0x558e53561c10_0, 0, 32;
    %jmp T_15.8;
T_15.6 ;
    %load/vec4 v0x558e53561d10_0;
    %ix/load 4, 1, 0;
    %flag_set/imm 4, 0;
    %shiftl 4;
    %store/vec4 v0x558e53561c10_0, 0, 32;
    %jmp T_15.8;
T_15.7 ;
    %load/vec4 v0x558e53561d10_0;
    %load/vec4 v0x558e53561e00_0;
    %cmp/u;
    %flag_mov 8, 5;
    %jmp/0 T_15.9, 8;
    %pushi/vec4 1, 0, 32;
    %jmp/1 T_15.10, 8;
T_15.9 ; End of true expr.
    %pushi/vec4 0, 0, 32;
    %jmp/0 T_15.10, 8;
 ; End of false expr.
    %blend;
T_15.10;
    %store/vec4 v0x558e53561c10_0, 0, 32;
    %jmp T_15.8;
T_15.8 ;
    %pop/vec4 1;
    %load/vec4 v0x558e53561c10_0;
    %nor/r;
    %flag_set/vec4 8;
    %jmp/0 T_15.11, 8;
    %pushi/vec4 0, 0, 2;
    %jmp/1 T_15.12, 8;
T_15.11 ; End of true expr.
    %pushi/vec4 1, 0, 2;
    %jmp/0 T_15.12, 8;
 ; End of false expr.
    %blend;
T_15.12;
    %pad/s 1;
    %assign/vec4 v0x558e53561fc0_0, 0;
    %jmp T_15;
    .thread T_15, $push;
    .scope S_0x558e53565d50;
T_16 ;
    %wait E_0x558e53565f90;
    %load/vec4 v0x558e535662d0_0;
    %dup/vec4;
    %pushi/vec4 0, 0, 1;
    %cmp/u;
    %jmp/1 T_16.0, 6;
    %dup/vec4;
    %pushi/vec4 1, 0, 1;
    %cmp/u;
    %jmp/1 T_16.1, 6;
    %jmp T_16.2;
T_16.0 ;
    %load/vec4 v0x558e53566010_0;
    %store/vec4 v0x558e535661d0_0, 0, 32;
    %jmp T_16.2;
T_16.1 ;
    %load/vec4 v0x558e535660f0_0;
    %store/vec4 v0x558e535661d0_0, 0, 32;
    %jmp T_16.2;
T_16.2 ;
    %pop/vec4 1;
    %jmp T_16;
    .thread T_16, $push;
    .scope S_0x558e535673a0;
T_17 ;
    %wait E_0x558e535675e0;
    %load/vec4 v0x558e53567940_0;
    %dup/vec4;
    %pushi/vec4 1, 0, 1;
    %cmp/u;
    %jmp/1 T_17.0, 6;
    %dup/vec4;
    %pushi/vec4 0, 0, 1;
    %cmp/u;
    %jmp/1 T_17.1, 6;
    %jmp T_17.2;
T_17.0 ;
    %load/vec4 v0x558e53567660_0;
    %store/vec4 v0x558e53567840_0, 0, 5;
    %jmp T_17.2;
T_17.1 ;
    %load/vec4 v0x558e53567770_0;
    %store/vec4 v0x558e53567840_0, 0, 5;
    %jmp T_17.2;
T_17.2 ;
    %pop/vec4 1;
    %jmp T_17;
    .thread T_17, $push;
    .scope S_0x558e53563a20;
T_18 ;
    %pushi/vec4 0, 0, 32;
    %store/vec4 v0x558e53563bf0_0, 0, 32;
    %pushi/vec4 0, 0, 1;
    %store/vec4 v0x558e535643e0_0, 0, 1;
    %pushi/vec4 0, 0, 32;
    %store/vec4 v0x558e53563cf0_0, 0, 32;
    %pushi/vec4 0, 0, 32;
    %store/vec4 v0x558e53563dd0_0, 0, 32;
    %pushi/vec4 0, 0, 5;
    %store/vec4 v0x558e535642b0_0, 0, 5;
    %end;
    .thread T_18;
    .scope S_0x558e53563a20;
T_19 ;
    %wait E_0x558e53540f60;
    %load/vec4 v0x558e53563e90_0;
    %store/vec4 v0x558e53563bf0_0, 0, 32;
    %load/vec4 v0x558e53564210_0;
    %store/vec4 v0x558e535643e0_0, 0, 1;
    %load/vec4 v0x558e53563f50_0;
    %store/vec4 v0x558e53563cf0_0, 0, 32;
    %load/vec4 v0x558e53564040_0;
    %store/vec4 v0x558e53563dd0_0, 0, 32;
    %load/vec4 v0x558e53564130_0;
    %store/vec4 v0x558e535642b0_0, 0, 5;
    %jmp T_19;
    .thread T_19;
    .scope S_0x558e53566410;
T_20 ;
    %wait E_0x558e53566770;
    %load/vec4 v0x558e53567240_0;
    %flag_set/vec4 8;
    %jmp/0xz  T_20.0, 8;
    %load/vec4 v0x558e53566900_0;
    %ix/getv 4, v0x558e53566aa0_0;
    %store/vec4a v0x558e53566bd0, 4, 0;
    %jmp T_20.1;
T_20.0 ;
    %load/vec4 v0x558e535671a0_0;
    %flag_set/vec4 8;
    %jmp/0xz  T_20.2, 8;
    %ix/getv 4, v0x558e53566aa0_0;
    %load/vec4a v0x558e53566bd0, 4;
    %store/vec4 v0x558e535669e0_0, 0, 32;
    %jmp T_20.3;
T_20.2 ;
    %pushi/vec4 4294967295, 4294967295, 32;
    %store/vec4 v0x558e535669e0_0, 0, 32;
T_20.3 ;
T_20.1 ;
    %jmp T_20;
    .thread T_20, $push;
    .scope S_0x558e53566410;
T_21 ;
    %pushi/vec4 65, 0, 32;
    %ix/load 4, 0, 0;
    %flag_set/imm 4, 0;
    %store/vec4a v0x558e53566bd0, 4, 0;
    %pushi/vec4 110, 0, 32;
    %ix/load 4, 1, 0;
    %flag_set/imm 4, 0;
    %store/vec4a v0x558e53566bd0, 4, 0;
    %pushi/vec4 103, 0, 32;
    %ix/load 4, 2, 0;
    %flag_set/imm 4, 0;
    %store/vec4a v0x558e53566bd0, 4, 0;
    %pushi/vec4 101, 0, 32;
    %ix/load 4, 3, 0;
    %flag_set/imm 4, 0;
    %store/vec4a v0x558e53566bd0, 4, 0;
    %pushi/vec4 108, 0, 32;
    %ix/load 4, 4, 0;
    %flag_set/imm 4, 0;
    %store/vec4a v0x558e53566bd0, 4, 0;
    %pushi/vec4 32, 0, 32;
    %ix/load 4, 5, 0;
    %flag_set/imm 4, 0;
    %store/vec4a v0x558e53566bd0, 4, 0;
    %pushi/vec4 77, 0, 32;
    %ix/load 4, 6, 0;
    %flag_set/imm 4, 0;
    %store/vec4a v0x558e53566bd0, 4, 0;
    %pushi/vec4 101, 0, 32;
    %ix/load 4, 7, 0;
    %flag_set/imm 4, 0;
    %store/vec4a v0x558e53566bd0, 4, 0;
    %pushi/vec4 114, 0, 32;
    %ix/load 4, 8, 0;
    %flag_set/imm 4, 0;
    %store/vec4a v0x558e53566bd0, 4, 0;
    %pushi/vec4 99, 0, 32;
    %ix/load 4, 9, 0;
    %flag_set/imm 4, 0;
    %store/vec4a v0x558e53566bd0, 4, 0;
    %pushi/vec4 97, 0, 32;
    %ix/load 4, 10, 0;
    %flag_set/imm 4, 0;
    %store/vec4a v0x558e53566bd0, 4, 0;
    %pushi/vec4 100, 0, 32;
    %ix/load 4, 11, 0;
    %flag_set/imm 4, 0;
    %store/vec4a v0x558e53566bd0, 4, 0;
    %pushi/vec4 111, 0, 32;
    %ix/load 4, 12, 0;
    %flag_set/imm 4, 0;
    %store/vec4a v0x558e53566bd0, 4, 0;
    %delay 100, 0;
    %vpi_call 20 43 "$stop" {0 0 0};
    %end;
    .thread T_21;
    .scope S_0x558e53564680;
T_22 ;
    %pushi/vec4 0, 0, 32;
    %store/vec4 v0x558e535649f0_0, 0, 32;
    %pushi/vec4 0, 0, 32;
    %store/vec4 v0x558e535648f0_0, 0, 32;
    %pushi/vec4 0, 0, 1;
    %store/vec4 v0x558e53564de0_0, 0, 1;
    %end;
    .thread T_22;
    .scope S_0x558e53564680;
T_23 ;
    %wait E_0x558e53540f60;
    %load/vec4 v0x558e53564bf0_0;
    %store/vec4 v0x558e535649f0_0, 0, 32;
    %load/vec4 v0x558e53564ad0_0;
    %store/vec4 v0x558e535648f0_0, 0, 32;
    %load/vec4 v0x558e53564cd0_0;
    %store/vec4 v0x558e53564de0_0, 0, 1;
    %jmp T_23;
    .thread T_23;
    .scope S_0x558e535650b0;
T_24 ;
    %wait E_0x558e53564800;
    %load/vec4 v0x558e53565520_0;
    %dup/vec4;
    %pushi/vec4 1, 0, 1;
    %cmp/u;
    %jmp/1 T_24.0, 6;
    %dup/vec4;
    %pushi/vec4 0, 0, 1;
    %cmp/u;
    %jmp/1 T_24.1, 6;
    %jmp T_24.2;
T_24.0 ;
    %load/vec4 v0x558e53565270_0;
    %store/vec4 v0x558e53565420_0, 0, 32;
    %jmp T_24.2;
T_24.1 ;
    %load/vec4 v0x558e53565380_0;
    %store/vec4 v0x558e53565420_0, 0, 32;
    %jmp T_24.2;
T_24.2 ;
    %pop/vec4 1;
    %jmp T_24;
    .thread T_24, $push;
    .scope S_0x558e534d9100;
T_25 ;
    %vpi_call 2 9 "$dumpfile", "fase1_dp_tb.vcd" {0 0 0};
    %vpi_call 2 10 "$dumpvars", 32'sb00000000000000000000000000000000, S_0x558e534d9100 {0 0 0};
T_25.0 ;
    %pushi/vec4 0, 0, 1;
    %assign/vec4 v0x558e5356ac10_0, 0;
    %delay 50, 0;
    %load/vec4 v0x558e5356ac10_0;
    %inv;
    %store/vec4 v0x558e5356ac10_0, 0, 1;
    %delay 300, 0;
    %jmp T_25.0;
    %end;
    .thread T_25;
    .scope S_0x558e534d9280;
T_26 ;
    %wait E_0x558e5356acb0;
    %load/vec4 v0x558e5356af10_0;
    %dup/vec4;
    %pushi/vec4 0, 0, 1;
    %cmp/u;
    %jmp/1 T_26.0, 6;
    %dup/vec4;
    %pushi/vec4 1, 0, 1;
    %cmp/u;
    %jmp/1 T_26.1, 6;
    %jmp T_26.2;
T_26.0 ;
    %load/vec4 v0x558e5356ad30_0;
    %store/vec4 v0x558e5356ae30_0, 0, 32;
    %jmp T_26.2;
T_26.1 ;
    %load/vec4 v0x558e5356afb0_0;
    %store/vec4 v0x558e5356ae30_0, 0, 32;
    %jmp T_26.2;
T_26.2 ;
    %pop/vec4 1;
    %jmp T_26;
    .thread T_26, $push;
# The file index is used to find the file name in the following table.
:file_names 25;
    "N/A";
    "<interactive>";
    "fase1_dp_tb.v";
    "Fase1.v";
    "ADD.v";
    "Alucontrol.v";
    "Registro.v";
    "meins.v";
    "mpc.v";
    "ShiftLeft2.v";
    "SignExtend.v";
    "Unidad.v";
    "ALU1.v";
    "Bufer_IF_ID.v";
    "Bufer_ID_EX.v";
    "Bufer_EX_MEM.v";
    "Bufer_MEM_WB.v";
    "mux32.v";
    "mux5.v";
    "MUX323.v";
    "Mem.v";
    "Mux_E.v";
    "Mux_F.v";
    "Sumador.v";
    "muxD.v";
